<?xml version="1.0" encoding="UTF-8"?>
<coverage generated="1547053929397" clover="3.2.0">
  <project timestamp="1547053929397" name="All files">
    <metrics statements="3593" coveredstatements="0" conditionals="4247" coveredconditionals="0" methods="1072" coveredmethods="0" elements="8912" coveredelements="0" complexity="0" loc="3593" ncloc="3593" packages="15" files="97" classes="97">
      <package name="nasa-vue">
        <metrics statements="1" coveredstatements="0" conditionals="0" coveredconditionals="0" methods="0" coveredmethods="0"/>
        <file name="babel.config.js" path="/Users/tobinnelson/turing/projects-mod-4/nasa-vue/babel.config.js">
          <metrics statements="1" coveredstatements="0" conditionals="0" coveredconditionals="0" methods="0" coveredmethods="0"/>
          <line num="1" count="0" type="stmt"/>
        </file>
      </package>
      <package name="nasa-vue.coverage.lcov-report">
        <metrics statements="78" coveredstatements="0" conditionals="306" coveredconditionals="0" methods="46" coveredmethods="0"/>
        <file name="prettify.js" path="/Users/tobinnelson/turing/projects-mod-4/nasa-vue/coverage/lcov-report/prettify.js">
          <metrics statements="1" coveredstatements="0" conditionals="284" coveredconditionals="0" methods="29" coveredmethods="0"/>
          <line num="1" count="0" type="cond" truecount="0" falsecount="284"/>
        </file>
        <file name="sorter.js" path="/Users/tobinnelson/turing/projects-mod-4/nasa-vue/coverage/lcov-report/sorter.js">
          <metrics statements="77" coveredstatements="0" conditionals="22" coveredconditionals="0" methods="17" coveredmethods="0"/>
          <line num="1" count="0" type="stmt"/>
          <line num="4" count="0" type="stmt"/>
          <line num="10" count="0" type="stmt"/>
          <line num="12" count="0" type="stmt"/>
          <line num="14" count="0" type="stmt"/>
          <line num="16" count="0" type="stmt"/>
          <line num="20" count="0" type="stmt"/>
          <line num="22" count="0" type="stmt"/>
          <line num="26" count="0" type="stmt"/>
          <line num="27" count="0" type="stmt"/>
          <line num="28" count="0" type="stmt"/>
          <line num="33" count="0" type="stmt"/>
          <line num="34" count="0" type="cond" truecount="0" falsecount="2"/>
          <line num="35" count="0" type="stmt"/>
          <line num="36" count="0" type="stmt"/>
          <line num="39" count="0" type="stmt"/>
          <line num="44" count="0" type="stmt"/>
          <line num="47" count="0" type="stmt"/>
          <line num="50" count="0" type="stmt"/>
          <line num="51" count="0" type="stmt"/>
          <line num="52" count="0" type="stmt"/>
          <line num="53" count="0" type="stmt"/>
          <line num="54" count="0" type="cond" truecount="0" falsecount="2"/>
          <line num="55" count="0" type="stmt"/>
          <line num="57" count="0" type="stmt"/>
          <line num="59" count="0" type="stmt"/>
          <line num="63" count="0" type="stmt"/>
          <line num="66" count="0" type="stmt"/>
          <line num="67" count="0" type="stmt"/>
          <line num="72" count="0" type="stmt"/>
          <line num="73" count="0" type="stmt"/>
          <line num="74" count="0" type="stmt"/>
          <line num="75" count="0" type="stmt"/>
          <line num="76" count="0" type="cond" truecount="0" falsecount="4"/>
          <line num="78" count="0" type="stmt"/>
          <line num="79" count="0" type="stmt"/>
          <line num="80" count="0" type="stmt"/>
          <line num="81" count="0" type="stmt"/>
          <line num="84" count="0" type="cond" truecount="0" falsecount="2"/>
          <line num="85" count="0" type="stmt"/>
          <line num="86" count="0" type="stmt"/>
          <line num="90" count="0" type="stmt"/>
          <line num="91" count="0" type="stmt"/>
          <line num="92" count="0" type="stmt"/>
          <line num="95" count="0" type="stmt"/>
          <line num="97" count="0" type="stmt"/>
          <line num="98" count="0" type="stmt"/>
          <line num="103" count="0" type="stmt"/>
          <line num="104" count="0" type="stmt"/>
          <line num="106" count="0" type="stmt"/>
          <line num="107" count="0" type="stmt"/>
          <line num="111" count="0" type="cond" truecount="0" falsecount="2"/>
          <line num="117" count="0" type="stmt"/>
          <line num="118" count="0" type="stmt"/>
          <line num="120" count="0" type="stmt"/>
          <line num="121" count="0" type="stmt"/>
          <line num="123" count="0" type="cond" truecount="0" falsecount="2"/>
          <line num="124" count="0" type="stmt"/>
          <line num="126" count="0" type="stmt"/>
          <line num="127" count="0" type="stmt"/>
          <line num="128" count="0" type="stmt"/>
          <line num="129" count="0" type="stmt"/>
          <line num="130" count="0" type="stmt"/>
          <line num="133" count="0" type="stmt"/>
          <line num="134" count="0" type="cond" truecount="0" falsecount="2"/>
          <line num="137" count="0" type="stmt"/>
          <line num="138" count="0" type="cond" truecount="0" falsecount="2"/>
          <line num="139" count="0" type="stmt"/>
          <line num="141" count="0" type="stmt"/>
          <line num="147" count="0" type="stmt"/>
          <line num="148" count="0" type="cond" truecount="0" falsecount="2"/>
          <line num="149" count="0" type="stmt"/>
          <line num="151" count="0" type="stmt"/>
          <line num="152" count="0" type="stmt"/>
          <line num="153" count="0" type="stmt"/>
          <line num="154" count="0" type="stmt"/>
          <line num="158" count="0" type="stmt"/>
        </file>
      </package>
      <package name="nasa-vue.dist.js.webpack:.(webpack).buildin">
        <metrics statements="6" coveredstatements="0" conditionals="4" coveredconditionals="0" methods="1" coveredmethods="0"/>
        <file name="global.js" path="/Users/tobinnelson/turing/projects-mod-4/nasa-vue/dist/js/webpack:/(webpack)/buildin/global.js">
          <metrics statements="6" coveredstatements="0" conditionals="4" coveredconditionals="0" methods="1" coveredmethods="0"/>
          <line num="4" count="0" type="stmt"/>
          <line num="5" count="0" type="stmt"/>
          <line num="8" count="0" type="stmt"/>
          <line num="10" count="0" type="cond" truecount="0" falsecount="2"/>
          <line num="13" count="0" type="cond" truecount="0" falsecount="2"/>
          <line num="20" count="0" type="stmt"/>
        </file>
      </package>
      <package name="nasa-vue.dist.js.webpack:.node_modules.core-js.modules">
        <metrics statements="563" coveredstatements="0" conditionals="487" coveredconditionals="0" methods="138" coveredmethods="0"/>
        <file name="_a-function.js" path="/Users/tobinnelson/turing/projects-mod-4/nasa-vue/dist/js/webpack:/node_modules/core-js/modules/_a-function.js">
          <metrics statements="3" coveredstatements="0" conditionals="2" coveredconditionals="0" methods="1" coveredmethods="0"/>
          <line num="1" count="0" type="stmt"/>
          <line num="2" count="0" type="cond" truecount="0" falsecount="2"/>
          <line num="3" count="0" type="stmt"/>
        </file>
        <file name="_add-to-unscopables.js" path="/Users/tobinnelson/turing/projects-mod-4/nasa-vue/dist/js/webpack:/node_modules/core-js/modules/_add-to-unscopables.js">
          <metrics statements="3" coveredstatements="0" conditionals="2" coveredconditionals="0" methods="1" coveredmethods="0"/>
          <line num="2" count="0" type="stmt"/>
          <line num="3" count="0" type="cond" truecount="0" falsecount="2"/>
          <line num="6" count="0" type="stmt"/>
        </file>
        <file name="_an-instance.js" path="/Users/tobinnelson/turing/projects-mod-4/nasa-vue/dist/js/webpack:/node_modules/core-js/modules/_an-instance.js">
          <metrics statements="4" coveredstatements="0" conditionals="5" coveredconditionals="0" methods="1" coveredmethods="0"/>
          <line num="1" count="0" type="stmt"/>
          <line num="2" count="0" type="cond" truecount="0" falsecount="5"/>
          <line num="3" count="0" type="stmt"/>
          <line num="4" count="0" type="stmt"/>
        </file>
        <file name="_an-object.js" path="/Users/tobinnelson/turing/projects-mod-4/nasa-vue/dist/js/webpack:/node_modules/core-js/modules/_an-object.js">
          <metrics statements="4" coveredstatements="0" conditionals="2" coveredconditionals="0" methods="1" coveredmethods="0"/>
          <line num="1" count="0" type="stmt"/>
          <line num="2" count="0" type="stmt"/>
          <line num="3" count="0" type="cond" truecount="0" falsecount="2"/>
          <line num="4" count="0" type="stmt"/>
        </file>
        <file name="_array-includes.js" path="/Users/tobinnelson/turing/projects-mod-4/nasa-vue/dist/js/webpack:/node_modules/core-js/modules/_array-includes.js">
          <metrics statements="13" coveredstatements="0" conditionals="16" coveredconditionals="0" methods="2" coveredmethods="0"/>
          <line num="3" count="0" type="stmt"/>
          <line num="4" count="0" type="stmt"/>
          <line num="5" count="0" type="stmt"/>
          <line num="6" count="0" type="stmt"/>
          <line num="7" count="0" type="stmt"/>
          <line num="8" count="0" type="stmt"/>
          <line num="9" count="0" type="stmt"/>
          <line num="10" count="0" type="stmt"/>
          <line num="14" count="0" type="cond" truecount="0" falsecount="4"/>
          <line num="17" count="0" type="cond" truecount="0" falsecount="2"/>
          <line num="19" count="0" type="cond" truecount="0" falsecount="5"/>
          <line num="20" count="0" type="cond" truecount="0" falsecount="3"/>
          <line num="21" count="0" type="cond" truecount="0" falsecount="2"/>
        </file>
        <file name="_classof.js" path="/Users/tobinnelson/turing/projects-mod-4/nasa-vue/dist/js/webpack:/node_modules/core-js/modules/_classof.js">
          <metrics statements="8" coveredstatements="0" conditionals="12" coveredconditionals="0" methods="3" coveredmethods="0"/>
          <line num="2" count="0" type="stmt"/>
          <line num="3" count="0" type="stmt"/>
          <line num="5" count="0" type="stmt"/>
          <line num="8" count="0" type="stmt"/>
          <line num="9" count="0" type="stmt"/>
          <line num="10" count="0" type="stmt"/>
          <line num="14" count="0" type="stmt"/>
          <line num="16" count="0" type="cond" truecount="0" falsecount="4"/>
        </file>
        <file name="_cof.js" path="/Users/tobinnelson/turing/projects-mod-4/nasa-vue/dist/js/webpack:/node_modules/core-js/modules/_cof.js">
          <metrics statements="2" coveredstatements="0" conditionals="0" coveredconditionals="0" methods="1" coveredmethods="0"/>
          <line num="3" count="0" type="stmt"/>
          <line num="4" count="0" type="stmt"/>
        </file>
        <file name="_core.js" path="/Users/tobinnelson/turing/projects-mod-4/nasa-vue/dist/js/webpack:/node_modules/core-js/modules/_core.js">
          <metrics statements="2" coveredstatements="0" conditionals="2" coveredconditionals="0" methods="0" coveredmethods="0"/>
          <line num="1" count="0" type="stmt"/>
          <line num="2" count="0" type="cond" truecount="0" falsecount="2"/>
        </file>
        <file name="_ctx.js" path="/Users/tobinnelson/turing/projects-mod-4/nasa-vue/dist/js/webpack:/node_modules/core-js/modules/_ctx.js">
          <metrics statements="12" coveredstatements="0" conditionals="5" coveredconditionals="0" methods="5" coveredmethods="0"/>
          <line num="2" count="0" type="stmt"/>
          <line num="3" count="0" type="stmt"/>
          <line num="5" count="0" type="cond" truecount="0" falsecount="2"/>
          <line num="6" count="0" type="stmt"/>
          <line num="7" count="0" type="cond" truecount="0" falsecount="3"/>
          <line num="8" count="0" type="stmt"/>
          <line num="10" count="0" type="stmt"/>
          <line num="11" count="0" type="stmt"/>
          <line num="13" count="0" type="stmt"/>
          <line num="14" count="0" type="stmt"/>
          <line num="17" count="0" type="stmt"/>
          <line num="18" count="0" type="stmt"/>
        </file>
        <file name="_defined.js" path="/Users/tobinnelson/turing/projects-mod-4/nasa-vue/dist/js/webpack:/node_modules/core-js/modules/_defined.js">
          <metrics statements="3" coveredstatements="0" conditionals="2" coveredconditionals="0" methods="1" coveredmethods="0"/>
          <line num="2" count="0" type="stmt"/>
          <line num="3" count="0" type="cond" truecount="0" falsecount="2"/>
          <line num="4" count="0" type="stmt"/>
        </file>
        <file name="_descriptors.js" path="/Users/tobinnelson/turing/projects-mod-4/nasa-vue/dist/js/webpack:/node_modules/core-js/modules/_descriptors.js">
          <metrics statements="2" coveredstatements="0" conditionals="0" coveredconditionals="0" methods="2" coveredmethods="0"/>
          <line num="2" count="0" type="stmt"/>
          <line num="3" count="0" type="stmt"/>
        </file>
        <file name="_dom-create.js" path="/Users/tobinnelson/turing/projects-mod-4/nasa-vue/dist/js/webpack:/node_modules/core-js/modules/_dom-create.js">
          <metrics statements="5" coveredstatements="0" conditionals="4" coveredconditionals="0" methods="1" coveredmethods="0"/>
          <line num="1" count="0" type="stmt"/>
          <line num="2" count="0" type="stmt"/>
          <line num="4" count="0" type="cond" truecount="0" falsecount="2"/>
          <line num="5" count="0" type="stmt"/>
          <line num="6" count="0" type="cond" truecount="0" falsecount="2"/>
        </file>
        <file name="_enum-bug-keys.js" path="/Users/tobinnelson/turing/projects-mod-4/nasa-vue/dist/js/webpack:/node_modules/core-js/modules/_enum-bug-keys.js">
          <metrics statements="1" coveredstatements="0" conditionals="0" coveredconditionals="0" methods="0" coveredmethods="0"/>
          <line num="2" count="0" type="stmt"/>
        </file>
        <file name="_export.js" path="/Users/tobinnelson/turing/projects-mod-4/nasa-vue/dist/js/webpack:/node_modules/core-js/modules/_export.js">
          <metrics statements="18" coveredstatements="0" conditionals="30" coveredconditionals="0" methods="1" coveredmethods="0"/>
          <line num="1" count="0" type="stmt"/>
          <line num="2" count="0" type="stmt"/>
          <line num="3" count="0" type="stmt"/>
          <line num="4" count="0" type="stmt"/>
          <line num="5" count="0" type="stmt"/>
          <line num="6" count="0" type="stmt"/>
          <line num="8" count="0" type="stmt"/>
          <line num="9" count="0" type="stmt"/>
          <line num="10" count="0" type="stmt"/>
          <line num="11" count="0" type="stmt"/>
          <line num="12" count="0" type="stmt"/>
          <line num="13" count="0" type="stmt"/>
          <line num="14" count="0" type="cond" truecount="0" falsecount="6"/>
          <line num="15" count="0" type="cond" truecount="0" falsecount="4"/>
          <line num="16" count="0" type="cond" truecount="0" falsecount="2"/>
          <line num="19" count="0" type="stmt"/>
          <line num="21" count="0" type="cond" truecount="0" falsecount="3"/>
          <line num="33" count="0" type="stmt"/>
        </file>
        <file name="_fails.js" path="/Users/tobinnelson/turing/projects-mod-4/nasa-vue/dist/js/webpack:/node_modules/core-js/modules/_fails.js">
          <metrics statements="4" coveredstatements="0" conditionals="0" coveredconditionals="0" methods="1" coveredmethods="0"/>
          <line num="1" count="0" type="stmt"/>
          <line num="2" count="0" type="stmt"/>
          <line num="3" count="0" type="stmt"/>
          <line num="5" count="0" type="stmt"/>
        </file>
        <file name="_for-of.js" path="/Users/tobinnelson/turing/projects-mod-4/nasa-vue/dist/js/webpack:/node_modules/core-js/modules/_for-of.js">
          <metrics statements="18" coveredstatements="0" conditionals="18" coveredconditionals="0" methods="2" coveredmethods="0"/>
          <line num="1" count="0" type="stmt"/>
          <line num="2" count="0" type="stmt"/>
          <line num="3" count="0" type="stmt"/>
          <line num="4" count="0" type="stmt"/>
          <line num="5" count="0" type="stmt"/>
          <line num="6" count="0" type="stmt"/>
          <line num="7" count="0" type="stmt"/>
          <line num="8" count="0" type="stmt"/>
          <line num="9" count="0" type="stmt"/>
          <line num="10" count="0" type="cond" truecount="0" falsecount="2"/>
          <line num="11" count="0" type="cond" truecount="0" falsecount="2"/>
          <line num="12" count="0" type="stmt"/>
          <line num="14" count="0" type="cond" truecount="0" falsecount="2"/>
          <line num="16" count="0" type="cond" truecount="0" falsecount="2"/>
          <line num="18" count="0" type="cond" truecount="0" falsecount="4"/>
          <line num="19" count="0" type="stmt"/>
          <line num="21" count="0" type="cond" truecount="0" falsecount="4"/>
          <line num="24" count="0" type="stmt"/>
        </file>
        <file name="_global.js" path="/Users/tobinnelson/turing/projects-mod-4/nasa-vue/dist/js/webpack:/node_modules/core-js/modules/_global.js">
          <metrics statements="2" coveredstatements="0" conditionals="10" coveredconditionals="0" methods="0" coveredmethods="0"/>
          <line num="2" count="0" type="cond" truecount="0" falsecount="2"/>
          <line num="6" count="0" type="cond" truecount="0" falsecount="2"/>
        </file>
        <file name="_has.js" path="/Users/tobinnelson/turing/projects-mod-4/nasa-vue/dist/js/webpack:/node_modules/core-js/modules/_has.js">
          <metrics statements="3" coveredstatements="0" conditionals="0" coveredconditionals="0" methods="1" coveredmethods="0"/>
          <line num="1" count="0" type="stmt"/>
          <line num="2" count="0" type="stmt"/>
          <line num="3" count="0" type="stmt"/>
        </file>
        <file name="_hide.js" path="/Users/tobinnelson/turing/projects-mod-4/nasa-vue/dist/js/webpack:/node_modules/core-js/modules/_hide.js">
          <metrics statements="5" coveredstatements="0" conditionals="2" coveredconditionals="0" methods="2" coveredmethods="0"/>
          <line num="1" count="0" type="stmt"/>
          <line num="2" count="0" type="stmt"/>
          <line num="3" count="0" type="cond" truecount="0" falsecount="2"/>
          <line num="4" count="0" type="stmt"/>
          <line num="7" count="0" type="stmt"/>
        </file>
        <file name="_html.js" path="/Users/tobinnelson/turing/projects-mod-4/nasa-vue/dist/js/webpack:/node_modules/core-js/modules/_html.js">
          <metrics statements="2" coveredstatements="0" conditionals="2" coveredconditionals="0" methods="0" coveredmethods="0"/>
          <line num="1" count="0" type="stmt"/>
          <line num="2" count="0" type="cond" truecount="0" falsecount="2"/>
        </file>
        <file name="_ie8-dom-define.js" path="/Users/tobinnelson/turing/projects-mod-4/nasa-vue/dist/js/webpack:/node_modules/core-js/modules/_ie8-dom-define.js">
          <metrics statements="2" coveredstatements="0" conditionals="2" coveredconditionals="0" methods="2" coveredmethods="0"/>
          <line num="1" count="0" type="cond" truecount="0" falsecount="2"/>
          <line num="2" count="0" type="stmt"/>
        </file>
        <file name="_invoke.js" path="/Users/tobinnelson/turing/projects-mod-4/nasa-vue/dist/js/webpack:/node_modules/core-js/modules/_invoke.js">
          <metrics statements="9" coveredstatements="0" conditionals="15" coveredconditionals="0" methods="1" coveredmethods="0"/>
          <line num="2" count="0" type="stmt"/>
          <line num="3" count="0" type="stmt"/>
          <line num="4" count="0" type="stmt"/>
          <line num="5" count="0" type="cond" truecount="0" falsecount="7"/>
          <line num="7" count="0" type="cond" truecount="0" falsecount="2"/>
          <line num="9" count="0" type="cond" truecount="0" falsecount="2"/>
          <line num="11" count="0" type="cond" truecount="0" falsecount="2"/>
          <line num="13" count="0" type="cond" truecount="0" falsecount="2"/>
          <line num="15" count="0" type="stmt"/>
        </file>
        <file name="_iobject.js" path="/Users/tobinnelson/turing/projects-mod-4/nasa-vue/dist/js/webpack:/node_modules/core-js/modules/_iobject.js">
          <metrics statements="3" coveredstatements="0" conditionals="4" coveredconditionals="0" methods="1" coveredmethods="0"/>
          <line num="2" count="0" type="stmt"/>
          <line num="4" count="0" type="cond" truecount="0" falsecount="2"/>
          <line num="5" count="0" type="cond" truecount="0" falsecount="2"/>
        </file>
        <file name="_is-array-iter.js" path="/Users/tobinnelson/turing/projects-mod-4/nasa-vue/dist/js/webpack:/node_modules/core-js/modules/_is-array-iter.js">
          <metrics statements="5" coveredstatements="0" conditionals="3" coveredconditionals="0" methods="1" coveredmethods="0"/>
          <line num="2" count="0" type="stmt"/>
          <line num="3" count="0" type="stmt"/>
          <line num="4" count="0" type="stmt"/>
          <line num="6" count="0" type="stmt"/>
          <line num="7" count="0" type="cond" truecount="0" falsecount="3"/>
        </file>
        <file name="_is-object.js" path="/Users/tobinnelson/turing/projects-mod-4/nasa-vue/dist/js/webpack:/node_modules/core-js/modules/_is-object.js">
          <metrics statements="2" coveredstatements="0" conditionals="2" coveredconditionals="0" methods="1" coveredmethods="0"/>
          <line num="1" count="0" type="stmt"/>
          <line num="2" count="0" type="cond" truecount="0" falsecount="2"/>
        </file>
        <file name="_iter-call.js" path="/Users/tobinnelson/turing/projects-mod-4/nasa-vue/dist/js/webpack:/node_modules/core-js/modules/_iter-call.js">
          <metrics statements="6" coveredstatements="0" conditionals="4" coveredconditionals="0" methods="1" coveredmethods="0"/>
          <line num="2" count="0" type="stmt"/>
          <line num="3" count="0" type="stmt"/>
          <line num="4" count="0" type="stmt"/>
          <line num="5" count="0" type="cond" truecount="0" falsecount="2"/>
          <line num="8" count="0" type="stmt"/>
          <line num="10" count="0" type="cond" truecount="0" falsecount="2"/>
        </file>
        <file name="_iter-create.js" path="/Users/tobinnelson/turing/projects-mod-4/nasa-vue/dist/js/webpack:/node_modules/core-js/modules/_iter-create.js">
          <metrics statements="6" coveredstatements="0" conditionals="0" coveredconditionals="0" methods="2" coveredmethods="0"/>
          <line num="2" count="0" type="stmt"/>
          <line num="3" count="0" type="stmt"/>
          <line num="4" count="0" type="stmt"/>
          <line num="5" count="0" type="stmt"/>
          <line num="8" count="0" type="stmt"/>
          <line num="11" count="0" type="stmt"/>
        </file>
        <file name="_iter-define.js" path="/Users/tobinnelson/turing/projects-mod-4/nasa-vue/dist/js/webpack:/node_modules/core-js/modules/_iter-define.js">
          <metrics statements="36" coveredstatements="0" conditionals="51" coveredconditionals="0" methods="7" coveredmethods="0"/>
          <line num="2" count="0" type="stmt"/>
          <line num="3" count="0" type="stmt"/>
          <line num="4" count="0" type="stmt"/>
          <line num="5" count="0" type="stmt"/>
          <line num="6" count="0" type="stmt"/>
          <line num="7" count="0" type="stmt"/>
          <line num="8" count="0" type="stmt"/>
          <line num="9" count="0" type="stmt"/>
          <line num="10" count="0" type="stmt"/>
          <line num="11" count="0" type="cond" truecount="0" falsecount="2"/>
          <line num="12" count="0" type="stmt"/>
          <line num="13" count="0" type="stmt"/>
          <line num="14" count="0" type="stmt"/>
          <line num="16" count="0" type="stmt"/>
          <line num="18" count="0" type="stmt"/>
          <line num="19" count="0" type="stmt"/>
          <line num="20" count="0" type="stmt"/>
          <line num="21" count="0" type="cond" truecount="0" falsecount="4"/>
          <line num="22" count="0" type="stmt"/>
          <line num="23" count="0" type="cond" truecount="0" falsecount="2"/>
          <line num="24" count="0" type="stmt"/>
          <line num="25" count="0" type="stmt"/>
          <line num="27" count="0" type="stmt"/>
          <line num="28" count="0" type="stmt"/>
          <line num="29" count="0" type="stmt"/>
          <line num="30" count="0" type="stmt"/>
          <line num="31" count="0" type="cond" truecount="0" falsecount="4"/>
          <line num="32" count="0" type="cond" truecount="0" falsecount="2"/>
          <line num="33" count="0" type="cond" truecount="0" falsecount="4"/>
          <line num="34" count="0" type="cond" truecount="0" falsecount="3"/>
          <line num="49" count="0" type="stmt"/>
          <line num="58" count="0" type="cond" truecount="0" falsecount="2"/>
          <line num="64" count="0" type="cond" truecount="0" falsecount="2"/>
          <line num="65" count="0" type="cond" truecount="0" falsecount="2"/>
          <line num="66" count="0" type="cond" truecount="0" falsecount="2"/>
          <line num="68" count="0" type="stmt"/>
        </file>
        <file name="_iter-detect.js" path="/Users/tobinnelson/turing/projects-mod-4/nasa-vue/dist/js/webpack:/node_modules/core-js/modules/_iter-detect.js">
          <metrics statements="15" coveredstatements="0" conditionals="4" coveredconditionals="0" methods="5" coveredmethods="0"/>
          <line num="1" count="0" type="stmt"/>
          <line num="2" count="0" type="stmt"/>
          <line num="4" count="0" type="stmt"/>
          <line num="5" count="0" type="stmt"/>
          <line num="6" count="0" type="stmt"/>
          <line num="8" count="0" type="stmt"/>
          <line num="11" count="0" type="stmt"/>
          <line num="12" count="0" type="cond" truecount="0" falsecount="4"/>
          <line num="13" count="0" type="stmt"/>
          <line num="14" count="0" type="stmt"/>
          <line num="15" count="0" type="stmt"/>
          <line num="16" count="0" type="stmt"/>
          <line num="17" count="0" type="stmt"/>
          <line num="18" count="0" type="stmt"/>
          <line num="21" count="0" type="stmt"/>
        </file>
        <file name="_iter-step.js" path="/Users/tobinnelson/turing/projects-mod-4/nasa-vue/dist/js/webpack:/node_modules/core-js/modules/_iter-step.js">
          <metrics statements="2" coveredstatements="0" conditionals="0" coveredconditionals="0" methods="1" coveredmethods="0"/>
          <line num="1" count="0" type="stmt"/>
          <line num="2" count="0" type="stmt"/>
        </file>
        <file name="_iterators.js" path="/Users/tobinnelson/turing/projects-mod-4/nasa-vue/dist/js/webpack:/node_modules/core-js/modules/_iterators.js">
          <metrics statements="1" coveredstatements="0" conditionals="0" coveredconditionals="0" methods="0" coveredmethods="0"/>
          <line num="1" count="0" type="stmt"/>
        </file>
        <file name="_library.js" path="/Users/tobinnelson/turing/projects-mod-4/nasa-vue/dist/js/webpack:/node_modules/core-js/modules/_library.js">
          <metrics statements="1" coveredstatements="0" conditionals="0" coveredconditionals="0" methods="0" coveredmethods="0"/>
          <line num="1" count="0" type="stmt"/>
        </file>
        <file name="_microtask.js" path="/Users/tobinnelson/turing/projects-mod-4/nasa-vue/dist/js/webpack:/node_modules/core-js/modules/_microtask.js">
          <metrics statements="32" coveredstatements="0" conditionals="24" coveredconditionals="0" methods="7" coveredmethods="0"/>
          <line num="1" count="0" type="stmt"/>
          <line num="2" count="0" type="stmt"/>
          <line num="3" count="0" type="cond" truecount="0" falsecount="2"/>
          <line num="4" count="0" type="stmt"/>
          <line num="5" count="0" type="stmt"/>
          <line num="6" count="0" type="stmt"/>
          <line num="8" count="0" type="stmt"/>
          <line num="11" count="0" type="stmt"/>
          <line num="13" count="0" type="cond" truecount="0" falsecount="3"/>
          <line num="14" count="0" type="stmt"/>
          <line num="15" count="0" type="stmt"/>
          <line num="17" count="0" type="stmt"/>
          <line num="18" count="0" type="stmt"/>
          <line num="22" count="0" type="stmt"/>
          <line num="24" count="0" type="stmt"/>
          <line num="29" count="0" type="cond" truecount="0" falsecount="2"/>
          <line num="30" count="0" type="stmt"/>
          <line num="31" count="0" type="stmt"/>
          <line num="34" count="0" type="cond" truecount="0" falsecount="5"/>
          <line num="35" count="0" type="stmt"/>
          <line num="36" count="0" type="stmt"/>
          <line num="37" count="0" type="stmt"/>
          <line num="39" count="0" type="stmt"/>
          <line num="42" count="0" type="cond" truecount="0" falsecount="4"/>
          <line num="44" count="0" type="stmt"/>
          <line num="45" count="0" type="stmt"/>
          <line num="46" count="0" type="stmt"/>
          <line num="55" count="0" type="stmt"/>
          <line num="57" count="0" type="stmt"/>
          <line num="61" count="0" type="stmt"/>
          <line num="62" count="0" type="stmt"/>
          <line num="63" count="0" type="cond" truecount="0" falsecount="2"/>
        </file>
        <file name="_new-promise-capability.js" path="/Users/tobinnelson/turing/projects-mod-4/nasa-vue/dist/js/webpack:/node_modules/core-js/modules/_new-promise-capability.js">
          <metrics statements="6" coveredstatements="0" conditionals="4" coveredconditionals="0" methods="3" coveredmethods="0"/>
          <line num="3" count="0" type="stmt"/>
          <line num="7" count="0" type="stmt"/>
          <line num="8" count="0" type="cond" truecount="0" falsecount="4"/>
          <line num="9" count="0" type="stmt"/>
          <line num="16" count="0" type="stmt"/>
          <line num="17" count="0" type="stmt"/>
        </file>
        <file name="_object-create.js" path="/Users/tobinnelson/turing/projects-mod-4/nasa-vue/dist/js/webpack:/node_modules/core-js/modules/_object-create.js">
          <metrics statements="16" coveredstatements="0" conditionals="6" coveredconditionals="0" methods="3" coveredmethods="0"/>
          <line num="2" count="0" type="stmt"/>
          <line num="3" count="0" type="stmt"/>
          <line num="4" count="0" type="stmt"/>
          <line num="5" count="0" type="stmt"/>
          <line num="6" count="0" type="stmt"/>
          <line num="7" count="0" type="stmt"/>
          <line num="10" count="0" type="stmt"/>
          <line num="12" count="0" type="stmt"/>
          <line num="13" count="0" type="stmt"/>
          <line num="14" count="0" type="stmt"/>
          <line num="15" count="0" type="stmt"/>
          <line num="17" count="0" type="stmt"/>
          <line num="27" count="0" type="stmt"/>
          <line num="28" count="0" type="stmt"/>
          <line num="31" count="0" type="cond" truecount="0" falsecount="2"/>
          <line num="40" count="0" type="cond" truecount="0" falsecount="2"/>
        </file>
        <file name="_object-dp.js" path="/Users/tobinnelson/turing/projects-mod-4/nasa-vue/dist/js/webpack:/node_modules/core-js/modules/_object-dp.js">
          <metrics statements="5" coveredstatements="0" conditionals="10" coveredconditionals="0" methods="1" coveredmethods="0"/>
          <line num="6" count="0" type="cond" truecount="0" falsecount="2"/>
          <line num="10" count="0" type="cond" truecount="0" falsecount="2"/>
          <line num="11" count="0" type="stmt"/>
          <line num="13" count="0" type="cond" truecount="0" falsecount="4"/>
          <line num="15" count="0" type="stmt"/>
        </file>
        <file name="_object-dps.js" path="/Users/tobinnelson/turing/projects-mod-4/nasa-vue/dist/js/webpack:/node_modules/core-js/modules/_object-dps.js">
          <metrics statements="10" coveredstatements="0" conditionals="2" coveredconditionals="0" methods="1" coveredmethods="0"/>
          <line num="1" count="0" type="stmt"/>
          <line num="2" count="0" type="stmt"/>
          <line num="3" count="0" type="stmt"/>
          <line num="5" count="0" type="cond" truecount="0" falsecount="2"/>
          <line num="6" count="0" type="stmt"/>
          <line num="7" count="0" type="stmt"/>
          <line num="8" count="0" type="stmt"/>
          <line num="9" count="0" type="stmt"/>
          <line num="11" count="0" type="stmt"/>
          <line num="12" count="0" type="stmt"/>
        </file>
        <file name="_object-gpo.js" path="/Users/tobinnelson/turing/projects-mod-4/nasa-vue/dist/js/webpack:/node_modules/core-js/modules/_object-gpo.js">
          <metrics statements="6" coveredstatements="0" conditionals="10" coveredconditionals="0" methods="1" coveredmethods="0"/>
          <line num="2" count="0" type="stmt"/>
          <line num="3" count="0" type="stmt"/>
          <line num="4" count="0" type="stmt"/>
          <line num="5" count="0" type="stmt"/>
          <line num="7" count="0" type="cond" truecount="0" falsecount="2"/>
          <line num="9" count="0" type="cond" truecount="0" falsecount="2"/>
        </file>
        <file name="_object-keys-internal.js" path="/Users/tobinnelson/turing/projects-mod-4/nasa-vue/dist/js/webpack:/node_modules/core-js/modules/_object-keys-internal.js">
          <metrics statements="11" coveredstatements="0" conditionals="6" coveredconditionals="0" methods="1" coveredmethods="0"/>
          <line num="1" count="0" type="stmt"/>
          <line num="2" count="0" type="stmt"/>
          <line num="3" count="0" type="stmt"/>
          <line num="4" count="0" type="stmt"/>
          <line num="6" count="0" type="stmt"/>
          <line num="7" count="0" type="stmt"/>
          <line num="8" count="0" type="stmt"/>
          <line num="9" count="0" type="stmt"/>
          <line num="11" count="0" type="cond" truecount="0" falsecount="3"/>
          <line num="13" count="0" type="cond" truecount="0" falsecount="3"/>
          <line num="16" count="0" type="stmt"/>
        </file>
        <file name="_object-keys.js" path="/Users/tobinnelson/turing/projects-mod-4/nasa-vue/dist/js/webpack:/node_modules/core-js/modules/_object-keys.js">
          <metrics statements="4" coveredstatements="0" conditionals="2" coveredconditionals="0" methods="1" coveredmethods="0"/>
          <line num="2" count="0" type="stmt"/>
          <line num="3" count="0" type="stmt"/>
          <line num="5" count="0" type="cond" truecount="0" falsecount="2"/>
          <line num="6" count="0" type="stmt"/>
        </file>
        <file name="_perform.js" path="/Users/tobinnelson/turing/projects-mod-4/nasa-vue/dist/js/webpack:/node_modules/core-js/modules/_perform.js">
          <metrics statements="4" coveredstatements="0" conditionals="0" coveredconditionals="0" methods="1" coveredmethods="0"/>
          <line num="1" count="0" type="stmt"/>
          <line num="2" count="0" type="stmt"/>
          <line num="3" count="0" type="stmt"/>
          <line num="5" count="0" type="stmt"/>
        </file>
        <file name="_promise-resolve.js" path="/Users/tobinnelson/turing/projects-mod-4/nasa-vue/dist/js/webpack:/node_modules/core-js/modules/_promise-resolve.js">
          <metrics statements="8" coveredstatements="0" conditionals="4" coveredconditionals="0" methods="1" coveredmethods="0"/>
          <line num="1" count="0" type="stmt"/>
          <line num="2" count="0" type="stmt"/>
          <line num="3" count="0" type="stmt"/>
          <line num="5" count="0" type="stmt"/>
          <line num="7" count="0" type="cond" truecount="0" falsecount="4"/>
          <line num="8" count="0" type="stmt"/>
          <line num="9" count="0" type="stmt"/>
          <line num="11" count="0" type="stmt"/>
        </file>
        <file name="_property-desc.js" path="/Users/tobinnelson/turing/projects-mod-4/nasa-vue/dist/js/webpack:/node_modules/core-js/modules/_property-desc.js">
          <metrics statements="2" coveredstatements="0" conditionals="0" coveredconditionals="0" methods="1" coveredmethods="0"/>
          <line num="1" count="0" type="stmt"/>
          <line num="2" count="0" type="stmt"/>
        </file>
        <file name="_redefine-all.js" path="/Users/tobinnelson/turing/projects-mod-4/nasa-vue/dist/js/webpack:/node_modules/core-js/modules/_redefine-all.js">
          <metrics statements="4" coveredstatements="0" conditionals="0" coveredconditionals="0" methods="1" coveredmethods="0"/>
          <line num="1" count="0" type="stmt"/>
          <line num="2" count="0" type="stmt"/>
          <line num="3" count="0" type="stmt"/>
          <line num="4" count="0" type="stmt"/>
        </file>
        <file name="_redefine.js" path="/Users/tobinnelson/turing/projects-mod-4/nasa-vue/dist/js/webpack:/node_modules/core-js/modules/_redefine.js">
          <metrics statements="12" coveredstatements="0" conditionals="19" coveredconditionals="0" methods="3" coveredmethods="0"/>
          <line num="1" count="0" type="stmt"/>
          <line num="2" count="0" type="stmt"/>
          <line num="3" count="0" type="stmt"/>
          <line num="4" count="0" type="stmt"/>
          <line num="5" count="0" type="stmt"/>
          <line num="6" count="0" type="stmt"/>
          <line num="7" count="0" type="stmt"/>
          <line num="9" count="0" type="stmt"/>
          <line num="10" count="0" type="stmt"/>
          <line num="14" count="0" type="stmt"/>
          <line num="15" count="0" type="cond" truecount="0" falsecount="3"/>
          <line num="30" count="0" type="cond" truecount="0" falsecount="3"/>
        </file>
        <file name="_set-species.js" path="/Users/tobinnelson/turing/projects-mod-4/nasa-vue/dist/js/webpack:/node_modules/core-js/modules/_set-species.js">
          <metrics statements="8" coveredstatements="0" conditionals="4" coveredconditionals="0" methods="2" coveredmethods="0"/>
          <line num="2" count="0" type="stmt"/>
          <line num="3" count="0" type="stmt"/>
          <line num="4" count="0" type="stmt"/>
          <line num="5" count="0" type="stmt"/>
          <line num="7" count="0" type="stmt"/>
          <line num="8" count="0" type="stmt"/>
          <line num="9" count="0" type="cond" truecount="0" falsecount="4"/>
          <line num="11" count="0" type="stmt"/>
        </file>
        <file name="_set-to-string-tag.js" path="/Users/tobinnelson/turing/projects-mod-4/nasa-vue/dist/js/webpack:/node_modules/core-js/modules/_set-to-string-tag.js">
          <metrics statements="5" coveredstatements="0" conditionals="5" coveredconditionals="0" methods="1" coveredmethods="0"/>
          <line num="1" count="0" type="stmt"/>
          <line num="2" count="0" type="stmt"/>
          <line num="3" count="0" type="stmt"/>
          <line num="5" count="0" type="stmt"/>
          <line num="6" count="0" type="cond" truecount="0" falsecount="5"/>
        </file>
        <file name="_shared-key.js" path="/Users/tobinnelson/turing/projects-mod-4/nasa-vue/dist/js/webpack:/node_modules/core-js/modules/_shared-key.js">
          <metrics statements="4" coveredstatements="0" conditionals="2" coveredconditionals="0" methods="1" coveredmethods="0"/>
          <line num="1" count="0" type="stmt"/>
          <line num="2" count="0" type="stmt"/>
          <line num="3" count="0" type="stmt"/>
          <line num="4" count="0" type="cond" truecount="0" falsecount="2"/>
        </file>
        <file name="_shared.js" path="/Users/tobinnelson/turing/projects-mod-4/nasa-vue/dist/js/webpack:/node_modules/core-js/modules/_shared.js">
          <metrics statements="5" coveredstatements="0" conditionals="6" coveredconditionals="0" methods="1" coveredmethods="0"/>
          <line num="1" count="0" type="stmt"/>
          <line num="2" count="0" type="stmt"/>
          <line num="3" count="0" type="stmt"/>
          <line num="4" count="0" type="cond" truecount="0" falsecount="2"/>
          <line num="7" count="0" type="cond" truecount="0" falsecount="2"/>
        </file>
        <file name="_species-constructor.js" path="/Users/tobinnelson/turing/projects-mod-4/nasa-vue/dist/js/webpack:/node_modules/core-js/modules/_species-constructor.js">
          <metrics statements="6" coveredstatements="0" conditionals="2" coveredconditionals="0" methods="1" coveredmethods="0"/>
          <line num="2" count="0" type="stmt"/>
          <line num="3" count="0" type="stmt"/>
          <line num="4" count="0" type="stmt"/>
          <line num="5" count="0" type="stmt"/>
          <line num="6" count="0" type="stmt"/>
          <line num="8" count="0" type="cond" truecount="0" falsecount="2"/>
        </file>
        <file name="_task.js" path="/Users/tobinnelson/turing/projects-mod-4/nasa-vue/dist/js/webpack:/node_modules/core-js/modules/_task.js">
          <metrics statements="32" coveredstatements="0" conditionals="22" coveredconditionals="0" methods="11" coveredmethods="0"/>
          <line num="1" count="0" type="stmt"/>
          <line num="2" count="0" type="stmt"/>
          <line num="3" count="0" type="stmt"/>
          <line num="4" count="0" type="stmt"/>
          <line num="5" count="0" type="stmt"/>
          <line num="6" count="0" type="stmt"/>
          <line num="7" count="0" type="stmt"/>
          <line num="8" count="0" type="stmt"/>
          <line num="9" count="0" type="stmt"/>
          <line num="10" count="0" type="stmt"/>
          <line num="11" count="0" type="stmt"/>
          <line num="12" count="0" type="stmt"/>
          <line num="13" count="0" type="stmt"/>
          <line num="15" count="0" type="stmt"/>
          <line num="16" count="0" type="stmt"/>
          <line num="18" count="0" type="cond" truecount="0" falsecount="2"/>
          <line num="19" count="0" type="stmt"/>
          <line num="24" count="0" type="stmt"/>
          <line num="25" count="0" type="stmt"/>
          <line num="28" count="0" type="cond" truecount="0" falsecount="3"/>
          <line num="30" count="0" type="stmt"/>
          <line num="31" count="0" type="stmt"/>
          <line num="32" count="0" type="stmt"/>
          <line num="35" count="0" type="cond" truecount="0" falsecount="2"/>
          <line num="38" count="0" type="stmt"/>
          <line num="40" count="0" type="stmt"/>
          <line num="46" count="0" type="stmt"/>
          <line num="51" count="0" type="stmt"/>
          <line num="63" count="0" type="stmt"/>
          <line num="69" count="0" type="stmt"/>
          <line num="70" count="0" type="stmt"/>
          <line num="77" count="0" type="stmt"/>
        </file>
        <file name="_to-absolute-index.js" path="/Users/tobinnelson/turing/projects-mod-4/nasa-vue/dist/js/webpack:/node_modules/core-js/modules/_to-absolute-index.js">
          <metrics statements="5" coveredstatements="0" conditionals="2" coveredconditionals="0" methods="1" coveredmethods="0"/>
          <line num="1" count="0" type="stmt"/>
          <line num="2" count="0" type="stmt"/>
          <line num="3" count="0" type="stmt"/>
          <line num="4" count="0" type="stmt"/>
          <line num="6" count="0" type="cond" truecount="0" falsecount="2"/>
        </file>
        <file name="_to-integer.js" path="/Users/tobinnelson/turing/projects-mod-4/nasa-vue/dist/js/webpack:/node_modules/core-js/modules/_to-integer.js">
          <metrics statements="4" coveredstatements="0" conditionals="2" coveredconditionals="0" methods="1" coveredmethods="0"/>
          <line num="2" count="0" type="stmt"/>
          <line num="3" count="0" type="stmt"/>
          <line num="4" count="0" type="stmt"/>
          <line num="5" count="0" type="cond" truecount="0" falsecount="2"/>
        </file>
        <file name="_to-iobject.js" path="/Users/tobinnelson/turing/projects-mod-4/nasa-vue/dist/js/webpack:/node_modules/core-js/modules/_to-iobject.js">
          <metrics statements="4" coveredstatements="0" conditionals="0" coveredconditionals="0" methods="1" coveredmethods="0"/>
          <line num="2" count="0" type="stmt"/>
          <line num="3" count="0" type="stmt"/>
          <line num="4" count="0" type="stmt"/>
          <line num="5" count="0" type="stmt"/>
        </file>
        <file name="_to-length.js" path="/Users/tobinnelson/turing/projects-mod-4/nasa-vue/dist/js/webpack:/node_modules/core-js/modules/_to-length.js">
          <metrics statements="4" coveredstatements="0" conditionals="2" coveredconditionals="0" methods="1" coveredmethods="0"/>
          <line num="2" count="0" type="stmt"/>
          <line num="3" count="0" type="stmt"/>
          <line num="4" count="0" type="stmt"/>
          <line num="5" count="0" type="cond" truecount="0" falsecount="2"/>
        </file>
        <file name="_to-object.js" path="/Users/tobinnelson/turing/projects-mod-4/nasa-vue/dist/js/webpack:/node_modules/core-js/modules/_to-object.js">
          <metrics statements="3" coveredstatements="0" conditionals="0" coveredconditionals="0" methods="1" coveredmethods="0"/>
          <line num="2" count="0" type="stmt"/>
          <line num="3" count="0" type="stmt"/>
          <line num="4" count="0" type="stmt"/>
        </file>
        <file name="_to-primitive.js" path="/Users/tobinnelson/turing/projects-mod-4/nasa-vue/dist/js/webpack:/node_modules/core-js/modules/_to-primitive.js">
          <metrics statements="7" coveredstatements="0" conditionals="16" coveredconditionals="0" methods="1" coveredmethods="0"/>
          <line num="2" count="0" type="stmt"/>
          <line num="5" count="0" type="stmt"/>
          <line num="6" count="0" type="cond" truecount="0" falsecount="2"/>
          <line num="8" count="0" type="cond" truecount="0" falsecount="5"/>
          <line num="9" count="0" type="cond" truecount="0" falsecount="4"/>
          <line num="10" count="0" type="cond" truecount="0" falsecount="5"/>
          <line num="11" count="0" type="stmt"/>
        </file>
        <file name="_uid.js" path="/Users/tobinnelson/turing/projects-mod-4/nasa-vue/dist/js/webpack:/node_modules/core-js/modules/_uid.js">
          <metrics statements="4" coveredstatements="0" conditionals="2" coveredconditionals="0" methods="1" coveredmethods="0"/>
          <line num="1" count="0" type="stmt"/>
          <line num="2" count="0" type="stmt"/>
          <line num="3" count="0" type="stmt"/>
          <line num="4" count="0" type="cond" truecount="0" falsecount="2"/>
        </file>
        <file name="_user-agent.js" path="/Users/tobinnelson/turing/projects-mod-4/nasa-vue/dist/js/webpack:/node_modules/core-js/modules/_user-agent.js">
          <metrics statements="3" coveredstatements="0" conditionals="3" coveredconditionals="0" methods="0" coveredmethods="0"/>
          <line num="1" count="0" type="stmt"/>
          <line num="2" count="0" type="stmt"/>
          <line num="4" count="0" type="cond" truecount="0" falsecount="3"/>
        </file>
        <file name="_wks.js" path="/Users/tobinnelson/turing/projects-mod-4/nasa-vue/dist/js/webpack:/node_modules/core-js/modules/_wks.js">
          <metrics statements="7" coveredstatements="0" conditionals="7" coveredconditionals="0" methods="1" coveredmethods="0"/>
          <line num="1" count="0" type="stmt"/>
          <line num="2" count="0" type="stmt"/>
          <line num="3" count="0" type="stmt"/>
          <line num="4" count="0" type="stmt"/>
          <line num="6" count="0" type="stmt"/>
          <line num="7" count="0" type="cond" truecount="0" falsecount="2"/>
          <line num="11" count="0" type="stmt"/>
        </file>
        <file name="core.get-iterator-method.js" path="/Users/tobinnelson/turing/projects-mod-4/nasa-vue/dist/js/webpack:/node_modules/core-js/modules/core.get-iterator-method.js">
          <metrics statements="5" coveredstatements="0" conditionals="5" coveredconditionals="0" methods="1" coveredmethods="0"/>
          <line num="1" count="0" type="stmt"/>
          <line num="2" count="0" type="stmt"/>
          <line num="3" count="0" type="stmt"/>
          <line num="4" count="0" type="stmt"/>
          <line num="5" count="0" type="cond" truecount="0" falsecount="5"/>
        </file>
        <file name="es6.array.iterator.js" path="/Users/tobinnelson/turing/projects-mod-4/nasa-vue/dist/js/webpack:/node_modules/core-js/modules/es6.array.iterator.js">
          <metrics statements="10" coveredstatements="0" conditionals="8" coveredconditionals="0" methods="2" coveredmethods="0"/>
          <line num="2" count="0" type="stmt"/>
          <line num="3" count="0" type="stmt"/>
          <line num="4" count="0" type="stmt"/>
          <line num="5" count="0" type="stmt"/>
          <line num="11" count="0" type="stmt"/>
          <line num="12" count="0" type="stmt"/>
          <line num="17" count="0" type="stmt"/>
          <line num="18" count="0" type="stmt"/>
          <line num="19" count="0" type="stmt"/>
          <line num="20" count="0" type="cond" truecount="0" falsecount="2"/>
        </file>
        <file name="es6.promise.js" path="/Users/tobinnelson/turing/projects-mod-4/nasa-vue/dist/js/webpack:/node_modules/core-js/modules/es6.promise.js">
          <metrics statements="114" coveredstatements="0" conditionals="107" coveredconditionals="0" methods="32" coveredmethods="0"/>
          <line num="2" count="0" type="stmt"/>
          <line num="3" count="0" type="stmt"/>
          <line num="4" count="0" type="stmt"/>
          <line num="5" count="0" type="stmt"/>
          <line num="6" count="0" type="stmt"/>
          <line num="7" count="0" type="stmt"/>
          <line num="8" count="0" type="stmt"/>
          <line num="9" count="0" type="stmt"/>
          <line num="10" count="0" type="stmt"/>
          <line num="11" count="0" type="stmt"/>
          <line num="12" count="0" type="stmt"/>
          <line num="13" count="0" type="stmt"/>
          <line num="14" count="0" type="stmt"/>
          <line num="15" count="0" type="stmt"/>
          <line num="16" count="0" type="stmt"/>
          <line num="17" count="0" type="stmt"/>
          <line num="18" count="0" type="stmt"/>
          <line num="19" count="0" type="stmt"/>
          <line num="20" count="0" type="stmt"/>
          <line num="21" count="0" type="cond" truecount="0" falsecount="2"/>
          <line num="22" count="0" type="cond" truecount="0" falsecount="3"/>
          <line num="23" count="0" type="stmt"/>
          <line num="24" count="0" type="stmt"/>
          <line num="25" count="0" type="stmt"/>
          <line num="27" count="0" type="stmt"/>
          <line num="29" count="0" type="stmt"/>
          <line num="30" count="0" type="stmt"/>
          <line num="32" count="0" type="stmt"/>
          <line num="33" count="0" type="stmt"/>
          <line num="34" count="0" type="stmt"/>
          <line num="37" count="0" type="cond" truecount="0" falsecount="5"/>
          <line num="48" count="0" type="stmt"/>
          <line num="50" count="0" type="cond" truecount="0" falsecount="2"/>
          <line num="52" count="0" type="stmt"/>
          <line num="53" count="0" type="cond" truecount="0" falsecount="2"/>
          <line num="54" count="0" type="stmt"/>
          <line num="55" count="0" type="stmt"/>
          <line num="56" count="0" type="stmt"/>
          <line num="57" count="0" type="stmt"/>
          <line num="58" count="0" type="stmt"/>
          <line num="59" count="0" type="stmt"/>
          <line num="60" count="0" type="stmt"/>
          <line num="61" count="0" type="cond" truecount="0" falsecount="2"/>
          <line num="62" count="0" type="stmt"/>
          <line num="63" count="0" type="stmt"/>
          <line num="64" count="0" type="stmt"/>
          <line num="66" count="0" type="stmt"/>
          <line num="67" count="0" type="stmt"/>
          <line num="88" count="0" type="cond" truecount="0" falsecount="3"/>
          <line num="92" count="0" type="stmt"/>
          <line num="93" count="0" type="stmt"/>
          <line num="98" count="0" type="stmt"/>
          <line num="99" count="0" type="stmt"/>
          <line num="100" count="0" type="stmt"/>
          <line num="101" count="0" type="stmt"/>
          <line num="105" count="0" type="stmt"/>
          <line num="116" count="0" type="cond" truecount="0" falsecount="4"/>
          <line num="119" count="0" type="stmt"/>
          <line num="120" count="0" type="cond" truecount="0" falsecount="2"/>
          <line num="122" count="0" type="stmt"/>
          <line num="123" count="0" type="stmt"/>
          <line num="125" count="0" type="stmt"/>
          <line num="132" count="0" type="stmt"/>
          <line num="133" count="0" type="stmt"/>
          <line num="134" count="0" type="cond" truecount="0" falsecount="2"/>
          <line num="142" count="0" type="stmt"/>
          <line num="143" count="0" type="stmt"/>
          <line num="145" count="0" type="cond" truecount="0" falsecount="2"/>
          <line num="146" count="0" type="stmt"/>
          <line num="148" count="0" type="stmt"/>
          <line num="149" count="0" type="cond" truecount="0" falsecount="2"/>
          <line num="152" count="0" type="stmt"/>
          <line num="153" count="0" type="stmt"/>
          <line num="154" count="0" type="stmt"/>
          <line num="156" count="0" type="stmt"/>
          <line num="165" count="0" type="stmt"/>
          <line num="170" count="0" type="cond" truecount="0" falsecount="2"/>
          <line num="173" count="0" type="stmt"/>
          <line num="176" count="0" type="stmt"/>
          <line num="177" count="0" type="stmt"/>
          <line num="179" count="0" type="stmt"/>
          <line num="184" count="0" type="stmt"/>
          <line num="195" count="0" type="stmt"/>
          <line num="202" count="0" type="stmt"/>
          <line num="206" count="0" type="stmt"/>
          <line num="210" count="0" type="stmt"/>
          <line num="211" count="0" type="stmt"/>
          <line num="216" count="0" type="cond" truecount="0" falsecount="2"/>
          <line num="231" count="0" type="stmt"/>
          <line num="232" count="0" type="stmt"/>
          <line num="234" count="0" type="stmt"/>
          <line num="240" count="0" type="cond" truecount="0" falsecount="2"/>
          <line num="244" count="0" type="stmt"/>
          <line num="248" count="0" type="stmt"/>
          <line num="249" count="0" type="stmt"/>
          <line num="250" count="0" type="stmt"/>
          <line num="251" count="0" type="stmt"/>
          <line num="252" count="0" type="stmt"/>
          <line num="253" count="0" type="stmt"/>
          <line num="254" count="0" type="stmt"/>
          <line num="255" count="0" type="stmt"/>
          <line num="256" count="0" type="stmt"/>
          <line num="257" count="0" type="stmt"/>
          <line num="258" count="0" type="stmt"/>
          <line num="259" count="0" type="stmt"/>
          <line num="262" count="0" type="cond" truecount="0" falsecount="2"/>
          <line num="271" count="0" type="stmt"/>
          <line num="275" count="0" type="stmt"/>
          <line num="276" count="0" type="stmt"/>
          <line num="277" count="0" type="stmt"/>
          <line num="278" count="0" type="stmt"/>
          <line num="279" count="0" type="stmt"/>
          <line num="280" count="0" type="stmt"/>
          <line num="284" count="0" type="stmt"/>
        </file>
        <file name="es7.promise.finally.js" path="/Users/tobinnelson/turing/projects-mod-4/nasa-vue/dist/js/webpack:/node_modules/core-js/modules/es7.promise.finally.js">
          <metrics statements="11" coveredstatements="0" conditionals="6" coveredconditionals="0" methods="5" coveredmethods="0"/>
          <line num="3" count="0" type="stmt"/>
          <line num="4" count="0" type="stmt"/>
          <line num="5" count="0" type="stmt"/>
          <line num="6" count="0" type="stmt"/>
          <line num="7" count="0" type="stmt"/>
          <line num="9" count="0" type="stmt"/>
          <line num="10" count="0" type="cond" truecount="0" falsecount="2"/>
          <line num="11" count="0" type="stmt"/>
          <line num="12" count="0" type="stmt"/>
          <line num="14" count="0" type="stmt"/>
          <line num="17" count="0" type="stmt"/>
        </file>
      </package>
      <package name="nasa-vue.dist.js.webpack:.node_modules.vue-loader.lib.runtime">
        <metrics statements="13" coveredstatements="0" conditionals="34" coveredconditionals="0" methods="5" coveredmethods="0"/>
        <file name="componentNormalizer.js" path="/Users/tobinnelson/turing/projects-mod-4/nasa-vue/dist/js/webpack:/node_modules/vue-loader/lib/runtime/componentNormalizer.js">
          <metrics statements="13" coveredstatements="0" conditionals="34" coveredconditionals="0" methods="5" coveredmethods="0"/>
          <line num="1" count="0" type="stmt"/>
          <line num="18" count="0" type="stmt"/>
          <line num="43" count="0" type="stmt"/>
          <line num="65" count="0" type="cond" truecount="0" falsecount="2"/>
          <line num="69" count="0" type="cond" truecount="0" falsecount="2"/>
          <line num="70" count="0" type="cond" truecount="0" falsecount="2"/>
          <line num="73" count="0" type="stmt"/>
          <line num="75" count="0" type="stmt"/>
          <line num="76" count="0" type="stmt"/>
          <line num="78" count="0" type="stmt"/>
          <line num="82" count="0" type="stmt"/>
          <line num="83" count="0" type="stmt"/>
          <line num="89" count="0" type="stmt"/>
        </file>
      </package>
      <package name="nasa-vue.dist.js.webpack:.node_modules.vue-resource.dist">
        <metrics statements="325" coveredstatements="0" conditionals="383" coveredconditionals="0" methods="175" coveredmethods="0"/>
        <file name="vue-resource.esm.js" path="/Users/tobinnelson/turing/projects-mod-4/nasa-vue/dist/js/webpack:/node_modules/vue-resource/dist/vue-resource.esm.js">
          <metrics statements="325" coveredstatements="0" conditionals="383" coveredconditionals="0" methods="175" coveredmethods="0"/>
          <line num="11" count="0" type="stmt"/>
          <line num="12" count="0" type="stmt"/>
          <line num="13" count="0" type="stmt"/>
          <line num="17" count="0" type="stmt"/>
          <line num="21" count="0" type="stmt"/>
          <line num="23" count="0" type="stmt"/>
          <line num="24" count="0" type="stmt"/>
          <line num="25" count="0" type="stmt"/>
          <line num="27" count="0" type="stmt"/>
          <line num="30" count="0" type="stmt"/>
          <line num="34" count="0" type="stmt"/>
          <line num="35" count="0" type="stmt"/>
          <line num="36" count="0" type="stmt"/>
          <line num="41" count="0" type="stmt"/>
          <line num="42" count="0" type="stmt"/>
          <line num="47" count="0" type="stmt"/>
          <line num="48" count="0" type="stmt"/>
          <line num="50" count="0" type="cond" truecount="0" falsecount="2"/>
          <line num="55" count="0" type="stmt"/>
          <line num="56" count="0" type="stmt"/>
          <line num="65" count="0" type="stmt"/>
          <line num="66" count="0" type="stmt"/>
          <line num="72" count="0" type="stmt"/>
          <line num="73" count="0" type="stmt"/>
          <line num="74" count="0" type="stmt"/>
          <line num="79" count="0" type="stmt"/>
          <line num="81" count="0" type="stmt"/>
          <line num="82" count="0" type="stmt"/>
          <line num="84" count="0" type="cond" truecount="0" falsecount="2"/>
          <line num="85" count="0" type="cond" truecount="0" falsecount="2"/>
          <line num="86" count="0" type="stmt"/>
          <line num="89" count="0" type="stmt"/>
          <line num="91" count="0" type="stmt"/>
          <line num="92" count="0" type="cond" truecount="0" falsecount="2"/>
          <line num="94" count="0" type="cond" truecount="0" falsecount="5"/>
          <line num="96" count="0" type="cond" truecount="0" falsecount="2"/>
          <line num="102" count="0" type="cond" truecount="0" falsecount="2"/>
          <line num="107" count="0" type="stmt"/>
          <line num="113" count="0" type="stmt"/>
          <line num="116" count="0" type="stmt"/>
          <line num="123" count="0" type="stmt"/>
          <line num="125" count="0" type="cond" truecount="0" falsecount="2"/>
          <line num="126" count="0" type="cond" truecount="0" falsecount="2"/>
          <line num="127" count="0" type="stmt"/>
          <line num="130" count="0" type="stmt"/>
          <line num="137" count="0" type="stmt"/>
          <line num="139" count="0" type="stmt"/>
          <line num="140" count="0" type="cond" truecount="0" falsecount="2"/>
          <line num="141" count="0" type="stmt"/>
          <line num="142" count="0" type="stmt"/>
          <line num="143" count="0" type="stmt"/>
          <line num="144" count="0" type="stmt"/>
          <line num="145" count="0" type="stmt"/>
          <line num="146" count="0" type="stmt"/>
          <line num="148" count="0" type="stmt"/>
          <line num="149" count="0" type="stmt"/>
          <line num="163" count="0" type="stmt"/>
          <line num="171" count="0" type="stmt"/>
          <line num="173" count="0" type="stmt"/>
          <line num="174" count="0" type="stmt"/>
          <line num="180" count="0" type="stmt"/>
          <line num="193" count="0" type="stmt"/>
          <line num="203" count="0" type="stmt"/>
          <line num="207" count="0" type="stmt"/>
          <line num="211" count="0" type="stmt"/>
          <line num="215" count="0" type="stmt"/>
          <line num="218" count="0" type="stmt"/>
          <line num="220" count="0" type="stmt"/>
          <line num="222" count="0" type="stmt"/>
          <line num="235" count="0" type="stmt"/>
          <line num="244" count="0" type="stmt"/>
          <line num="249" count="0" type="stmt"/>
          <line num="251" count="0" type="stmt"/>
          <line num="254" count="0" type="stmt"/>
          <line num="263" count="0" type="stmt"/>
          <line num="264" count="0" type="stmt"/>
          <line num="265" count="0" type="stmt"/>
          <line num="266" count="0" type="stmt"/>
          <line num="267" count="0" type="stmt"/>
          <line num="269" count="0" type="stmt"/>
          <line num="272" count="0" type="stmt"/>
          <line num="273" count="0" type="stmt"/>
          <line num="275" count="0" type="stmt"/>
          <line num="280" count="0" type="cond" truecount="0" falsecount="3"/>
          <line num="286" count="0" type="cond" truecount="0" falsecount="2"/>
          <line num="292" count="0" type="stmt"/>
          <line num="296" count="0" type="cond" truecount="0" falsecount="2"/>
          <line num="301" count="0" type="cond" truecount="0" falsecount="2"/>
          <line num="313" count="0" type="cond" truecount="0" falsecount="2"/>
          <line num="317" count="0" type="cond" truecount="0" falsecount="2"/>
          <line num="320" count="0" type="stmt"/>
          <line num="323" count="0" type="stmt"/>
          <line num="327" count="0" type="stmt"/>
          <line num="331" count="0" type="cond" truecount="0" falsecount="2"/>
          <line num="335" count="0" type="cond" truecount="0" falsecount="2"/>
          <line num="339" count="0" type="cond" truecount="0" falsecount="2"/>
          <line num="343" count="0" type="cond" truecount="0" falsecount="2"/>
          <line num="348" count="0" type="stmt"/>
          <line num="350" count="0" type="stmt"/>
          <line num="365" count="0" type="stmt"/>
          <line num="372" count="0" type="cond" truecount="0" falsecount="2"/>
          <line num="373" count="0" type="stmt"/>
          <line num="374" count="0" type="stmt"/>
          <line num="376" count="0" type="cond" truecount="0" falsecount="2"/>
          <line num="377" count="0" type="stmt"/>
          <line num="378" count="0" type="cond" truecount="0" falsecount="2"/>
          <line num="384" count="0" type="stmt"/>
          <line num="387" count="0" type="cond" truecount="0" falsecount="2"/>
          <line num="391" count="0" type="stmt"/>
          <line num="394" count="0" type="stmt"/>
          <line num="397" count="0" type="stmt"/>
          <line num="402" count="0" type="stmt"/>
          <line num="406" count="0" type="cond" truecount="0" falsecount="2"/>
          <line num="414" count="0" type="stmt"/>
          <line num="419" count="0" type="stmt"/>
          <line num="422" count="0" type="stmt"/>
          <line num="425" count="0" type="stmt"/>
          <line num="429" count="0" type="stmt"/>
          <line num="430" count="0" type="cond" truecount="0" falsecount="3"/>
          <line num="450" count="0" type="stmt"/>
          <line num="456" count="0" type="stmt"/>
          <line num="465" count="0" type="stmt"/>
          <line num="467" count="0" type="cond" truecount="0" falsecount="2"/>
          <line num="479" count="0" type="stmt"/>
          <line num="488" count="0" type="stmt"/>
          <line num="494" count="0" type="stmt"/>
          <line num="499" count="0" type="stmt"/>
          <line num="501" count="0" type="stmt"/>
          <line num="504" count="0" type="stmt"/>
          <line num="505" count="0" type="cond" truecount="0" falsecount="2"/>
          <line num="507" count="0" type="stmt"/>
          <line num="515" count="0" type="stmt"/>
          <line num="516" count="0" type="cond" truecount="0" falsecount="2"/>
          <line num="520" count="0" type="cond" truecount="0" falsecount="6"/>
          <line num="522" count="0" type="stmt"/>
          <line num="530" count="0" type="cond" truecount="0" falsecount="2"/>
          <line num="532" count="0" type="stmt"/>
          <line num="536" count="0" type="stmt"/>
          <line num="545" count="0" type="stmt"/>
          <line num="547" count="0" type="cond" truecount="0" falsecount="4"/>
          <line num="548" count="0" type="cond" truecount="0" falsecount="5"/>
          <line num="549" count="0" type="stmt"/>
          <line num="557" count="0" type="cond" truecount="0" falsecount="2"/>
          <line num="558" count="0" type="stmt"/>
          <line num="560" count="0" type="cond" truecount="0" falsecount="2"/>
          <line num="564" count="0" type="cond" truecount="0" falsecount="2"/>
          <line num="570" count="0" type="stmt"/>
          <line num="572" count="0" type="stmt"/>
          <line num="574" count="0" type="stmt"/>
          <line num="578" count="0" type="cond" truecount="0" falsecount="2"/>
          <line num="593" count="0" type="stmt"/>
          <line num="602" count="0" type="stmt"/>
          <line num="606" count="0" type="cond" truecount="0" falsecount="2"/>
          <line num="610" count="0" type="cond" truecount="0" falsecount="3"/>
          <line num="617" count="0" type="stmt"/>
          <line num="625" count="0" type="stmt"/>
          <line num="629" count="0" type="stmt"/>
          <line num="639" count="0" type="stmt"/>
          <line num="641" count="0" type="stmt"/>
          <line num="645" count="0" type="stmt"/>
          <line num="654" count="0" type="cond" truecount="0" falsecount="2"/>
          <line num="664" count="0" type="cond" truecount="0" falsecount="2"/>
          <line num="674" count="0" type="stmt"/>
          <line num="681" count="0" type="stmt"/>
          <line num="702" count="0" type="stmt"/>
          <line num="706" count="0" type="cond" truecount="0" falsecount="2"/>
          <line num="719" count="0" type="stmt"/>
          <line num="730" count="0" type="stmt"/>
          <line num="739" count="0" type="stmt"/>
          <line num="752" count="0" type="stmt"/>
          <line num="753" count="0" type="stmt"/>
          <line num="759" count="0" type="stmt"/>
          <line num="761" count="0" type="stmt"/>
          <line num="763" count="0" type="cond" truecount="0" falsecount="2"/>
          <line num="784" count="0" type="stmt"/>
          <line num="786" count="0" type="stmt"/>
          <line num="787" count="0" type="stmt"/>
          <line num="790" count="0" type="stmt"/>
          <line num="792" count="0" type="stmt"/>
          <line num="801" count="0" type="stmt"/>
          <line num="822" count="0" type="cond" truecount="0" falsecount="2"/>
          <line num="826" count="0" type="cond" truecount="0" falsecount="2"/>
          <line num="828" count="0" type="stmt"/>
          <line num="829" count="0" type="stmt"/>
          <line num="831" count="0" type="cond" truecount="0" falsecount="3"/>
          <line num="850" count="0" type="stmt"/>
          <line num="865" count="0" type="cond" truecount="0" falsecount="2"/>
          <line num="871" count="0" type="stmt"/>
          <line num="873" count="0" type="cond" truecount="0" falsecount="2"/>
          <line num="875" count="0" type="cond" truecount="0" falsecount="2"/>
          <line num="877" count="0" type="cond" truecount="0" falsecount="4"/>
          <line num="879" count="0" type="stmt"/>
          <line num="880" count="0" type="stmt"/>
          <line num="882" count="0" type="stmt"/>
          <line num="886" count="0" type="stmt"/>
          <line num="889" count="0" type="stmt"/>
          <line num="898" count="0" type="stmt"/>
          <line num="899" count="0" type="stmt"/>
          <line num="901" count="0" type="cond" truecount="0" falsecount="2"/>
          <line num="909" count="0" type="stmt"/>
          <line num="911" count="0" type="cond" truecount="0" falsecount="2"/>
          <line num="913" count="0" type="stmt"/>
          <line num="914" count="0" type="stmt"/>
          <line num="917" count="0" type="stmt"/>
          <line num="919" count="0" type="cond" truecount="0" falsecount="2"/>
          <line num="934" count="0" type="stmt"/>
          <line num="938" count="0" type="stmt"/>
          <line num="964" count="0" type="cond" truecount="0" falsecount="2"/>
          <line num="976" count="0" type="cond" truecount="0" falsecount="2"/>
          <line num="988" count="0" type="cond" truecount="0" falsecount="3"/>
          <line num="1001" count="0" type="stmt"/>
          <line num="1006" count="0" type="stmt"/>
          <line num="1007" count="0" type="cond" truecount="0" falsecount="2"/>
          <line num="1019" count="0" type="stmt"/>
          <line num="1021" count="0" type="stmt"/>
          <line num="1023" count="0" type="stmt"/>
          <line num="1029" count="0" type="stmt"/>
          <line num="1030" count="0" type="stmt"/>
          <line num="1036" count="0" type="stmt"/>
          <line num="1075" count="0" type="stmt"/>
          <line num="1092" count="0" type="stmt"/>
          <line num="1094" count="0" type="stmt"/>
          <line num="1096" count="0" type="stmt"/>
          <line num="1097" count="0" type="stmt"/>
          <line num="1098" count="0" type="stmt"/>
          <line num="1099" count="0" type="stmt"/>
          <line num="1101" count="0" type="stmt"/>
          <line num="1102" count="0" type="stmt"/>
          <line num="1107" count="0" type="stmt"/>
          <line num="1112" count="0" type="stmt"/>
          <line num="1113" count="0" type="stmt"/>
          <line num="1118" count="0" type="stmt"/>
          <line num="1128" count="0" type="stmt"/>
          <line num="1135" count="0" type="stmt"/>
          <line num="1137" count="0" type="stmt"/>
          <line num="1139" count="0" type="cond" truecount="0" falsecount="2"/>
          <line num="1141" count="0" type="stmt"/>
          <line num="1143" count="0" type="cond" truecount="0" falsecount="2"/>
          <line num="1145" count="0" type="cond" truecount="0" falsecount="2"/>
          <line num="1146" count="0" type="stmt"/>
          <line num="1148" count="0" type="stmt"/>
          <line num="1149" count="0" type="stmt"/>
          <line num="1150" count="0" type="cond" truecount="0" falsecount="2"/>
          <line num="1159" count="0" type="cond" truecount="0" falsecount="2"/>
          <line num="1164" count="0" type="stmt"/>
          <line num="1170" count="0" type="stmt"/>
          <line num="1173" count="0" type="stmt"/>
          <line num="1178" count="0" type="cond" truecount="0" falsecount="2"/>
          <line num="1180" count="0" type="stmt"/>
          <line num="1187" count="0" type="stmt"/>
          <line num="1188" count="0" type="stmt"/>
          <line num="1191" count="0" type="stmt"/>
          <line num="1193" count="0" type="stmt"/>
          <line num="1196" count="0" type="stmt"/>
          <line num="1197" count="0" type="stmt"/>
          <line num="1202" count="0" type="stmt"/>
          <line num="1204" count="0" type="cond" truecount="0" falsecount="2"/>
          <line num="1208" count="0" type="cond" truecount="0" falsecount="2"/>
          <line num="1212" count="0" type="cond" truecount="0" falsecount="2"/>
          <line num="1217" count="0" type="stmt"/>
          <line num="1219" count="0" type="stmt"/>
          <line num="1226" count="0" type="stmt"/>
          <line num="1231" count="0" type="stmt"/>
          <line num="1235" count="0" type="stmt"/>
          <line num="1237" count="0" type="stmt"/>
          <line num="1238" count="0" type="stmt"/>
          <line num="1243" count="0" type="stmt"/>
          <line num="1244" count="0" type="cond" truecount="0" falsecount="2"/>
          <line num="1250" count="0" type="cond" truecount="0" falsecount="2"/>
          <line num="1251" count="0" type="stmt"/>
          <line num="1254" count="0" type="stmt"/>
          <line num="1261" count="0" type="stmt"/>
          <line num="1262" count="0" type="stmt"/>
          <line num="1263" count="0" type="stmt"/>
          <line num="1264" count="0" type="stmt"/>
          <line num="1265" count="0" type="stmt"/>
          <line num="1268" count="0" type="stmt"/>
          <line num="1289" count="0" type="stmt"/>
          <line num="1290" count="0" type="stmt"/>
          <line num="1294" count="0" type="stmt"/>
          <line num="1298" count="0" type="stmt"/>
          <line num="1304" count="0" type="stmt"/>
          <line num="1308" count="0" type="stmt"/>
          <line num="1314" count="0" type="stmt"/>
          <line num="1316" count="0" type="stmt"/>
          <line num="1318" count="0" type="stmt"/>
          <line num="1320" count="0" type="stmt"/>
          <line num="1327" count="0" type="cond" truecount="0" falsecount="2"/>
          <line num="1334" count="0" type="stmt"/>
          <line num="1336" count="0" type="stmt"/>
          <line num="1348" count="0" type="stmt"/>
          <line num="1349" count="0" type="stmt"/>
          <line num="1353" count="0" type="stmt"/>
          <line num="1357" count="0" type="cond" truecount="0" falsecount="2"/>
          <line num="1364" count="0" type="stmt"/>
          <line num="1365" count="0" type="stmt"/>
          <line num="1369" count="0" type="cond" truecount="0" falsecount="2"/>
          <line num="1375" count="0" type="cond" truecount="0" falsecount="2"/>
          <line num="1385" count="0" type="stmt"/>
          <line num="1387" count="0" type="cond" truecount="0" falsecount="2"/>
          <line num="1395" count="0" type="stmt"/>
          <line num="1399" count="0" type="stmt"/>
          <line num="1415" count="0" type="stmt"/>
          <line num="1416" count="0" type="cond" truecount="0" falsecount="2"/>
          <line num="1423" count="0" type="stmt"/>
          <line num="1424" count="0" type="cond" truecount="0" falsecount="2"/>
          <line num="1435" count="0" type="cond" truecount="0" falsecount="2"/>
          <line num="1444" count="0" type="stmt"/>
          <line num="1447" count="0" type="cond" truecount="0" falsecount="2"/>
          <line num="1451" count="0" type="stmt"/>
          <line num="1456" count="0" type="stmt"/>
          <line num="1458" count="0" type="stmt"/>
          <line num="1462" count="0" type="stmt"/>
          <line num="1465" count="0" type="stmt"/>
          <line num="1469" count="0" type="stmt"/>
          <line num="1475" count="0" type="stmt"/>
          <line num="1479" count="0" type="stmt"/>
          <line num="1483" count="0" type="stmt"/>
          <line num="1489" count="0" type="stmt"/>
          <line num="1509" count="0" type="cond" truecount="0" falsecount="2"/>
          <line num="1524" count="0" type="stmt"/>
          <line num="1530" count="0" type="stmt"/>
          <line num="1536" count="0" type="stmt"/>
          <line num="1542" count="0" type="stmt"/>
          <line num="1544" count="0" type="stmt"/>
        </file>
      </package>
      <package name="nasa-vue.dist.js.webpack:.node_modules.vue-router.dist">
        <metrics statements="694" coveredstatements="0" conditionals="744" coveredconditionals="0" methods="217" coveredmethods="0"/>
        <file name="vue-router.esm.js" path="/Users/tobinnelson/turing/projects-mod-4/nasa-vue/dist/js/webpack:/node_modules/vue-router/dist/vue-router.esm.js">
          <metrics statements="694" coveredstatements="0" conditionals="744" coveredconditionals="0" methods="217" coveredmethods="0"/>
          <line num="15" count="0" type="stmt"/>
          <line num="21" count="0" type="stmt"/>
          <line num="25" count="0" type="stmt"/>
          <line num="26" count="0" type="stmt"/>
          <line num="28" count="0" type="stmt"/>
          <line num="31" count="0" type="stmt"/>
          <line num="41" count="0" type="stmt"/>
          <line num="42" count="0" type="stmt"/>
          <line num="43" count="0" type="stmt"/>
          <line num="44" count="0" type="stmt"/>
          <line num="47" count="0" type="stmt"/>
          <line num="51" count="0" type="stmt"/>
          <line num="52" count="0" type="stmt"/>
          <line num="53" count="0" type="stmt"/>
          <line num="54" count="0" type="cond" truecount="0" falsecount="2"/>
          <line num="58" count="0" type="stmt"/>
          <line num="59" count="0" type="stmt"/>
          <line num="60" count="0" type="cond" truecount="0" falsecount="2"/>
          <line num="61" count="0" type="cond" truecount="0" falsecount="3"/>
          <line num="72" count="0" type="cond" truecount="0" falsecount="2"/>
          <line num="73" count="0" type="stmt"/>
          <line num="76" count="0" type="stmt"/>
          <line num="78" count="0" type="cond" truecount="0" falsecount="2"/>
          <line num="80" count="0" type="stmt"/>
          <line num="83" count="0" type="stmt"/>
          <line num="87" count="0" type="stmt"/>
          <line num="89" count="0" type="stmt"/>
          <line num="101" count="0" type="stmt"/>
          <line num="105" count="0" type="cond" truecount="0" falsecount="2"/>
          <line num="106" count="0" type="cond" truecount="0" falsecount="2"/>
          <line num="108" count="0" type="stmt"/>
          <line num="110" count="0" type="cond" truecount="0" falsecount="2"/>
          <line num="111" count="0" type="stmt"/>
          <line num="112" count="0" type="cond" truecount="0" falsecount="3"/>
          <line num="119" count="0" type="stmt"/>
          <line num="124" count="0" type="stmt"/>
          <line num="126" count="0" type="stmt"/>
          <line num="128" count="0" type="stmt"/>
          <line num="130" count="0" type="stmt"/>
          <line num="132" count="0" type="cond" truecount="0" falsecount="2"/>
[...]
          <line num="7923" count="0" type="cond" truecount="0" falsecount="4"/>
          <line num="7924" count="0" type="stmt"/>
          <line num="7935" count="0" type="cond" truecount="0" falsecount="2"/>
          <line num="7938" count="0" type="stmt"/>
          <line num="7939" count="0" type="stmt"/>
          <line num="7940" count="0" type="stmt"/>
          <line num="7948" count="0" type="stmt"/>
          <line num="7952" count="0" type="stmt"/>
          <line num="7956" count="0" type="stmt"/>
          <line num="7957" count="0" type="cond" truecount="0" falsecount="4"/>
          <line num="7958" count="0" type="cond" truecount="0" falsecount="3"/>
          <line num="7974" count="0" type="cond" truecount="0" falsecount="2"/>
          <line num="7975" count="0" type="stmt"/>
          <line num="7976" count="0" type="stmt"/>
          <line num="7977" count="0" type="stmt"/>
          <line num="7980" count="0" type="cond" truecount="0" falsecount="5"/>
          <line num="7996" count="0" type="cond" truecount="0" falsecount="2"/>
          <line num="7997" count="0" type="stmt"/>
          <line num="8000" count="0" type="cond" truecount="0" falsecount="2"/>
          <line num="8001" count="0" type="stmt"/>
          <line num="8008" count="0" type="stmt"/>
          <line num="8009" count="0" type="cond" truecount="0" falsecount="2"/>
          <line num="8010" count="0" type="stmt"/>
          <line num="8015" count="0" type="stmt"/>
          <line num="8017" count="0" type="stmt"/>
          <line num="8024" count="0" type="cond" truecount="0" falsecount="2"/>
          <line num="8034" count="0" type="stmt"/>
          <line num="8038" count="0" type="stmt"/>
          <line num="8039" count="0" type="stmt"/>
          <line num="8040" count="0" type="stmt"/>
          <line num="8041" count="0" type="stmt"/>
          <line num="8042" count="0" type="cond" truecount="0" falsecount="4"/>
          <line num="8043" count="0" type="stmt"/>
          <line num="8044" count="0" type="stmt"/>
          <line num="8045" count="0" type="stmt"/>
          <line num="8050" count="0" type="stmt"/>
          <line num="8058" count="0" type="stmt"/>
          <line num="8077" count="0" type="stmt"/>
          <line num="8084" count="0" type="cond" truecount="0" falsecount="3"/>
        </file>
      </package>
      <package name="nasa-vue.dist.js.webpack:.src">
        <metrics statements="10" coveredstatements="0" conditionals="2" coveredconditionals="0" methods="3" coveredmethods="0"/>
        <file name="App.vue" path="/Users/tobinnelson/turing/projects-mod-4/nasa-vue/dist/js/webpack:/src/App.vue">
          <metrics statements="2" coveredstatements="0" conditionals="0" coveredconditionals="0" methods="0" coveredmethods="0"/>
          <line num="18" count="0" type="stmt"/>
          <line num="19" count="0" type="stmt"/>
        </file>
        <file name="App.vue?18e3" path="/Users/tobinnelson/turing/projects-mod-4/nasa-vue/dist/js/webpack:/src/App.vue?18e3">
          <metrics statements="1" coveredstatements="0" conditionals="2" coveredconditionals="0" methods="0" coveredmethods="0"/>
          <line num="1" count="0" type="cond" truecount="0" falsecount="2"/>
        </file>
        <file name="main.js" path="/Users/tobinnelson/turing/projects-mod-4/nasa-vue/dist/js/webpack:/src/main.js">
          <metrics statements="2" coveredstatements="0" conditionals="0" coveredconditionals="0" methods="1" coveredmethods="0"/>
          <line num="6" count="0" type="stmt"/>
          <line num="11" count="0" type="stmt"/>
        </file>
        <file name="router.js" path="/Users/tobinnelson/turing/projects-mod-4/nasa-vue/dist/js/webpack:/src/router.js">
          <metrics statements="5" coveredstatements="0" conditionals="0" coveredconditionals="0" methods="2" coveredmethods="0"/>
          <line num="5" count="0" type="stmt"/>
          <line num="7" count="0" type="stmt"/>
          <line num="20" count="0" type="stmt"/>
          <line num="27" count="0" type="stmt"/>
          <line num="28" count="0" type="stmt"/>
        </file>
      </package>
      <package name="nasa-vue.dist.js.webpack:.src.assets">
        <metrics statements="3" coveredstatements="0" conditionals="0" coveredconditionals="0" methods="0" coveredmethods="0"/>
        <file name="data.js" path="/Users/tobinnelson/turing/projects-mod-4/nasa-vue/dist/js/webpack:/src/assets/data.js">
          <metrics statements="2" coveredstatements="0" conditionals="0" coveredconditionals="0" methods="0" coveredmethods="0"/>
          <line num="1" count="0" type="stmt"/>
          <line num="126" count="0" type="stmt"/>
        </file>
        <file name="home-icon.png" path="/Users/tobinnelson/turing/projects-mod-4/nasa-vue/dist/js/webpack:/src/assets/home-icon.png">
          <metrics statements="1" coveredstatements="0" conditionals="0" coveredconditionals="0" methods="0" coveredmethods="0"/>
          <line num="1" count="0" type="stmt"/>
        </file>
      </package>
      <package name="nasa-vue.dist.js.webpack:.src.views">
        <metrics statements="35" coveredstatements="0" conditionals="10" coveredconditionals="0" methods="9" coveredmethods="0"/>
        <file name="DailyPic.vue" path="/Users/tobinnelson/turing/projects-mod-4/nasa-vue/dist/js/webpack:/src/views/DailyPic.vue">
          <metrics statements="12" coveredstatements="0" conditionals="4" coveredconditionals="0" methods="3" coveredmethods="0"/>
          <line num="25" count="0" type="stmt"/>
          <line num="31" count="0" type="stmt"/>
          <line num="32" count="0" type="stmt"/>
          <line num="33" count="0" type="stmt"/>
          <line num="34" count="0" type="stmt"/>
          <line num="48" count="0" type="stmt"/>
          <line num="50" count="0" type="stmt"/>
          <line num="53" count="0" type="stmt"/>
          <line num="54" count="0" type="stmt"/>
          <line num="55" count="0" type="stmt"/>
          <line num="56" count="0" type="stmt"/>
          <line num="61" count="0" type="stmt"/>
        </file>
        <file name="DailyPic.vue?0b56" path="/Users/tobinnelson/turing/projects-mod-4/nasa-vue/dist/js/webpack:/src/views/DailyPic.vue?0b56">
          <metrics statements="1" coveredstatements="0" conditionals="0" coveredconditionals="0" methods="0" coveredmethods="0"/>
          <line num="1" count="0" type="stmt"/>
        </file>
        <file name="DailyPic.vue?78f4" path="/Users/tobinnelson/turing/projects-mod-4/nasa-vue/dist/js/webpack:/src/views/DailyPic.vue?78f4">
          <metrics statements="2" coveredstatements="0" conditionals="2" coveredconditionals="0" methods="1" coveredmethods="0"/>
          <line num="1" count="0" type="cond" truecount="0" falsecount="2"/>
          <line num="2" count="0" type="stmt"/>
        </file>
        <file name="DailyPic.vue?875c" path="/Users/tobinnelson/turing/projects-mod-4/nasa-vue/dist/js/webpack:/src/views/DailyPic.vue?875c">
          <metrics statements="2" coveredstatements="0" conditionals="0" coveredconditionals="0" methods="0" coveredmethods="0"/>
          <line num="20" count="0" type="stmt"/>
          <line num="21" count="0" type="stmt"/>
        </file>
        <file name="DailyPic.vue?8955" path="/Users/tobinnelson/turing/projects-mod-4/nasa-vue/dist/js/webpack:/src/views/DailyPic.vue?8955">
          <metrics statements="1" coveredstatements="0" conditionals="0" coveredconditionals="0" methods="0" coveredmethods="0"/>
          <line num="1" count="0" type="stmt"/>
        </file>
        <file name="Home.vue?12fa" path="/Users/tobinnelson/turing/projects-mod-4/nasa-vue/dist/js/webpack:/src/views/Home.vue?12fa">
          <metrics statements="1" coveredstatements="0" conditionals="2" coveredconditionals="0" methods="0" coveredmethods="0"/>
          <line num="1" count="0" type="cond" truecount="0" falsecount="2"/>
        </file>
        <file name="Home.vue?56d4" path="/Users/tobinnelson/turing/projects-mod-4/nasa-vue/dist/js/webpack:/src/views/Home.vue?56d4">
          <metrics statements="1" coveredstatements="0" conditionals="0" coveredconditionals="0" methods="1" coveredmethods="0"/>
          <line num="1" count="0" type="stmt"/>
        </file>
        <file name="Home.vue?c853" path="/Users/tobinnelson/turing/projects-mod-4/nasa-vue/dist/js/webpack:/src/views/Home.vue?c853">
          <metrics statements="3" coveredstatements="0" conditionals="0" coveredconditionals="0" methods="0" coveredmethods="0"/>
          <line num="9" count="0" type="stmt"/>
          <line num="20" count="0" type="stmt"/>
          <line num="21" count="0" type="stmt"/>
        </file>
        <file name="MonthlyPics.vue" path="/Users/tobinnelson/turing/projects-mod-4/nasa-vue/dist/js/webpack:/src/views/MonthlyPics.vue">
          <metrics statements="6" coveredstatements="0" conditionals="0" coveredconditionals="0" methods="2" coveredmethods="0"/>
          <line num="24" count="0" type="stmt"/>
          <line num="31" count="0" type="stmt"/>
          <line num="32" count="0" type="stmt"/>
          <line num="33" count="0" type="stmt"/>
          <line num="47" count="0" type="stmt"/>
          <line num="50" count="0" type="stmt"/>
        </file>
        <file name="MonthlyPics.vue?4797" path="/Users/tobinnelson/turing/projects-mod-4/nasa-vue/dist/js/webpack:/src/views/MonthlyPics.vue?4797">
          <metrics statements="2" coveredstatements="0" conditionals="0" coveredconditionals="0" methods="0" coveredmethods="0"/>
          <line num="20" count="0" type="stmt"/>
          <line num="21" count="0" type="stmt"/>
        </file>
        <file name="MonthlyPics.vue?5993" path="/Users/tobinnelson/turing/projects-mod-4/nasa-vue/dist/js/webpack:/src/views/MonthlyPics.vue?5993">
          <metrics statements="1" coveredstatements="0" conditionals="0" coveredconditionals="0" methods="0" coveredmethods="0"/>
          <line num="1" count="0" type="stmt"/>
        </file>
        <file name="MonthlyPics.vue?7593" path="/Users/tobinnelson/turing/projects-mod-4/nasa-vue/dist/js/webpack:/src/views/MonthlyPics.vue?7593">
          <metrics statements="1" coveredstatements="0" conditionals="0" coveredconditionals="0" methods="0" coveredmethods="0"/>
          <line num="1" count="0" type="stmt"/>
        </file>
        <file name="MonthlyPics.vue?d55d" path="/Users/tobinnelson/turing/projects-mod-4/nasa-vue/dist/js/webpack:/src/views/MonthlyPics.vue?d55d">
          <metrics statements="2" coveredstatements="0" conditionals="2" coveredconditionals="0" methods="2" coveredmethods="0"/>
          <line num="1" count="0" type="cond" truecount="0" falsecount="2"/>
          <line num="2" count="0" type="stmt"/>
        </file>
      </package>
      <package name="nasa-vue.dist.js.webpack:.webpack">
        <metrics statements="85" coveredstatements="0" conditionals="76" coveredconditionals="0" methods="21" coveredmethods="0"/>
        <file name="bootstrap" path="/Users/tobinnelson/turing/projects-mod-4/nasa-vue/dist/js/webpack:/webpack/bootstrap">
          <metrics statements="85" coveredstatements="0" conditionals="76" coveredconditionals="0" methods="21" coveredmethods="0"/>
          <line num="10" count="0" type="stmt"/>
          <line num="11" count="0" type="stmt"/>
          <line num="17" count="0" type="stmt"/>
          <line num="18" count="0" type="cond" truecount="0" falsecount="2"/>
          <line num="22" count="0" type="cond" truecount="0" falsecount="2"/>
          <line num="24" count="0" type="stmt"/>
          <line num="25" count="0" type="stmt"/>
          <line num="32" count="0" type="stmt"/>
          <line num="36" count="0" type="stmt"/>
          <line num="39" count="0" type="stmt"/>
          <line num="40" count="0" type="stmt"/>
          <line num="41" count="0" type="cond" truecount="0" falsecount="2"/>
          <line num="43" count="0" type="cond" truecount="0" falsecount="2"/>
          <line num="48" count="0" type="stmt"/>
          <line num="52" count="0" type="stmt"/>
          <line num="55" count="0" type="stmt"/>
          <line num="62" count="0" type="stmt"/>
          <line num="66" count="0" type="stmt"/>
          <line num="70" count="0" type="cond" truecount="0" falsecount="2"/>
          <line num="77" count="0" type="cond" truecount="0" falsecount="2"/>
          <line num="78" count="0" type="stmt"/>
          <line num="81" count="0" type="stmt"/>
          <line num="94" count="0" type="stmt"/>
          <line num="99" count="0" type="stmt"/>
          <line num="100" count="0" type="stmt"/>
          <line num="104" count="0" type="stmt"/>
          <line num="105" count="0" type="cond" truecount="0" falsecount="2"/>
          <line num="111" count="0" type="stmt"/>
          <line num="112" count="0" type="stmt"/>
          <line num="113" count="0" type="cond" truecount="0" falsecount="2"/>
          <line num="114" count="0" type="cond" truecount="0" falsecount="5"/>
          <line num="116" count="0" type="stmt"/>
          <line num="117" count="0" type="stmt"/>
          <line num="118" count="0" type="stmt"/>
          <line num="120" count="0" type="cond" truecount="0" falsecount="4"/>
          <line num="122" count="0" type="stmt"/>
          <line num="123" count="0" type="stmt"/>
          <line num="127" count="0" type="cond" truecount="0" falsecount="4"/>
          <line num="128" count="0" type="stmt"/>
          <line num="129" count="0" type="stmt"/>
          <line num="136" count="0" type="stmt"/>
          <line num="137" count="0" type="stmt"/>
          <line num="139" count="0" type="stmt"/>
          <line num="145" count="0" type="stmt"/>
          <line num="146" count="0" type="cond" truecount="0" falsecount="2"/>
          <line num="149" count="0" type="cond" truecount="0" falsecount="2"/>
          <line num="150" count="0" type="stmt"/>
          <line num="153" count="0" type="stmt"/>
          <line num="154" count="0" type="stmt"/>
          <line num="156" count="0" type="stmt"/>
          <line num="159" count="0" type="stmt"/>
          <line num="162" count="0" type="stmt"/>
          <line num="171" count="0" type="stmt"/>
          <line num="173" count="0" type="stmt"/>
          <line num="174" count="0" type="cond" truecount="0" falsecount="2"/>
          <line num="175" count="0" type="cond" truecount="0" falsecount="2"/>
          <line num="176" count="0" type="cond" truecount="0" falsecount="2"/>
          <line num="177" count="0" type="cond" truecount="0" falsecount="3"/>
          <line num="178" count="0" type="stmt"/>
          <line num="179" count="0" type="stmt"/>
          <line num="183" count="0" type="stmt"/>
          <line num="186" count="0" type="stmt"/>
          <line num="187" count="0" type="stmt"/>
          <line num="189" count="0" type="stmt"/>
          <line num="193" count="0" type="stmt"/>
          <line num="204" count="0" type="cond" truecount="0" falsecount="2"/>
          <line num="211" count="0" type="cond" truecount="0" falsecount="3"/>
          <line num="224" count="0" type="cond" truecount="0" falsecount="2"/>
          <line num="225" count="0" type="cond" truecount="0" falsecount="6"/>
          <line num="226" count="0" type="stmt"/>
          <line num="229" count="0" type="cond" truecount="0" falsecount="4"/>
          <line num="230" count="0" type="stmt"/>
          <line num="235" count="0" type="cond" truecount="0" falsecount="2"/>
          <line num="236" count="0" type="cond" truecount="0" falsecount="2"/>
          <line num="237" count="0" type="stmt"/>
          <line num="239" count="0" type="stmt"/>
          <line num="243" count="0" type="stmt"/>
          <line num="249" count="0" type="stmt"/>
          <line num="251" count="0" type="cond" truecount="0" falsecount="2"/>
          <line num="252" count="0" type="stmt"/>
          <line num="253" count="0" type="stmt"/>
          <line num="255" count="0" type="stmt"/>
          <line num="256" count="0" type="stmt"/>
          <line num="260" count="0" type="stmt"/>
          <line num="262" count="0" type="stmt"/>
        </file>
      </package>
      <package name="nasa-vue.src">
        <metrics statements="14" coveredstatements="0" conditionals="0" coveredconditionals="0" methods="3" coveredmethods="0"/>
        <file name="main.js" path="/Users/tobinnelson/turing/projects-mod-4/nasa-vue/src/main.js">
          <metrics statements="8" coveredstatements="0" conditionals="0" coveredconditionals="0" methods="1" coveredmethods="0"/>
          <line num="1" count="0" type="stmt"/>
          <line num="2" count="0" type="stmt"/>
          <line num="3" count="0" type="stmt"/>
          <line num="4" count="0" type="stmt"/>
          <line num="6" count="0" type="stmt"/>
          <line num="7" count="0" type="stmt"/>
          <line num="9" count="0" type="stmt"/>
          <line num="11" count="0" type="stmt"/>
        </file>
        <file name="router.js" path="/Users/tobinnelson/turing/projects-mod-4/nasa-vue/src/router.js">
          <metrics statements="6" coveredstatements="0" conditionals="0" coveredconditionals="0" methods="2" coveredmethods="0"/>
          <line num="1" count="0" type="stmt"/>
          <line num="2" count="0" type="stmt"/>
          <line num="3" count="0" type="stmt"/>
          <line num="5" count="0" type="stmt"/>
          <line num="20" count="0" type="stmt"/>
          <line num="27" count="0" type="stmt"/>
        </file>
      </package>
      <package name="nasa-vue.src.assets">
        <metrics statements="1" coveredstatements="0" conditionals="0" coveredconditionals="0" methods="0" coveredmethods="0"/>
        <file name="data.js" path="/Users/tobinnelson/turing/projects-mod-4/nasa-vue/src/assets/data.js">
          <metrics statements="1" coveredstatements="0" conditionals="0" coveredconditionals="0" methods="0" coveredmethods="0"/>
          <line num="1" count="0" type="stmt"/>
        </file>
      </package>
      <package name="nasa-vue.src.views">
        <metrics statements="23" coveredstatements="0" conditionals="4" coveredconditionals="0" methods="3" coveredmethods="0"/>
        <file name="DailyPic.vue" path="/Users/tobinnelson/turing/projects-mod-4/nasa-vue/src/views/DailyPic.vue">
          <metrics statements="15" coveredstatements="0" conditionals="4" coveredconditionals="0" methods="2" coveredmethods="0"/>
          <line num="21" count="0" type="stmt"/>
          <line num="25" count="0" type="stmt"/>
          <line num="31" count="0" type="stmt"/>
          <line num="32" count="0" type="stmt"/>
          <line num="33" count="0" type="stmt"/>
          <line num="34" count="0" type="stmt"/>
          <line num="48" count="0" type="stmt"/>
          <line num="50" count="0" type="stmt"/>
          <line num="53" count="0" type="stmt"/>
          <line num="54" count="0" type="stmt"/>
          <line num="55" count="0" type="stmt"/>
          <line num="56" count="0" type="stmt"/>
          <line num="58" count="0" type="cond" truecount="0" falsecount="2"/>
          <line num="59" count="0" type="cond" truecount="0" falsecount="2"/>
          <line num="61" count="0" type="stmt"/>
        </file>
        <file name="MonthlyPics.vue" path="/Users/tobinnelson/turing/projects-mod-4/nasa-vue/src/views/MonthlyPics.vue">
          <metrics statements="8" coveredstatements="0" conditionals="0" coveredconditionals="0" methods="1" coveredmethods="0"/>
          <line num="20" count="0" type="stmt"/>
          <line num="24" count="0" type="stmt"/>
          <line num="31" count="0" type="stmt"/>
          <line num="32" count="0" type="stmt"/>
          <line num="33" count="0" type="stmt"/>
          <line num="47" count="0" type="stmt"/>
          <line num="48" count="0" type="stmt"/>
          <line num="50" count="0" type="stmt"/>
        </file>
      </package>
    </metrics>
  </project>
</coverage>
