TN:
SF:/Users/tobinnelson/turing/projects-mod-4/nasa-vue/babel.config.js
FNF:0
FNH:0
DA:1,0
LF:1
LH:0
BRF:0
BRH:0
end_of_record
TN:
SF:/Users/tobinnelson/turing/projects-mod-4/nasa-vue/coverage/lcov-report/prettify.js
FN:1,(anonymous_0)
FN:1,k
FN:1,ab
FN:1,T
FN:1,X
FN:1,(anonymous_5)
FN:1,W
FN:1,(anonymous_7)
FN:1,a
FN:1,aa
FN:1,B
FN:1,o
FN:1,g
FN:1,(anonymous_13)
FN:1,(anonymous_14)
FN:1,i
FN:1,Q
FN:1,ae
FN:1,ad
FN:1,ai
FN:1,D
FN:1,c
FN:1,q
FN:1,d
FN:1,y
FN:1,b
FN:1,Y
FN:1,(anonymous_27)
FN:1,U
FNF:29
FNH:0
FNDA:0,(anonymous_0)
FNDA:0,k
FNDA:0,ab
FNDA:0,T
FNDA:0,X
FNDA:0,(anonymous_5)
FNDA:0,W
FNDA:0,(anonymous_7)
FNDA:0,a
FNDA:0,aa
FNDA:0,B
FNDA:0,o
FNDA:0,g
FNDA:0,(anonymous_13)
FNDA:0,(anonymous_14)
FNDA:0,i
FNDA:0,Q
FNDA:0,ae
FNDA:0,ad
FNDA:0,ai
FNDA:0,D
FNDA:0,c
FNDA:0,q
FNDA:0,d
FNDA:0,y
FNDA:0,b
FNDA:0,Y
FNDA:0,(anonymous_27)
FNDA:0,U
DA:1,0
LF:1
LH:0
BRDA:1,0,0,0
BRDA:1,0,1,0
BRDA:1,1,0,0
BRDA:1,1,1,0
BRDA:1,2,0,0
BRDA:1,2,1,0
BRDA:1,3,0,0
BRDA:1,3,1,0
BRDA:1,4,0,0
BRDA:1,4,1,0
BRDA:1,5,0,0
BRDA:1,5,1,0
BRDA:1,6,0,0
BRDA:1,6,1,0
BRDA:1,7,0,0
BRDA:1,7,1,0
BRDA:1,8,0,0
BRDA:1,8,1,0
BRDA:1,9,0,0
BRDA:1,9,1,0
BRDA:1,10,0,0
BRDA:1,10,1,0
BRDA:1,11,0,0
BRDA:1,11,1,0
BRDA:1,11,2,0
BRDA:1,11,3,0
BRDA:1,12,0,0
BRDA:1,12,1,0
BRDA:1,13,0,0
BRDA:1,13,1,0
BRDA:1,14,0,0
BRDA:1,14,1,0
BRDA:1,15,0,0
BRDA:1,15,1,0
BRDA:1,16,0,0
BRDA:1,16,1,0
BRDA:1,17,0,0
BRDA:1,17,1,0
BRDA:1,18,0,0
BRDA:1,18,1,0
BRDA:1,19,0,0
BRDA:1,19,1,0
BRDA:1,20,0,0
BRDA:1,20,1,0
BRDA:1,21,0,0
BRDA:1,21,1,0
BRDA:1,22,0,0
BRDA:1,22,1,0
BRDA:1,23,0,0
BRDA:1,23,1,0
BRDA:1,24,0,0
BRDA:1,24,1,0
BRDA:1,25,0,0
BRDA:1,25,1,0
BRDA:1,26,0,0
BRDA:1,26,1,0
BRDA:1,27,0,0
BRDA:1,27,1,0
BRDA:1,28,0,0
BRDA:1,28,1,0
BRDA:1,29,0,0
BRDA:1,29,1,0
BRDA:1,30,0,0
BRDA:1,30,1,0
BRDA:1,31,0,0
BRDA:1,31,1,0
BRDA:1,32,0,0
BRDA:1,32,1,0
BRDA:1,33,0,0
BRDA:1,33,1,0
BRDA:1,34,0,0
BRDA:1,34,1,0
BRDA:1,35,0,0
BRDA:1,35,1,0
BRDA:1,36,0,0
BRDA:1,36,1,0
BRDA:1,37,0,0
BRDA:1,37,1,0
BRDA:1,38,0,0
BRDA:1,38,1,0
BRDA:1,39,0,0
BRDA:1,39,1,0
BRDA:1,40,0,0
BRDA:1,40,1,0
BRDA:1,41,0,0
BRDA:1,41,1,0
BRDA:1,42,0,0
BRDA:1,42,1,0
BRDA:1,43,0,0
BRDA:1,43,1,0
BRDA:1,44,0,0
BRDA:1,44,1,0
BRDA:1,45,0,0
BRDA:1,45,1,0
BRDA:1,46,0,0
BRDA:1,46,1,0
BRDA:1,47,0,0
BRDA:1,47,1,0
BRDA:1,48,0,0
BRDA:1,48,1,0
BRDA:1,49,0,0
BRDA:1,49,1,0
BRDA:1,49,2,0
BRDA:1,50,0,0
BRDA:1,50,1,0
BRDA:1,51,0,0
BRDA:1,51,1,0
BRDA:1,52,0,0
BRDA:1,52,1,0
BRDA:1,53,0,0
BRDA:1,53,1,0
BRDA:1,54,0,0
BRDA:1,54,1,0
BRDA:1,55,0,0
BRDA:1,55,1,0
BRDA:1,56,0,0
BRDA:1,56,1,0
BRDA:1,57,0,0
BRDA:1,57,1,0
BRDA:1,58,0,0
BRDA:1,58,1,0
BRDA:1,59,0,0
BRDA:1,59,1,0
BRDA:1,60,0,0
BRDA:1,60,1,0
BRDA:1,61,0,0
BRDA:1,61,1,0
BRDA:1,62,0,0
BRDA:1,62,1,0
BRDA:1,63,0,0
BRDA:1,63,1,0
BRDA:1,64,0,0
BRDA:1,64,1,0
BRDA:1,65,0,0
BRDA:1,65,1,0
BRDA:1,66,0,0
BRDA:1,66,1,0
BRDA:1,67,0,0
BRDA:1,67,1,0
BRDA:1,68,0,0
BRDA:1,68,1,0
BRDA:1,69,0,0
BRDA:1,69,1,0
BRDA:1,70,0,0
BRDA:1,70,1,0
BRDA:1,71,0,0
BRDA:1,71,1,0
BRDA:1,72,0,0
BRDA:1,72,1,0
BRDA:1,73,0,0
BRDA:1,73,1,0
BRDA:1,74,0,0
BRDA:1,74,1,0
BRDA:1,75,0,0
BRDA:1,75,1,0
BRDA:1,76,0,0
BRDA:1,76,1,0
BRDA:1,77,0,0
BRDA:1,77,1,0
BRDA:1,78,0,0
BRDA:1,78,1,0
BRDA:1,79,0,0
BRDA:1,79,1,0
BRDA:1,80,0,0
BRDA:1,80,1,0
BRDA:1,81,0,0
BRDA:1,81,1,0
BRDA:1,82,0,0
BRDA:1,82,1,0
BRDA:1,83,0,0
BRDA:1,83,1,0
BRDA:1,84,0,0
BRDA:1,84,1,0
BRDA:1,85,0,0
BRDA:1,85,1,0
BRDA:1,86,0,0
BRDA:1,86,1,0
BRDA:1,87,0,0
BRDA:1,87,1,0
BRDA:1,88,0,0
BRDA:1,88,1,0
BRDA:1,88,2,0
BRDA:1,89,0,0
BRDA:1,89,1,0
BRDA:1,90,0,0
BRDA:1,90,1,0
BRDA:1,91,0,0
BRDA:1,91,1,0
BRDA:1,92,0,0
BRDA:1,92,1,0
BRDA:1,93,0,0
BRDA:1,93,1,0
BRDA:1,94,0,0
BRDA:1,94,1,0
BRDA:1,95,0,0
BRDA:1,95,1,0
BRDA:1,96,0,0
BRDA:1,96,1,0
BRDA:1,97,0,0
BRDA:1,97,1,0
BRDA:1,98,0,0
BRDA:1,98,1,0
BRDA:1,99,0,0
BRDA:1,99,1,0
BRDA:1,100,0,0
BRDA:1,100,1,0
BRDA:1,101,0,0
BRDA:1,101,1,0
BRDA:1,102,0,0
BRDA:1,102,1,0
BRDA:1,103,0,0
BRDA:1,103,1,0
BRDA:1,104,0,0
BRDA:1,104,1,0
BRDA:1,105,0,0
BRDA:1,105,1,0
BRDA:1,106,0,0
BRDA:1,106,1,0
BRDA:1,107,0,0
BRDA:1,107,1,0
BRDA:1,108,0,0
BRDA:1,108,1,0
BRDA:1,109,0,0
BRDA:1,109,1,0
BRDA:1,110,0,0
BRDA:1,110,1,0
BRDA:1,111,0,0
BRDA:1,111,1,0
BRDA:1,112,0,0
BRDA:1,112,1,0
BRDA:1,113,0,0
BRDA:1,113,1,0
BRDA:1,114,0,0
BRDA:1,114,1,0
BRDA:1,115,0,0
BRDA:1,115,1,0
BRDA:1,116,0,0
BRDA:1,116,1,0
BRDA:1,117,0,0
BRDA:1,117,1,0
BRDA:1,118,0,0
BRDA:1,118,1,0
BRDA:1,119,0,0
BRDA:1,119,1,0
BRDA:1,120,0,0
BRDA:1,120,1,0
BRDA:1,121,0,0
BRDA:1,121,1,0
BRDA:1,122,0,0
BRDA:1,122,1,0
BRDA:1,123,0,0
BRDA:1,123,1,0
BRDA:1,124,0,0
BRDA:1,124,1,0
BRDA:1,125,0,0
BRDA:1,125,1,0
BRDA:1,126,0,0
BRDA:1,126,1,0
BRDA:1,127,0,0
BRDA:1,127,1,0
BRDA:1,127,2,0
BRDA:1,128,0,0
BRDA:1,128,1,0
BRDA:1,129,0,0
BRDA:1,129,1,0
BRDA:1,130,0,0
BRDA:1,130,1,0
BRDA:1,130,2,0
BRDA:1,130,3,0
BRDA:1,130,4,0
BRDA:1,131,0,0
BRDA:1,131,1,0
BRDA:1,132,0,0
BRDA:1,132,1,0
BRDA:1,133,0,0
BRDA:1,133,1,0
BRDA:1,134,0,0
BRDA:1,134,1,0
BRDA:1,135,0,0
BRDA:1,135,1,0
BRDA:1,136,0,0
BRDA:1,136,1,0
BRDA:1,137,0,0
BRDA:1,137,1,0
BRF:284
BRH:0
end_of_record
TN:
SF:/Users/tobinnelson/turing/projects-mod-4/nasa-vue/coverage/lcov-report/sorter.js
FN:1,(anonymous_0)
FN:10,getTable
FN:12,getTableHeader
FN:14,getTableBody
FN:16,getNthColumn
FN:19,loadColumns
FN:43,loadRowData
FN:62,loadData
FN:71,sortByIndex
FN:73,(anonymous_9)
FN:85,(anonymous_10)
FN:102,removeSortIndicators
FN:110,addSortIndicators
FN:114,enableUI
FN:117,ithSorter
FN:120,(anonymous_15)
FN:147,(anonymous_16)
FNF:17
FNH:0
FNDA:0,(anonymous_0)
FNDA:0,getTable
FNDA:0,getTableHeader
FNDA:0,getTableBody
FNDA:0,getNthColumn
FNDA:0,loadColumns
FNDA:0,loadRowData
FNDA:0,loadData
FNDA:0,sortByIndex
FNDA:0,(anonymous_9)
FNDA:0,(anonymous_10)
FNDA:0,removeSortIndicators
FNDA:0,addSortIndicators
FNDA:0,enableUI
FNDA:0,ithSorter
FNDA:0,(anonymous_15)
FNDA:0,(anonymous_16)
DA:1,0
DA:4,0
DA:10,0
DA:12,0
DA:14,0
DA:16,0
DA:20,0
DA:22,0
DA:26,0
DA:27,0
DA:28,0
DA:33,0
DA:34,0
DA:35,0
DA:36,0
DA:39,0
DA:44,0
DA:47,0
DA:50,0
DA:51,0
DA:52,0
DA:53,0
DA:54,0
DA:55,0
DA:57,0
DA:59,0
DA:63,0
DA:66,0
DA:67,0
DA:72,0
DA:73,0
DA:74,0
DA:75,0
DA:76,0
DA:78,0
DA:79,0
DA:80,0
DA:81,0
DA:84,0
DA:85,0
DA:86,0
DA:90,0
DA:91,0
DA:92,0
DA:95,0
DA:97,0
DA:98,0
DA:103,0
DA:104,0
DA:106,0
DA:107,0
DA:111,0
DA:117,0
DA:118,0
DA:120,0
DA:121,0
DA:123,0
DA:124,0
DA:126,0
DA:127,0
DA:128,0
DA:129,0
DA:130,0
DA:133,0
DA:134,0
DA:137,0
DA:138,0
DA:139,0
DA:141,0
DA:147,0
DA:148,0
DA:149,0
DA:151,0
DA:152,0
DA:153,0
DA:154,0
DA:158,0
LF:77
LH:0
BRDA:31,0,0,0
BRDA:31,0,1,0
BRDA:34,1,0,0
BRDA:34,1,1,0
BRDA:54,2,0,0
BRDA:54,2,1,0
BRDA:76,3,0,0
BRDA:76,3,1,0
BRDA:76,4,0,0
BRDA:76,4,1,0
BRDA:84,5,0,0
BRDA:84,5,1,0
BRDA:111,6,0,0
BRDA:111,6,1,0
BRDA:123,7,0,0
BRDA:123,7,1,0
BRDA:134,8,0,0
BRDA:134,8,1,0
BRDA:138,9,0,0
BRDA:138,9,1,0
BRDA:148,10,0,0
BRDA:148,10,1,0
BRF:22
BRH:0
end_of_record
TN:
SF:/Users/tobinnelson/turing/projects-mod-4/nasa-vue/dist/js/webpack:/(webpack)/buildin/global.js
FN:4,(anonymous_1033)
FNF:1
FNH:0
FNDA:0,(anonymous_1033)
DA:4,0
DA:5,0
DA:8,0
DA:10,0
DA:13,0
DA:20,0
LF:6
LH:0
BRDA:10,0,0,0
BRDA:10,0,1,0
BRDA:13,1,0,0
BRDA:13,1,1,0
BRF:4
BRH:0
end_of_record
TN:
SF:/Users/tobinnelson/turing/projects-mod-4/nasa-vue/dist/js/webpack:/node_modules/core-js/modules/_a-function.js
FN:1,(anonymous_1048)
FNF:1
FNH:0
FNDA:0,(anonymous_1048)
DA:1,0
DA:2,0
DA:3,0
LF:3
LH:0
BRDA:2,0,0,0
BRDA:2,0,1,0
BRF:2
BRH:0
end_of_record
TN:
SF:/Users/tobinnelson/turing/projects-mod-4/nasa-vue/dist/js/webpack:/node_modules/core-js/modules/_add-to-unscopables.js
FN:5,(anonymous_1009)
FNF:1
FNH:0
FNDA:0,(anonymous_1009)
DA:2,0
DA:3,0
DA:6,0
LF:3
LH:0
BRDA:3,0,0,0
BRDA:3,0,1,0
BRF:2
BRH:0
end_of_record
TN:
SF:/Users/tobinnelson/turing/projects-mod-4/nasa-vue/dist/js/webpack:/node_modules/core-js/modules/_an-instance.js
FN:1,(anonymous_1055)
FNF:1
FNH:0
FNDA:0,(anonymous_1055)
DA:1,0
DA:2,0
DA:3,0
DA:4,0
LF:4
LH:0
BRDA:2,0,0,0
BRDA:2,0,1,0
BRDA:2,1,0,0
BRDA:2,1,1,0
BRDA:2,1,2,0
BRF:5
BRH:0
end_of_record
TN:
SF:/Users/tobinnelson/turing/projects-mod-4/nasa-vue/dist/js/webpack:/node_modules/core-js/modules/_an-object.js
FN:2,(anonymous_1040)
FNF:1
FNH:0
FNDA:0,(anonymous_1040)
DA:1,0
DA:2,0
DA:3,0
DA:4,0
LF:4
LH:0
BRDA:3,0,0,0
BRDA:3,0,1,0
BRF:2
BRH:0
end_of_record
TN:
SF:/Users/tobinnelson/turing/projects-mod-4/nasa-vue/dist/js/webpack:/node_modules/core-js/modules/_array-includes.js
FN:6,(anonymous_1027)
FN:7,(anonymous_1028)
FNF:2
FNH:0
FNDA:0,(anonymous_1027)
FNDA:0,(anonymous_1028)
DA:3,0
DA:4,0
DA:5,0
DA:6,0
DA:7,0
DA:8,0
DA:9,0
DA:10,0
DA:14,0
DA:17,0
DA:19,0
DA:20,0
DA:21,0
LF:13
LH:0
BRDA:14,0,0,0
BRDA:14,0,1,0
BRDA:14,1,0,0
BRDA:14,1,1,0
BRDA:17,2,0,0
BRDA:17,2,1,0
BRDA:19,3,0,0
BRDA:19,3,1,0
BRDA:19,4,0,0
BRDA:19,4,1,0
BRDA:19,4,2,0
BRDA:20,5,0,0
BRDA:20,5,1,0
BRDA:20,5,2,0
BRDA:21,6,0,0
BRDA:21,6,1,0
BRF:16
BRH:0
end_of_record
TN:
SF:/Users/tobinnelson/turing/projects-mod-4/nasa-vue/dist/js/webpack:/node_modules/core-js/modules/_classof.js
FN:5,(anonymous_35)
FN:8,(anonymous_36)
FN:14,(anonymous_37)
FNF:3
FNH:0
FNDA:0,(anonymous_35)
FNDA:0,(anonymous_36)
FNDA:0,(anonymous_37)
DA:2,0
DA:3,0
DA:5,0
DA:8,0
DA:9,0
DA:10,0
DA:14,0
DA:16,0
LF:8
LH:0
BRDA:16,0,0,0
BRDA:16,0,1,0
BRDA:16,1,0,0
BRDA:16,1,1,0
BRDA:18,2,0,0
BRDA:18,2,1,0
BRDA:20,3,0,0
BRDA:20,3,1,0
BRDA:22,4,0,0
BRDA:22,4,1,0
BRDA:22,5,0,0
BRDA:22,5,1,0
BRF:12
BRH:0
end_of_record
TN:
SF:/Users/tobinnelson/turing/projects-mod-4/nasa-vue/dist/js/webpack:/node_modules/core-js/modules/_cof.js
FN:3,(anonymous_687)
FNF:1
FNH:0
FNDA:0,(anonymous_687)
DA:3,0
DA:4,0
LF:2
LH:0
BRF:0
BRH:0
end_of_record
TN:
SF:/Users/tobinnelson/turing/projects-mod-4/nasa-vue/dist/js/webpack:/node_modules/core-js/modules/_core.js
FNF:0
FNH:0
DA:1,0
DA:2,0
LF:2
LH:0
BRDA:2,0,0,0
BRDA:2,0,1,0
BRF:2
BRH:0
end_of_record
TN:
SF:/Users/tobinnelson/turing/projects-mod-4/nasa-vue/dist/js/webpack:/node_modules/core-js/modules/_ctx.js
FN:3,(anonymous_1003)
FN:7,(anonymous_1004)
FN:10,(anonymous_1005)
FN:13,(anonymous_1006)
FN:17,(anonymous_1007)
FNF:5
FNH:0
FNDA:0,(anonymous_1003)
FNDA:0,(anonymous_1004)
FNDA:0,(anonymous_1005)
FNDA:0,(anonymous_1006)
FNDA:0,(anonymous_1007)
DA:2,0
DA:3,0
DA:5,0
DA:6,0
DA:7,0
DA:8,0
DA:10,0
DA:11,0
DA:13,0
DA:14,0
DA:17,0
DA:18,0
LF:12
LH:0
BRDA:5,0,0,0
BRDA:5,0,1,0
BRDA:7,1,0,0
BRDA:7,1,1,0
BRDA:7,1,2,0
BRF:5
BRH:0
end_of_record
TN:
SF:/Users/tobinnelson/turing/projects-mod-4/nasa-vue/dist/js/webpack:/node_modules/core-js/modules/_defined.js
FN:2,(anonymous_1025)
FNF:1
FNH:0
FNDA:0,(anonymous_1025)
DA:2,0
DA:3,0
DA:4,0
LF:3
LH:0
BRDA:3,0,0,0
BRDA:3,0,1,0
BRF:2
BRH:0
end_of_record
TN:
SF:/Users/tobinnelson/turing/projects-mod-4/nasa-vue/dist/js/webpack:/node_modules/core-js/modules/_descriptors.js
FN:2,(anonymous_1015)
FN:3,(anonymous_1016)
FNF:2
FNH:0
FNDA:0,(anonymous_1015)
FNDA:0,(anonymous_1016)
DA:2,0
DA:3,0
LF:2
LH:0
BRF:0
BRH:0
end_of_record
TN:
SF:/Users/tobinnelson/turing/projects-mod-4/nasa-vue/dist/js/webpack:/node_modules/core-js/modules/_dom-create.js
FN:5,(anonymous_33)
FNF:1
FNH:0
FNDA:0,(anonymous_33)
DA:1,0
DA:2,0
DA:4,0
DA:5,0
DA:6,0
LF:5
LH:0
BRDA:4,0,0,0
BRDA:4,0,1,0
BRDA:6,1,0,0
BRDA:6,1,1,0
BRF:4
BRH:0
end_of_record
TN:
SF:/Users/tobinnelson/turing/projects-mod-4/nasa-vue/dist/js/webpack:/node_modules/core-js/modules/_enum-bug-keys.js
FNF:0
FNH:0
DA:2,0
LF:1
LH:0
BRF:0
BRH:0
end_of_record
TN:
SF:/Users/tobinnelson/turing/projects-mod-4/nasa-vue/dist/js/webpack:/node_modules/core-js/modules/_export.js
FN:8,(anonymous_745)
FNF:1
FNH:0
FNDA:0,(anonymous_745)
DA:1,0
DA:2,0
DA:3,0
DA:4,0
DA:5,0
DA:6,0
DA:8,0
DA:9,0
DA:10,0
DA:11,0
DA:12,0
DA:13,0
DA:14,0
DA:15,0
DA:16,0
DA:19,0
DA:21,0
DA:33,0
LF:18
LH:0
BRDA:14,0,0,0
BRDA:14,0,1,0
BRDA:14,1,0,0
BRDA:14,1,1,0
BRDA:14,2,0,0
BRDA:14,2,1,0
BRDA:15,3,0,0
BRDA:15,3,1,0
BRDA:15,4,0,0
BRDA:15,4,1,0
BRDA:16,5,0,0
BRDA:16,5,1,0
BRDA:18,6,0,0
BRDA:18,6,1,0
BRDA:21,7,0,0
BRDA:21,7,1,0
BRDA:21,7,2,0
BRDA:23,8,0,0
BRDA:23,8,1,0
BRDA:25,9,0,0
BRDA:25,9,1,0
BRDA:25,10,0,0
BRDA:25,10,1,0
BRDA:27,11,0,0
BRDA:27,11,1,0
BRDA:29,12,0,0
BRDA:29,12,1,0
BRDA:30,13,0,0
BRDA:30,13,1,0
BRDA:30,13,2,0
BRF:30
BRH:0
end_of_record
TN:
SF:/Users/tobinnelson/turing/projects-mod-4/nasa-vue/dist/js/webpack:/node_modules/core-js/modules/_fails.js
FN:1,(anonymous_766)
FNF:1
FNH:0
FNDA:0,(anonymous_766)
DA:1,0
DA:2,0
DA:3,0
DA:5,0
LF:4
LH:0
BRF:0
BRH:0
end_of_record
TN:
SF:/Users/tobinnelson/turing/projects-mod-4/nasa-vue/dist/js/webpack:/node_modules/core-js/modules/_for-of.js
FN:9,(anonymous_705)
FN:10,(anonymous_706)
FNF:2
FNH:0
FNDA:0,(anonymous_705)
FNDA:0,(anonymous_706)
DA:1,0
DA:2,0
DA:3,0
DA:4,0
DA:5,0
DA:6,0
DA:7,0
DA:8,0
DA:9,0
DA:10,0
DA:11,0
DA:12,0
DA:14,0
DA:16,0
DA:18,0
DA:19,0
DA:21,0
DA:24,0
LF:18
LH:0
BRDA:10,0,0,0
BRDA:10,0,1,0
BRDA:11,1,0,0
BRDA:11,1,1,0
BRDA:14,2,0,0
BRDA:14,2,1,0
BRDA:16,3,0,0
BRDA:16,3,1,0
BRDA:18,4,0,0
BRDA:18,4,1,0
BRDA:17,5,0,0
BRDA:17,5,1,0
BRDA:18,6,0,0
BRDA:18,6,1,0
BRDA:21,7,0,0
BRDA:21,7,1,0
BRDA:21,8,0,0
BRDA:21,8,1,0
BRF:18
BRH:0
end_of_record
TN:
SF:/Users/tobinnelson/turing/projects-mod-4/nasa-vue/dist/js/webpack:/node_modules/core-js/modules/_global.js
FNF:0
FNH:0
DA:2,0
DA:6,0
LF:2
LH:0
BRDA:3,0,0,0
BRDA:3,0,1,0
BRDA:2,1,0,0
BRDA:2,1,1,0
BRDA:3,2,0,0
BRDA:3,2,1,0
BRDA:3,3,0,0
BRDA:3,3,1,0
BRDA:6,4,0,0
BRDA:6,4,1,0
BRF:10
BRH:0
end_of_record
TN:
SF:/Users/tobinnelson/turing/projects-mod-4/nasa-vue/dist/js/webpack:/node_modules/core-js/modules/_has.js
FN:2,(anonymous_759)
FNF:1
FNH:0
FNDA:0,(anonymous_759)
DA:1,0
DA:2,0
DA:3,0
LF:3
LH:0
BRF:0
BRH:0
end_of_record
TN:
SF:/Users/tobinnelson/turing/projects-mod-4/nasa-vue/dist/js/webpack:/node_modules/core-js/modules/_hide.js
FN:3,(anonymous_691)
FN:5,(anonymous_692)
FNF:2
FNH:0
FNDA:0,(anonymous_691)
FNDA:0,(anonymous_692)
DA:1,0
DA:2,0
DA:3,0
DA:4,0
DA:7,0
LF:5
LH:0
BRDA:3,0,0,0
BRDA:3,0,1,0
BRF:2
BRH:0
end_of_record
TN:
SF:/Users/tobinnelson/turing/projects-mod-4/nasa-vue/dist/js/webpack:/node_modules/core-js/modules/_html.js
FNF:0
FNH:0
DA:1,0
DA:2,0
LF:2
LH:0
BRDA:2,0,0,0
BRDA:2,0,1,0
BRF:2
BRH:0
end_of_record
TN:
SF:/Users/tobinnelson/turing/projects-mod-4/nasa-vue/dist/js/webpack:/node_modules/core-js/modules/_ie8-dom-define.js
FN:1,(anonymous_1030)
FN:2,(anonymous_1031)
FNF:2
FNH:0
FNDA:0,(anonymous_1030)
FNDA:0,(anonymous_1031)
DA:1,0
DA:2,0
LF:2
LH:0
BRDA:1,0,0,0
BRDA:1,0,1,0
BRF:2
BRH:0
end_of_record
TN:
SF:/Users/tobinnelson/turing/projects-mod-4/nasa-vue/dist/js/webpack:/node_modules/core-js/modules/_invoke.js
FN:2,(anonymous_689)
FNF:1
FNH:0
FNDA:0,(anonymous_689)
DA:2,0
DA:3,0
DA:4,0
DA:5,0
DA:7,0
DA:9,0
DA:11,0
DA:13,0
DA:15,0
LF:9
LH:0
BRDA:5,0,0,0
BRDA:5,0,1,0
BRDA:5,0,2,0
BRDA:5,0,3,0
BRDA:5,0,4,0
BRDA:5,1,0,0
BRDA:5,1,1,0
BRDA:7,2,0,0
BRDA:7,2,1,0
BRDA:9,3,0,0
BRDA:9,3,1,0
BRDA:11,4,0,0
BRDA:11,4,1,0
BRDA:13,5,0,0
BRDA:13,5,1,0
BRF:15
BRH:0
end_of_record
TN:
SF:/Users/tobinnelson/turing/projects-mod-4/nasa-vue/dist/js/webpack:/node_modules/core-js/modules/_iobject.js
FN:4,(anonymous_755)
FNF:1
FNH:0
FNDA:0,(anonymous_755)
DA:2,0
DA:4,0
DA:5,0
LF:3
LH:0
BRDA:4,0,0,0
BRDA:4,0,1,0
BRDA:5,1,0,0
BRDA:5,1,1,0
BRF:4
BRH:0
end_of_record
TN:
SF:/Users/tobinnelson/turing/projects-mod-4/nasa-vue/dist/js/webpack:/node_modules/core-js/modules/_is-array-iter.js
FN:6,(anonymous_694)
FNF:1
FNH:0
FNDA:0,(anonymous_694)
DA:2,0
DA:3,0
DA:4,0
DA:6,0
DA:7,0
LF:5
LH:0
BRDA:7,0,0,0
BRDA:7,0,1,0
BRDA:7,0,2,0
BRF:3
BRH:0
end_of_record
TN:
SF:/Users/tobinnelson/turing/projects-mod-4/nasa-vue/dist/js/webpack:/node_modules/core-js/modules/_is-object.js
FN:1,(anonymous_1044)
FNF:1
FNH:0
FNDA:0,(anonymous_1044)
DA:1,0
DA:2,0
LF:2
LH:0
BRDA:2,0,0,0
BRDA:2,0,1,0
BRF:2
BRH:0
end_of_record
TN:
SF:/Users/tobinnelson/turing/projects-mod-4/nasa-vue/dist/js/webpack:/node_modules/core-js/modules/_iter-call.js
FN:3,(anonymous_31)
FNF:1
FNH:0
FNDA:0,(anonymous_31)
DA:2,0
DA:3,0
DA:4,0
DA:5,0
DA:8,0
DA:10,0
LF:6
LH:0
BRDA:5,0,0,0
BRDA:5,0,1,0
BRDA:10,1,0,0
BRDA:10,1,1,0
BRF:4
BRH:0
end_of_record
TN:
SF:/Users/tobinnelson/turing/projects-mod-4/nasa-vue/dist/js/webpack:/node_modules/core-js/modules/_iter-create.js
FN:8,(anonymous_698)
FN:10,(anonymous_699)
FNF:2
FNH:0
FNDA:0,(anonymous_698)
FNDA:0,(anonymous_699)
DA:2,0
DA:3,0
DA:4,0
DA:5,0
DA:8,0
DA:11,0
LF:6
LH:0
BRF:0
BRH:0
end_of_record
TN:
SF:/Users/tobinnelson/turing/projects-mod-4/nasa-vue/dist/js/webpack:/node_modules/core-js/modules/_iter-define.js
FN:16,(anonymous_1)
FN:18,(anonymous_2)
FN:20,(anonymous_3)
FN:23,(anonymous_4)
FN:24,(anonymous_5)
FN:25,(anonymous_6)
FN:49,(anonymous_7)
FNF:7
FNH:0
FNDA:0,(anonymous_1)
FNDA:0,(anonymous_2)
FNDA:0,(anonymous_3)
FNDA:0,(anonymous_4)
FNDA:0,(anonymous_5)
FNDA:0,(anonymous_6)
FNDA:0,(anonymous_7)
DA:2,0
DA:3,0
DA:4,0
DA:5,0
DA:6,0
DA:7,0
DA:8,0
DA:9,0
DA:10,0
DA:11,0
DA:12,0
DA:13,0
DA:14,0
DA:16,0
DA:18,0
DA:19,0
DA:20,0
DA:21,0
DA:22,0
DA:23,0
DA:24,0
DA:25,0
DA:27,0
DA:28,0
DA:29,0
DA:30,0
DA:31,0
DA:32,0
DA:33,0
DA:34,0
DA:49,0
DA:58,0
DA:64,0
DA:65,0
DA:66,0
DA:68,0
LF:36
LH:0
BRDA:11,0,0,0
BRDA:11,0,1,0
BRDA:21,1,0,0
BRDA:21,1,1,0
BRDA:21,2,0,0
BRDA:21,2,1,0
BRDA:23,3,0,0
BRDA:23,3,1,0
BRDA:31,4,0,0
BRDA:31,4,1,0
BRDA:31,4,2,0
BRDA:31,4,3,0
BRDA:32,5,0,0
BRDA:32,5,1,0
BRDA:33,6,0,0
BRDA:33,6,1,0
BRDA:33,7,0,0
BRDA:33,7,1,0
BRDA:34,8,0,0
BRDA:34,8,1,0
BRDA:34,8,2,0
BRDA:58,9,0,0
BRDA:58,9,1,0
BRDA:37,10,0,0
BRDA:37,10,1,0
BRDA:39,11,0,0
BRDA:39,11,1,0
BRDA:39,11,2,0
BRDA:43,12,0,0
BRDA:43,12,1,0
BRDA:43,12,2,0
BRDA:47,13,0,0
BRDA:47,13,1,0
BRDA:47,13,2,0
BRDA:47,13,3,0
BRDA:52,14,0,0
BRDA:52,14,1,0
BRDA:52,14,2,0
BRDA:52,14,3,0
BRDA:52,14,4,0
BRDA:52,14,5,0
BRDA:64,15,0,0
BRDA:64,15,1,0
BRDA:60,16,0,0
BRDA:60,16,1,0
BRDA:61,17,0,0
BRDA:61,17,1,0
BRDA:65,18,0,0
BRDA:65,18,1,0
BRDA:66,19,0,0
BRDA:66,19,1,0
BRF:51
BRH:0
end_of_record
TN:
SF:/Users/tobinnelson/turing/projects-mod-4/nasa-vue/dist/js/webpack:/node_modules/core-js/modules/_iter-detect.js
FN:6,(anonymous_747)
FN:8,(anonymous_748)
FN:11,(anonymous_749)
FN:17,(anonymous_750)
FN:18,(anonymous_751)
FNF:5
FNH:0
FNDA:0,(anonymous_747)
FNDA:0,(anonymous_748)
FNDA:0,(anonymous_749)
FNDA:0,(anonymous_750)
FNDA:0,(anonymous_751)
DA:1,0
DA:2,0
DA:4,0
DA:5,0
DA:6,0
DA:8,0
DA:11,0
DA:12,0
DA:13,0
DA:14,0
DA:15,0
DA:16,0
DA:17,0
DA:18,0
DA:21,0
LF:15
LH:0
BRDA:12,0,0,0
BRDA:12,0,1,0
BRDA:12,1,0,0
BRDA:12,1,1,0
BRF:4
BRH:0
end_of_record
TN:
SF:/Users/tobinnelson/turing/projects-mod-4/nasa-vue/dist/js/webpack:/node_modules/core-js/modules/_iter-step.js
FN:1,(anonymous_1046)
FNF:1
FNH:0
FNDA:0,(anonymous_1046)
DA:1,0
DA:2,0
LF:2
LH:0
BRF:0
BRH:0
end_of_record
TN:
SF:/Users/tobinnelson/turing/projects-mod-4/nasa-vue/dist/js/webpack:/node_modules/core-js/modules/_iterators.js
FNF:0
FNH:0
DA:1,0
LF:1
LH:0
BRF:0
BRH:0
end_of_record
TN:
SF:/Users/tobinnelson/turing/projects-mod-4/nasa-vue/dist/js/webpack:/node_modules/core-js/modules/_library.js
FNF:0
FNH:0
DA:1,0
LF:1
LH:0
BRF:0
BRH:0
end_of_record
TN:
SF:/Users/tobinnelson/turing/projects-mod-4/nasa-vue/dist/js/webpack:/node_modules/core-js/modules/_microtask.js
FN:8,(anonymous_773)
FN:11,(anonymous_774)
FN:30,(anonymous_775)
FN:45,(anonymous_776)
FN:55,(anonymous_777)
FN:38,(anonymous_778)
FN:61,(anonymous_779)
FNF:7
FNH:0
FNDA:0,(anonymous_773)
FNDA:0,(anonymous_774)
FNDA:0,(anonymous_775)
FNDA:0,(anonymous_776)
FNDA:0,(anonymous_777)
FNDA:0,(anonymous_778)
FNDA:0,(anonymous_779)
DA:1,0
DA:2,0
DA:3,0
DA:4,0
DA:5,0
DA:6,0
DA:8,0
DA:11,0
DA:13,0
DA:14,0
DA:15,0
DA:17,0
DA:18,0
DA:22,0
DA:24,0
DA:29,0
DA:30,0
DA:31,0
DA:34,0
DA:35,0
DA:36,0
DA:37,0
DA:39,0
DA:42,0
DA:44,0
DA:45,0
DA:46,0
DA:55,0
DA:57,0
DA:61,0
DA:62,0
DA:63,0
LF:32
LH:0
BRDA:3,0,0,0
BRDA:3,0,1,0
BRDA:13,1,0,0
BRDA:13,1,1,0
BRDA:13,1,2,0
BRDA:20,2,0,0
BRDA:20,2,1,0
BRDA:25,3,0,0
BRDA:25,3,1,0
BRDA:29,4,0,0
BRDA:29,4,1,0
BRDA:34,5,0,0
BRDA:34,5,1,0
BRDA:34,6,0,0
BRDA:34,6,1,0
BRDA:34,6,2,0
BRDA:42,7,0,0
BRDA:42,7,1,0
BRDA:42,8,0,0
BRDA:42,8,1,0
BRDA:63,9,0,0
BRDA:63,9,1,0
BRDA:64,10,0,0
BRDA:64,10,1,0
BRF:24
BRH:0
end_of_record
TN:
SF:/Users/tobinnelson/turing/projects-mod-4/nasa-vue/dist/js/webpack:/node_modules/core-js/modules/_new-promise-capability.js
FN:5,o
FN:7,(anonymous_1020)
FN:16,(anonymous_1021)
FNF:3
FNH:0
FNDA:0,o
FNDA:0,(anonymous_1020)
FNDA:0,(anonymous_1021)
DA:3,0
DA:7,0
DA:8,0
DA:9,0
DA:16,0
DA:17,0
LF:6
LH:0
BRDA:8,0,0,0
BRDA:8,0,1,0
BRDA:8,1,0,0
BRDA:8,1,1,0
BRF:4
BRH:0
end_of_record
TN:
SF:/Users/tobinnelson/turing/projects-mod-4/nasa-vue/dist/js/webpack:/node_modules/core-js/modules/_object-create.js
FN:6,(anonymous_227)
FN:10,(anonymous_228)
FN:31,(anonymous_229)
FNF:3
FNH:0
FNDA:0,(anonymous_227)
FNDA:0,(anonymous_228)
FNDA:0,(anonymous_229)
DA:2,0
DA:3,0
DA:4,0
DA:5,0
DA:6,0
DA:7,0
DA:10,0
DA:12,0
DA:13,0
DA:14,0
DA:15,0
DA:17,0
DA:27,0
DA:28,0
DA:31,0
DA:40,0
LF:16
LH:0
BRDA:31,0,0,0
BRDA:31,0,1,0
BRDA:34,1,0,0
BRDA:34,1,1,0
BRDA:40,2,0,0
BRDA:40,2,1,0
BRF:6
BRH:0
end_of_record
TN:
SF:/Users/tobinnelson/turing/projects-mod-4/nasa-vue/dist/js/webpack:/node_modules/core-js/modules/_object-dp.js
FN:6,(anonymous_783)
FNF:1
FNH:0
FNDA:0,(anonymous_783)
DA:6,0
DA:10,0
DA:11,0
DA:13,0
DA:15,0
LF:5
LH:0
BRDA:6,0,0,0
BRDA:6,0,1,0
BRDA:10,1,0,0
BRDA:10,1,1,0
BRDA:13,2,0,0
BRDA:13,2,1,0
BRDA:13,3,0,0
BRDA:13,3,1,0
BRDA:14,4,0,0
BRDA:14,4,1,0
BRF:10
BRH:0
end_of_record
TN:
SF:/Users/tobinnelson/turing/projects-mod-4/nasa-vue/dist/js/webpack:/node_modules/core-js/modules/_object-dps.js
FN:5,(anonymous_17)
FNF:1
FNH:0
FNDA:0,(anonymous_17)
DA:1,0
DA:2,0
DA:3,0
DA:5,0
DA:6,0
DA:7,0
DA:8,0
DA:9,0
DA:11,0
DA:12,0
LF:10
LH:0
BRDA:5,0,0,0
BRDA:5,0,1,0
BRF:2
BRH:0
end_of_record
TN:
SF:/Users/tobinnelson/turing/projects-mod-4/nasa-vue/dist/js/webpack:/node_modules/core-js/modules/_object-gpo.js
FN:7,(anonymous_696)
FNF:1
FNH:0
FNDA:0,(anonymous_696)
DA:2,0
DA:3,0
DA:4,0
DA:5,0
DA:7,0
DA:9,0
LF:6
LH:0
BRDA:7,0,0,0
BRDA:7,0,1,0
BRDA:9,1,0,0
BRDA:9,1,1,0
BRDA:11,2,0,0
BRDA:11,2,1,0
BRDA:10,3,0,0
BRDA:10,3,1,0
BRDA:12,4,0,0
BRDA:12,4,1,0
BRF:10
BRH:0
end_of_record
TN:
SF:/Users/tobinnelson/turing/projects-mod-4/nasa-vue/dist/js/webpack:/node_modules/core-js/modules/_object-keys-internal.js
FN:6,(anonymous_1042)
FNF:1
FNH:0
FNDA:0,(anonymous_1042)
DA:1,0
DA:2,0
DA:3,0
DA:4,0
DA:6,0
DA:7,0
DA:8,0
DA:9,0
DA:11,0
DA:13,0
DA:16,0
LF:11
LH:0
BRDA:11,0,0,0
BRDA:11,0,1,0
BRDA:11,0,2,0
BRDA:13,1,0,0
BRDA:13,1,1,0
BRDA:13,1,2,0
BRF:6
BRH:0
end_of_record
TN:
SF:/Users/tobinnelson/turing/projects-mod-4/nasa-vue/dist/js/webpack:/node_modules/core-js/modules/_object-keys.js
FN:5,(anonymous_15)
FNF:1
FNH:0
FNDA:0,(anonymous_15)
DA:2,0
DA:3,0
DA:5,0
DA:6,0
LF:4
LH:0
BRDA:5,0,0,0
BRDA:5,0,1,0
BRF:2
BRH:0
end_of_record
TN:
SF:/Users/tobinnelson/turing/projects-mod-4/nasa-vue/dist/js/webpack:/node_modules/core-js/modules/_perform.js
FN:1,(anonymous_1011)
FNF:1
FNH:0
FNDA:0,(anonymous_1011)
DA:1,0
DA:2,0
DA:3,0
DA:5,0
LF:4
LH:0
BRF:0
BRH:0
end_of_record
TN:
SF:/Users/tobinnelson/turing/projects-mod-4/nasa-vue/dist/js/webpack:/node_modules/core-js/modules/_promise-resolve.js
FN:5,(anonymous_1023)
FNF:1
FNH:0
FNDA:0,(anonymous_1023)
DA:1,0
DA:2,0
DA:3,0
DA:5,0
DA:7,0
DA:8,0
DA:9,0
DA:11,0
LF:8
LH:0
BRDA:7,0,0,0
BRDA:7,0,1,0
BRDA:7,1,0,0
BRDA:7,1,1,0
BRF:4
BRH:0
end_of_record
TN:
SF:/Users/tobinnelson/turing/projects-mod-4/nasa-vue/dist/js/webpack:/node_modules/core-js/modules/_property-desc.js
FN:1,(anonymous_703)
FNF:1
FNH:0
FNDA:0,(anonymous_703)
DA:1,0
DA:2,0
LF:2
LH:0
BRF:0
BRH:0
end_of_record
TN:
SF:/Users/tobinnelson/turing/projects-mod-4/nasa-vue/dist/js/webpack:/node_modules/core-js/modules/_redefine-all.js
FN:2,(anonymous_1050)
FNF:1
FNH:0
FNDA:0,(anonymous_1050)
DA:1,0
DA:2,0
DA:3,0
DA:4,0
LF:4
LH:0
BRF:0
BRH:0
end_of_record
TN:
SF:/Users/tobinnelson/turing/projects-mod-4/nasa-vue/dist/js/webpack:/node_modules/core-js/modules/_redefine.js
FN:9,(anonymous_223)
FN:13,(anonymous_224)
FN:29,(anonymous_225)
FNF:3
FNH:0
FNDA:0,(anonymous_223)
FNDA:0,(anonymous_224)
FNDA:0,(anonymous_225)
DA:1,0
DA:2,0
DA:3,0
DA:4,0
DA:5,0
DA:6,0
DA:7,0
DA:9,0
DA:10,0
DA:14,0
DA:15,0
DA:30,0
LF:12
LH:0
BRDA:15,0,0,0
BRDA:15,0,1,0
BRDA:15,0,2,0
BRDA:16,1,0,0
BRDA:16,1,1,0
BRDA:17,2,0,0
BRDA:17,2,1,0
BRDA:17,2,2,0
BRDA:17,3,0,0
BRDA:17,3,1,0
BRDA:19,4,0,0
BRDA:19,4,1,0
BRDA:23,5,0,0
BRDA:23,5,1,0
BRDA:24,6,0,0
BRDA:24,6,1,0
BRDA:30,7,0,0
BRDA:30,7,1,0
BRDA:30,7,2,0
BRF:19
BRH:0
end_of_record
TN:
SF:/Users/tobinnelson/turing/projects-mod-4/nasa-vue/dist/js/webpack:/node_modules/core-js/modules/_set-species.js
FN:7,(anonymous_768)
FN:11,(anonymous_769)
FNF:2
FNH:0
FNDA:0,(anonymous_768)
FNDA:0,(anonymous_769)
DA:2,0
DA:3,0
DA:4,0
DA:5,0
DA:7,0
DA:8,0
DA:9,0
DA:11,0
LF:8
LH:0
BRDA:9,0,0,0
BRDA:9,0,1,0
BRDA:9,0,2,0
BRDA:9,0,3,0
BRF:4
BRH:0
end_of_record
TN:
SF:/Users/tobinnelson/turing/projects-mod-4/nasa-vue/dist/js/webpack:/node_modules/core-js/modules/_set-to-string-tag.js
FN:5,(anonymous_771)
FNF:1
FNH:0
FNDA:0,(anonymous_771)
DA:1,0
DA:2,0
DA:3,0
DA:5,0
DA:6,0
LF:5
LH:0
BRDA:6,0,0,0
BRDA:6,0,1,0
BRDA:6,0,2,0
BRDA:6,1,0,0
BRDA:6,1,1,0
BRF:5
BRH:0
end_of_record
TN:
SF:/Users/tobinnelson/turing/projects-mod-4/nasa-vue/dist/js/webpack:/node_modules/core-js/modules/_shared-key.js
FN:3,(anonymous_753)
FNF:1
FNH:0
FNDA:0,(anonymous_753)
DA:1,0
DA:2,0
DA:3,0
DA:4,0
LF:4
LH:0
BRDA:4,0,0,0
BRDA:4,0,1,0
BRF:2
BRH:0
end_of_record
TN:
SF:/Users/tobinnelson/turing/projects-mod-4/nasa-vue/dist/js/webpack:/node_modules/core-js/modules/_shared.js
FN:6,(anonymous_743)
FNF:1
FNH:0
FNDA:0,(anonymous_743)
DA:1,0
DA:2,0
DA:3,0
DA:4,0
DA:7,0
LF:5
LH:0
BRDA:4,0,0,0
BRDA:4,0,1,0
BRDA:7,1,0,0
BRDA:7,1,1,0
BRDA:10,2,0,0
BRDA:10,2,1,0
BRF:6
BRH:0
end_of_record
TN:
SF:/Users/tobinnelson/turing/projects-mod-4/nasa-vue/dist/js/webpack:/node_modules/core-js/modules/_species-constructor.js
FN:5,(anonymous_1053)
FNF:1
FNH:0
FNDA:0,(anonymous_1053)
DA:2,0
DA:3,0
DA:4,0
DA:5,0
DA:6,0
DA:8,0
LF:6
LH:0
BRDA:8,0,0,0
BRDA:8,0,1,0
BRF:2
BRH:0
end_of_record
TN:
SF:/Users/tobinnelson/turing/projects-mod-4/nasa-vue/dist/js/webpack:/node_modules/core-js/modules/_task.js
FN:15,(anonymous_19)
FN:24,(anonymous_20)
FN:29,(anonymous_21)
FN:33,(anonymous_22)
FN:40,(anonymous_23)
FN:45,(anonymous_24)
FN:50,(anonymous_25)
FN:62,(anonymous_26)
FN:68,(anonymous_27)
FN:69,(anonymous_28)
FN:76,(anonymous_29)
FNF:11
FNH:0
FNDA:0,(anonymous_19)
FNDA:0,(anonymous_20)
FNDA:0,(anonymous_21)
FNDA:0,(anonymous_22)
FNDA:0,(anonymous_23)
FNDA:0,(anonymous_24)
FNDA:0,(anonymous_25)
FNDA:0,(anonymous_26)
FNDA:0,(anonymous_27)
FNDA:0,(anonymous_28)
FNDA:0,(anonymous_29)
DA:1,0
DA:2,0
DA:3,0
DA:4,0
DA:5,0
DA:6,0
DA:7,0
DA:8,0
DA:9,0
DA:10,0
DA:11,0
DA:12,0
DA:13,0
DA:15,0
DA:16,0
DA:18,0
DA:19,0
DA:24,0
DA:25,0
DA:28,0
DA:30,0
DA:31,0
DA:32,0
DA:35,0
DA:38,0
DA:40,0
DA:46,0
DA:51,0
DA:63,0
DA:69,0
DA:70,0
DA:77,0
LF:32
LH:0
BRDA:18,0,0,0
BRDA:18,0,1,0
BRDA:28,1,0,0
BRDA:28,1,1,0
BRDA:28,1,2,0
BRDA:35,2,0,0
BRDA:35,2,1,0
BRDA:45,3,0,0
BRDA:45,3,1,0
BRDA:50,4,0,0
BRDA:50,4,1,0
BRDA:49,5,0,0
BRDA:49,5,1,0
BRDA:55,6,0,0
BRDA:55,6,1,0
BRDA:62,7,0,0
BRDA:62,7,1,0
BRDA:61,8,0,0
BRDA:61,8,1,0
BRDA:61,8,2,0
BRDA:68,9,0,0
BRDA:68,9,1,0
BRF:22
BRH:0
end_of_record
TN:
SF:/Users/tobinnelson/turing/projects-mod-4/nasa-vue/dist/js/webpack:/node_modules/core-js/modules/_to-absolute-index.js
FN:4,(anonymous_764)
FNF:1
FNH:0
FNDA:0,(anonymous_764)
DA:1,0
DA:2,0
DA:3,0
DA:4,0
DA:6,0
LF:5
LH:0
BRDA:6,0,0,0
BRDA:6,0,1,0
BRF:2
BRH:0
end_of_record
TN:
SF:/Users/tobinnelson/turing/projects-mod-4/nasa-vue/dist/js/webpack:/node_modules/core-js/modules/_to-integer.js
FN:4,(anonymous_701)
FNF:1
FNH:0
FNDA:0,(anonymous_701)
DA:2,0
DA:3,0
DA:4,0
DA:5,0
LF:4
LH:0
BRDA:5,0,0,0
BRDA:5,0,1,0
BRF:2
BRH:0
end_of_record
TN:
SF:/Users/tobinnelson/turing/projects-mod-4/nasa-vue/dist/js/webpack:/node_modules/core-js/modules/_to-iobject.js
FN:4,(anonymous_757)
FNF:1
FNH:0
FNDA:0,(anonymous_757)
DA:2,0
DA:3,0
DA:4,0
DA:5,0
LF:4
LH:0
BRF:0
BRH:0
end_of_record
TN:
SF:/Users/tobinnelson/turing/projects-mod-4/nasa-vue/dist/js/webpack:/node_modules/core-js/modules/_to-length.js
FN:4,(anonymous_1013)
FNF:1
FNH:0
FNDA:0,(anonymous_1013)
DA:2,0
DA:3,0
DA:4,0
DA:5,0
LF:4
LH:0
BRDA:5,0,0,0
BRDA:5,0,1,0
BRF:2
BRH:0
end_of_record
TN:
SF:/Users/tobinnelson/turing/projects-mod-4/nasa-vue/dist/js/webpack:/node_modules/core-js/modules/_to-object.js
FN:3,(anonymous_708)
FNF:1
FNH:0
FNDA:0,(anonymous_708)
DA:2,0
DA:3,0
DA:4,0
LF:3
LH:0
BRF:0
BRH:0
end_of_record
TN:
SF:/Users/tobinnelson/turing/projects-mod-4/nasa-vue/dist/js/webpack:/node_modules/core-js/modules/_to-primitive.js
FN:5,(anonymous_761)
FNF:1
FNH:0
FNDA:0,(anonymous_761)
DA:2,0
DA:5,0
DA:6,0
DA:8,0
DA:9,0
DA:10,0
DA:11,0
LF:7
LH:0
BRDA:6,0,0,0
BRDA:6,0,1,0
BRDA:8,1,0,0
BRDA:8,1,1,0
BRDA:8,2,0,0
BRDA:8,2,1,0
BRDA:8,2,2,0
BRDA:9,3,0,0
BRDA:9,3,1,0
BRDA:9,4,0,0
BRDA:9,4,1,0
BRDA:10,5,0,0
BRDA:10,5,1,0
BRDA:10,6,0,0
BRDA:10,6,1,0
BRDA:10,6,2,0
BRF:16
BRH:0
end_of_record
TN:
SF:/Users/tobinnelson/turing/projects-mod-4/nasa-vue/dist/js/webpack:/node_modules/core-js/modules/_uid.js
FN:3,(anonymous_1035)
FNF:1
FNH:0
FNDA:0,(anonymous_1035)
DA:1,0
DA:2,0
DA:3,0
DA:4,0
LF:4
LH:0
BRDA:4,0,0,0
BRDA:4,0,1,0
BRF:2
BRH:0
end_of_record
TN:
SF:/Users/tobinnelson/turing/projects-mod-4/nasa-vue/dist/js/webpack:/node_modules/core-js/modules/_user-agent.js
FNF:0
FNH:0
DA:1,0
DA:2,0
DA:4,0
LF:3
LH:0
BRDA:4,0,0,0
BRDA:4,0,1,0
BRDA:4,0,2,0
BRF:3
BRH:0
end_of_record
TN:
SF:/Users/tobinnelson/turing/projects-mod-4/nasa-vue/dist/js/webpack:/node_modules/core-js/modules/_wks.js
FN:6,(anonymous_684)
FNF:1
FNH:0
FNDA:0,(anonymous_684)
DA:1,0
DA:2,0
DA:3,0
DA:4,0
DA:6,0
DA:7,0
DA:11,0
LF:7
LH:0
BRDA:7,0,0,0
BRDA:7,0,1,0
BRDA:8,1,0,0
BRDA:8,1,1,0
BRDA:8,1,2,0
BRDA:8,2,0,0
BRDA:8,2,1,0
BRF:7
BRH:0
end_of_record
TN:
SF:/Users/tobinnelson/turing/projects-mod-4/nasa-vue/dist/js/webpack:/node_modules/core-js/modules/core.get-iterator-method.js
FN:4,(anonymous_39)
FNF:1
FNH:0
FNDA:0,(anonymous_39)
DA:1,0
DA:2,0
DA:3,0
DA:4,0
DA:5,0
LF:5
LH:0
BRDA:5,0,0,0
BRDA:5,0,1,0
BRDA:5,1,0,0
BRDA:5,1,1,0
BRDA:5,1,2,0
BRF:5
BRH:0
end_of_record
TN:
SF:/Users/tobinnelson/turing/projects-mod-4/nasa-vue/dist/js/webpack:/node_modules/core-js/modules/es6.array.iterator.js
FN:11,(anonymous_1037)
FN:16,(anonymous_1038)
FNF:2
FNH:0
FNDA:0,(anonymous_1037)
FNDA:0,(anonymous_1038)
DA:2,0
DA:3,0
DA:4,0
DA:5,0
DA:11,0
DA:12,0
DA:17,0
DA:18,0
DA:19,0
DA:20,0
LF:10
LH:0
BRDA:21,0,0,0
BRDA:21,0,1,0
BRDA:20,1,0,0
BRDA:20,1,1,0
BRDA:24,2,0,0
BRDA:24,2,1,0
BRDA:25,3,0,0
BRDA:25,3,1,0
BRF:8
BRH:0
end_of_record
TN:
SF:/Users/tobinnelson/turing/projects-mod-4/nasa-vue/dist/js/webpack:/node_modules/core-js/modules/es6.promise.js
FN:25,(anonymous_710)
FN:29,(anonymous_711)
FN:33,(anonymous_712)
FN:48,(anonymous_713)
FN:52,(anonymous_714)
FN:56,(anonymous_715)
FN:60,(anonymous_716)
FN:98,(anonymous_717)
FN:99,(anonymous_718)
FN:104,(anonymous_719)
FN:119,(anonymous_720)
FN:122,(anonymous_721)
FN:123,(anonymous_722)
FN:132,(anonymous_723)
FN:142,(anonymous_724)
FN:151,(anonymous_725)
FN:172,(anonymous_726)
FN:183,(anonymous_727)
FN:194,(anonymous_728)
FN:205,(anonymous_729)
FN:209,(anonymous_730)
FN:215,(anonymous_731)
FN:230,(anonymous_732)
FN:239,(anonymous_733)
FN:243,(anonymous_734)
FN:247,(anonymous_735)
FN:252,(anonymous_736)
FN:256,(anonymous_737)
FN:261,(anonymous_738)
FN:274,(anonymous_739)
FN:278,(anonymous_740)
FN:279,(anonymous_741)
FNF:32
FNH:0
FNDA:0,(anonymous_710)
FNDA:0,(anonymous_711)
FNDA:0,(anonymous_712)
FNDA:0,(anonymous_713)
FNDA:0,(anonymous_714)
FNDA:0,(anonymous_715)
FNDA:0,(anonymous_716)
FNDA:0,(anonymous_717)
FNDA:0,(anonymous_718)
FNDA:0,(anonymous_719)
FNDA:0,(anonymous_720)
FNDA:0,(anonymous_721)
FNDA:0,(anonymous_722)
FNDA:0,(anonymous_723)
FNDA:0,(anonymous_724)
FNDA:0,(anonymous_725)
FNDA:0,(anonymous_726)
FNDA:0,(anonymous_727)
FNDA:0,(anonymous_728)
FNDA:0,(anonymous_729)
FNDA:0,(anonymous_730)
FNDA:0,(anonymous_731)
FNDA:0,(anonymous_732)
FNDA:0,(anonymous_733)
FNDA:0,(anonymous_734)
FNDA:0,(anonymous_735)
FNDA:0,(anonymous_736)
FNDA:0,(anonymous_737)
FNDA:0,(anonymous_738)
FNDA:0,(anonymous_739)
FNDA:0,(anonymous_740)
FNDA:0,(anonymous_741)
DA:2,0
DA:3,0
DA:4,0
DA:5,0
DA:6,0
DA:7,0
DA:8,0
DA:9,0
DA:10,0
DA:11,0
DA:12,0
DA:13,0
DA:14,0
DA:15,0
DA:16,0
DA:17,0
DA:18,0
DA:19,0
DA:20,0
DA:21,0
DA:22,0
DA:23,0
DA:24,0
DA:25,0
DA:27,0
DA:29,0
DA:30,0
DA:32,0
DA:33,0
DA:34,0
DA:37,0
DA:48,0
DA:50,0
DA:52,0
DA:53,0
DA:54,0
DA:55,0
DA:56,0
DA:57,0
DA:58,0
DA:59,0
DA:60,0
DA:61,0
DA:62,0
DA:63,0
DA:64,0
DA:66,0
DA:67,0
DA:88,0
DA:92,0
DA:93,0
DA:98,0
DA:99,0
DA:100,0
DA:101,0
DA:105,0
DA:116,0
DA:119,0
DA:120,0
DA:122,0
DA:123,0
DA:125,0
DA:132,0
DA:133,0
DA:134,0
DA:142,0
DA:143,0
DA:145,0
DA:146,0
DA:148,0
DA:149,0
DA:152,0
DA:153,0
DA:154,0
DA:156,0
DA:165,0
DA:170,0
DA:173,0
DA:176,0
DA:177,0
DA:179,0
DA:184,0
DA:195,0
DA:202,0
DA:206,0
DA:210,0
DA:211,0
DA:216,0
DA:231,0
DA:232,0
DA:234,0
DA:240,0
DA:244,0
DA:248,0
DA:249,0
DA:250,0
DA:251,0
DA:252,0
DA:253,0
DA:254,0
DA:255,0
DA:256,0
DA:257,0
DA:258,0
DA:259,0
DA:262,0
DA:271,0
DA:275,0
DA:276,0
DA:277,0
DA:278,0
DA:279,0
DA:280,0
DA:284,0
LF:114
LH:0
BRDA:21,0,0,0
BRDA:21,0,1,0
BRDA:22,1,0,0
BRDA:22,1,1,0
BRDA:22,1,2,0
BRDA:37,2,0,0
BRDA:37,2,1,0
BRDA:37,2,2,0
BRDA:37,2,3,0
BRDA:37,2,4,0
BRDA:50,3,0,0
BRDA:50,3,1,0
BRDA:53,4,0,0
BRDA:53,4,1,0
BRDA:61,5,0,0
BRDA:61,5,1,0
BRDA:68,6,0,0
BRDA:68,6,1,0
BRDA:68,7,0,0
BRDA:68,7,1,0
BRDA:69,8,0,0
BRDA:69,8,1,0
BRDA:72,9,0,0
BRDA:72,9,1,0
BRDA:74,10,0,0
BRDA:74,10,1,0
BRDA:76,11,0,0
BRDA:76,11,1,0
BRDA:82,12,0,0
BRDA:82,12,1,0
BRDA:84,13,0,0
BRDA:84,13,1,0
BRDA:88,14,0,0
BRDA:88,14,1,0
BRDA:88,14,2,0
BRDA:95,15,0,0
BRDA:95,15,1,0
BRDA:95,15,2,0
BRDA:116,16,0,0
BRDA:116,16,1,0
BRDA:103,17,0,0
BRDA:103,17,1,0
BRDA:106,18,0,0
BRDA:106,18,1,0
BRDA:108,19,0,0
BRDA:108,19,1,0
BRDA:109,20,0,0
BRDA:109,20,1,0
BRDA:109,20,2,0
BRDA:114,21,0,0
BRDA:114,21,1,0
BRDA:114,22,0,0
BRDA:114,22,1,0
BRDA:116,23,0,0
BRDA:116,23,1,0
BRDA:120,24,0,0
BRDA:120,24,1,0
BRDA:126,25,0,0
BRDA:126,25,1,0
BRDA:127,26,0,0
BRDA:127,26,1,0
BRDA:134,27,0,0
BRDA:134,27,1,0
BRDA:136,28,0,0
BRDA:136,28,1,0
BRDA:139,29,0,0
BRDA:139,29,1,0
BRDA:145,30,0,0
BRDA:145,30,1,0
BRDA:147,31,0,0
BRDA:147,31,1,0
BRDA:149,32,0,0
BRDA:149,32,1,0
BRDA:151,33,0,0
BRDA:151,33,1,0
BRDA:170,34,0,0
BRDA:170,34,1,0
BRDA:196,35,0,0
BRDA:196,35,1,0
BRDA:197,36,0,0
BRDA:197,36,1,0
BRDA:198,37,0,0
BRDA:198,37,1,0
BRDA:200,38,0,0
BRDA:200,38,1,0
BRDA:201,39,0,0
BRDA:201,39,1,0
BRDA:217,40,0,0
BRDA:217,40,1,0
BRDA:216,41,0,0
BRDA:216,41,1,0
BRDA:237,42,0,0
BRDA:237,42,1,0
BRDA:240,43,0,0
BRDA:240,43,1,0
BRDA:243,44,0,0
BRDA:243,44,1,0
BRDA:262,45,0,0
BRDA:262,45,1,0
BRDA:264,46,0,0
BRDA:264,46,1,0
BRDA:266,47,0,0
BRDA:266,47,1,0
BRDA:270,48,0,0
BRDA:270,48,1,0
BRDA:283,49,0,0
BRDA:283,49,1,0
BRF:107
BRH:0
end_of_record
TN:
SF:/Users/tobinnelson/turing/projects-mod-4/nasa-vue/dist/js/webpack:/node_modules/core-js/modules/es7.promise.finally.js
FN:9,(anonymous_9)
FN:13,(anonymous_10)
FN:14,(anonymous_11)
FN:16,(anonymous_12)
FN:17,(anonymous_13)
FNF:5
FNH:0
FNDA:0,(anonymous_9)
FNDA:0,(anonymous_10)
FNDA:0,(anonymous_11)
FNDA:0,(anonymous_12)
FNDA:0,(anonymous_13)
DA:3,0
DA:4,0
DA:5,0
DA:6,0
DA:7,0
DA:9,0
DA:10,0
DA:11,0
DA:12,0
DA:14,0
DA:17,0
LF:11
LH:0
BRDA:10,0,0,0
BRDA:10,0,1,0
BRDA:13,1,0,0
BRDA:13,1,1,0
BRDA:16,2,0,0
BRDA:16,2,1,0
BRF:6
BRH:0
end_of_record
TN:
SF:/Users/tobinnelson/turing/projects-mod-4/nasa-vue/dist/js/webpack:/node_modules/vue-loader/lib/runtime/componentNormalizer.js
FN:7,r
FN:41,(anonymous_42)
FN:65,(anonymous_43)
FN:76,(anonymous_44)
FN:1,(anonymous_45)
FNF:5
FNH:0
FNDA:0,r
FNDA:0,(anonymous_42)
FNDA:0,(anonymous_43)
FNDA:0,(anonymous_44)
FNDA:0,(anonymous_45)
DA:1,0
DA:18,0
DA:43,0
DA:65,0
DA:69,0
DA:70,0
DA:73,0
DA:75,0
DA:76,0
DA:78,0
DA:82,0
DA:83,0
DA:89,0
LF:13
LH:0
BRDA:19,0,0,0
BRDA:19,0,1,0
BRDA:69,1,0,0
BRDA:69,1,1,0
BRDA:23,2,0,0
BRDA:23,2,1,0
BRDA:30,3,0,0
BRDA:30,3,1,0
BRDA:35,4,0,0
BRDA:35,4,1,0
BRDA:41,5,0,0
BRDA:41,5,1,0
BRDA:44,6,0,0
BRDA:44,6,1,0
BRDA:44,6,2,0
BRDA:44,6,3,0
BRDA:44,6,4,0
BRDA:44,6,5,0
BRDA:48,7,0,0
BRDA:48,7,1,0
BRDA:48,7,2,0
BRDA:52,8,0,0
BRDA:52,8,1,0
BRDA:56,9,0,0
BRDA:56,9,1,0
BRDA:56,9,2,0
BRDA:63,10,0,0
BRDA:63,10,1,0
BRDA:65,11,0,0
BRDA:65,11,1,0
BRDA:70,12,0,0
BRDA:70,12,1,0
BRDA:84,13,0,0
BRDA:84,13,1,0
BRF:34
BRH:0
end_of_record
TN:
SF:/Users/tobinnelson/turing/projects-mod-4/nasa-vue/dist/js/webpack:/node_modules/vue-resource/dist/vue-resource.esm.js
FN:15,a
FN:24,(anonymous_48)
FN:26,(anonymous_49)
FN:34,(anonymous_50)
FN:35,(anonymous_51)
FN:40,(anonymous_52)
FN:41,(anonymous_53)
FN:46,(anonymous_54)
FN:47,(anonymous_55)
FN:54,i
FN:55,(anonymous_57)
FN:71,(anonymous_58)
FN:72,(anonymous_59)
FN:191,c
FN:81,(anonymous_61)
FN:95,(anonymous_62)
FN:101,(anonymous_63)
FN:122,(anonymous_64)
FN:136,(anonymous_65)
FN:139,(anonymous_66)
FN:170,(anonymous_67)
FN:173,(anonymous_68)
FN:179,(anonymous_69)
FN:202,(anonymous_70)
FN:206,(anonymous_71)
FN:210,(anonymous_72)
FN:214,(anonymous_73)
FN:220,(anonymous_74)
FN:225,(anonymous_75)
FN:238,(anonymous_76)
FN:247,(anonymous_77)
FN:249,(anonymous_78)
FN:252,(anonymous_79)
FN:271,m
FN:279,g
FN:285,b
FN:291,_
FN:295,w
FN:299,x
FN:312,C
FN:316,O
FN:322,k
FN:326,$
FN:330,j
FN:334,E
FN:338,T
FN:342,S
FN:346,P
FN:357,R
FN:368,I
FN:389,M
FN:393,(anonymous_98)
FN:400,D
FN:404,(anonymous_100)
FN:417,N
FN:421,(anonymous_102)
FN:428,U
FN:448,F
FN:463,B
FN:467,(anonymous_106)
FN:486,H
FN:497,q
FN:503,(anonymous_109)
FN:504,(anonymous_110)
FN:514,(anonymous_111)
FN:543,V
FN:559,(anonymous_113)
FN:563,(anonymous_114)
FN:573,(anonymous_115)
FN:577,(anonymous_116)
FN:605,z
FN:609,W
FN:613,X
FN:624,K
FN:625,(anonymous_121)
FN:637,J
FN:641,(anonymous_123)
FN:652,G
FN:662,(anonymous_125)
FN:751,Q
FN:752,(anonymous_127)
FN:757,Y
FN:761,(anonymous_129)
FN:783,Z
FN:784,(anonymous_131)
FN:786,(anonymous_132)
FN:801,(anonymous_133)
FN:813,(anonymous_134)
FN:700,(anonymous_135)
FN:704,(anonymous_136)
FN:728,(anonymous_137)
FN:824,et
FN:848,nt
FN:863,rt
FN:871,(anonymous_141)
FN:873,(anonymous_142)
FN:896,ot
FN:908,it
FN:909,(anonymous_145)
FN:913,(anonymous_146)
FN:933,(anonymous_147)
FN:937,(anonymous_148)
FN:962,at
FN:974,st
FN:986,ct
FN:999,ut
FN:1006,(anonymous_153)
FN:1018,ft
FN:1019,(anonymous_155)
FN:1021,(anonymous_156)
FN:1029,(anonymous_157)
FN:1036,(anonymous_158)
FN:1074,(anonymous_159)
FN:1090,lt
FN:1094,(anonymous_161)
FN:1101,(anonymous_162)
FN:1105,(anonymous_163)
FN:1112,(anonymous_164)
FN:1118,(anonymous_165)
FN:1126,pt
FN:1134,r
FN:1143,(anonymous_168)
FN:1146,(anonymous_169)
FN:1148,(anonymous_170)
FN:1149,(anonymous_171)
FN:1169,(anonymous_172)
FN:1176,dt
FN:1187,(anonymous_174)
FN:1193,(anonymous_175)
FN:1242,vt
FN:1243,(anonymous_177)
FN:1248,yt
FN:1196,(anonymous_179)
FN:1200,(anonymous_180)
FN:1207,(anonymous_181)
FN:1211,(anonymous_182)
FN:1215,(anonymous_183)
FN:1226,(anonymous_184)
FN:1230,(anonymous_185)
FN:1234,(anonymous_186)
FN:1237,(anonymous_187)
FN:1238,(anonymous_188)
FN:1261,(anonymous_189)
FN:1313,gt
FN:1314,(anonymous_191)
FN:1319,(anonymous_192)
FN:1326,bt
FN:1289,(anonymous_194)
FN:1293,(anonymous_195)
FN:1297,(anonymous_196)
FN:1298,(anonymous_197)
FN:1303,(anonymous_198)
FN:1307,(anonymous_199)
FN:1334,(anonymous_200)
FN:1348,(anonymous_201)
FN:1352,(anonymous_202)
FN:1356,(anonymous_203)
FN:1367,Ct
FN:1373,(anonymous_205)
FN:1385,(anonymous_206)
FN:1389,(anonymous_207)
FN:1433,Ot
FN:1442,(anonymous_209)
FN:1446,(anonymous_210)
FN:1454,At
FN:1507,kt
FN:1523,(anonymous_213)
FN:1529,(anonymous_214)
FN:1535,(anonymous_215)
FN:1541,(anonymous_216)
FN:1544,(anonymous_217)
FN:1413,(anonymous_218)
FN:1415,(anonymous_219)
FN:1421,(anonymous_220)
FN:1423,(anonymous_221)
FNF:175
FNH:0
FNDA:0,a
FNDA:0,(anonymous_48)
FNDA:0,(anonymous_49)
FNDA:0,(anonymous_50)
FNDA:0,(anonymous_51)
FNDA:0,(anonymous_52)
FNDA:0,(anonymous_53)
FNDA:0,(anonymous_54)
FNDA:0,(anonymous_55)
FNDA:0,i
FNDA:0,(anonymous_57)
FNDA:0,(anonymous_58)
FNDA:0,(anonymous_59)
FNDA:0,c
FNDA:0,(anonymous_61)
FNDA:0,(anonymous_62)
FNDA:0,(anonymous_63)
FNDA:0,(anonymous_64)
FNDA:0,(anonymous_65)
FNDA:0,(anonymous_66)
FNDA:0,(anonymous_67)
FNDA:0,(anonymous_68)
FNDA:0,(anonymous_69)
FNDA:0,(anonymous_70)
FNDA:0,(anonymous_71)
FNDA:0,(anonymous_72)
FNDA:0,(anonymous_73)
FNDA:0,(anonymous_74)
FNDA:0,(anonymous_75)
FNDA:0,(anonymous_76)
FNDA:0,(anonymous_77)
FNDA:0,(anonymous_78)
FNDA:0,(anonymous_79)
FNDA:0,m
FNDA:0,g
FNDA:0,b
FNDA:0,_
FNDA:0,w
FNDA:0,x
FNDA:0,C
FNDA:0,O
FNDA:0,k
FNDA:0,$
FNDA:0,j
FNDA:0,E
FNDA:0,T
FNDA:0,S
FNDA:0,P
FNDA:0,R
FNDA:0,I
FNDA:0,M
FNDA:0,(anonymous_98)
FNDA:0,D
FNDA:0,(anonymous_100)
FNDA:0,N
FNDA:0,(anonymous_102)
FNDA:0,U
FNDA:0,F
FNDA:0,B
FNDA:0,(anonymous_106)
FNDA:0,H
FNDA:0,q
FNDA:0,(anonymous_109)
FNDA:0,(anonymous_110)
FNDA:0,(anonymous_111)
FNDA:0,V
FNDA:0,(anonymous_113)
FNDA:0,(anonymous_114)
FNDA:0,(anonymous_115)
FNDA:0,(anonymous_116)
FNDA:0,z
FNDA:0,W
FNDA:0,X
FNDA:0,K
FNDA:0,(anonymous_121)
FNDA:0,J
FNDA:0,(anonymous_123)
FNDA:0,G
FNDA:0,(anonymous_125)
FNDA:0,Q
FNDA:0,(anonymous_127)
FNDA:0,Y
FNDA:0,(anonymous_129)
FNDA:0,Z
FNDA:0,(anonymous_131)
FNDA:0,(anonymous_132)
FNDA:0,(anonymous_133)
FNDA:0,(anonymous_134)
FNDA:0,(anonymous_135)
FNDA:0,(anonymous_136)
FNDA:0,(anonymous_137)
FNDA:0,et
FNDA:0,nt
FNDA:0,rt
FNDA:0,(anonymous_141)
FNDA:0,(anonymous_142)
FNDA:0,ot
FNDA:0,it
FNDA:0,(anonymous_145)
FNDA:0,(anonymous_146)
FNDA:0,(anonymous_147)
FNDA:0,(anonymous_148)
FNDA:0,at
FNDA:0,st
FNDA:0,ct
FNDA:0,ut
FNDA:0,(anonymous_153)
FNDA:0,ft
FNDA:0,(anonymous_155)
FNDA:0,(anonymous_156)
FNDA:0,(anonymous_157)
FNDA:0,(anonymous_158)
FNDA:0,(anonymous_159)
FNDA:0,lt
FNDA:0,(anonymous_161)
FNDA:0,(anonymous_162)
FNDA:0,(anonymous_163)
FNDA:0,(anonymous_164)
FNDA:0,(anonymous_165)
FNDA:0,pt
FNDA:0,r
FNDA:0,(anonymous_168)
FNDA:0,(anonymous_169)
FNDA:0,(anonymous_170)
FNDA:0,(anonymous_171)
FNDA:0,(anonymous_172)
FNDA:0,dt
FNDA:0,(anonymous_174)
FNDA:0,(anonymous_175)
FNDA:0,vt
FNDA:0,(anonymous_177)
FNDA:0,yt
FNDA:0,(anonymous_179)
FNDA:0,(anonymous_180)
FNDA:0,(anonymous_181)
FNDA:0,(anonymous_182)
FNDA:0,(anonymous_183)
FNDA:0,(anonymous_184)
FNDA:0,(anonymous_185)
FNDA:0,(anonymous_186)
FNDA:0,(anonymous_187)
FNDA:0,(anonymous_188)
FNDA:0,(anonymous_189)
FNDA:0,gt
FNDA:0,(anonymous_191)
FNDA:0,(anonymous_192)
FNDA:0,bt
FNDA:0,(anonymous_194)
FNDA:0,(anonymous_195)
FNDA:0,(anonymous_196)
FNDA:0,(anonymous_197)
FNDA:0,(anonymous_198)
FNDA:0,(anonymous_199)
FNDA:0,(anonymous_200)
FNDA:0,(anonymous_201)
FNDA:0,(anonymous_202)
FNDA:0,(anonymous_203)
FNDA:0,Ct
FNDA:0,(anonymous_205)
FNDA:0,(anonymous_206)
FNDA:0,(anonymous_207)
FNDA:0,Ot
FNDA:0,(anonymous_209)
FNDA:0,(anonymous_210)
FNDA:0,At
FNDA:0,kt
FNDA:0,(anonymous_213)
FNDA:0,(anonymous_214)
FNDA:0,(anonymous_215)
FNDA:0,(anonymous_216)
FNDA:0,(anonymous_217)
FNDA:0,(anonymous_218)
FNDA:0,(anonymous_219)
FNDA:0,(anonymous_220)
FNDA:0,(anonymous_221)
DA:11,0
DA:12,0
DA:13,0
DA:17,0
DA:21,0
DA:23,0
DA:24,0
DA:25,0
DA:27,0
DA:30,0
DA:34,0
DA:35,0
DA:36,0
DA:41,0
DA:42,0
DA:47,0
DA:48,0
DA:50,0
DA:55,0
DA:56,0
DA:65,0
DA:66,0
DA:72,0
DA:73,0
DA:74,0
DA:79,0
DA:81,0
DA:82,0
DA:84,0
DA:85,0
DA:86,0
DA:89,0
DA:91,0
DA:92,0
DA:94,0
DA:96,0
DA:102,0
DA:107,0
DA:113,0
DA:116,0
DA:123,0
DA:125,0
DA:126,0
DA:127,0
DA:130,0
DA:137,0
DA:139,0
DA:140,0
DA:141,0
DA:142,0
DA:143,0
DA:144,0
DA:145,0
DA:146,0
DA:148,0
DA:149,0
DA:163,0
DA:171,0
DA:173,0
DA:174,0
DA:180,0
DA:193,0
DA:203,0
DA:207,0
DA:211,0
DA:215,0
DA:218,0
DA:220,0
DA:222,0
DA:235,0
DA:244,0
DA:249,0
DA:251,0
DA:254,0
DA:263,0
DA:264,0
DA:265,0
DA:266,0
DA:267,0
DA:269,0
DA:272,0
DA:273,0
DA:275,0
DA:280,0
DA:286,0
DA:292,0
DA:296,0
DA:301,0
DA:313,0
DA:317,0
DA:320,0
DA:323,0
DA:327,0
DA:331,0
DA:335,0
DA:339,0
DA:343,0
DA:348,0
DA:350,0
DA:365,0
DA:372,0
DA:373,0
DA:374,0
DA:376,0
DA:377,0
DA:378,0
DA:384,0
DA:387,0
DA:391,0
DA:394,0
DA:397,0
DA:402,0
DA:406,0
DA:414,0
DA:419,0
DA:422,0
DA:425,0
DA:429,0
DA:430,0
DA:450,0
DA:456,0
DA:465,0
DA:467,0
DA:479,0
DA:488,0
DA:494,0
DA:499,0
DA:501,0
DA:504,0
DA:505,0
DA:507,0
DA:515,0
DA:516,0
DA:520,0
DA:522,0
DA:530,0
DA:532,0
DA:536,0
DA:545,0
DA:547,0
DA:548,0
DA:549,0
DA:557,0
DA:558,0
DA:560,0
DA:564,0
DA:570,0
DA:572,0
DA:574,0
DA:578,0
DA:593,0
DA:602,0
DA:606,0
DA:610,0
DA:617,0
DA:625,0
DA:629,0
DA:639,0
DA:641,0
DA:645,0
DA:654,0
DA:664,0
DA:674,0
DA:681,0
DA:702,0
DA:706,0
DA:719,0
DA:730,0
DA:739,0
DA:752,0
DA:753,0
DA:759,0
DA:761,0
DA:763,0
DA:784,0
DA:786,0
DA:787,0
DA:790,0
DA:792,0
DA:801,0
DA:822,0
DA:826,0
DA:828,0
DA:829,0
DA:831,0
DA:850,0
DA:865,0
DA:871,0
DA:873,0
DA:875,0
DA:877,0
DA:879,0
DA:880,0
DA:882,0
DA:886,0
DA:889,0
DA:898,0
DA:899,0
DA:901,0
DA:909,0
DA:911,0
DA:913,0
DA:914,0
DA:917,0
DA:919,0
DA:934,0
DA:938,0
DA:964,0
DA:976,0
DA:988,0
DA:1001,0
DA:1006,0
DA:1007,0
DA:1019,0
DA:1021,0
DA:1023,0
DA:1029,0
DA:1030,0
DA:1036,0
DA:1075,0
DA:1092,0
DA:1094,0
DA:1096,0
DA:1097,0
DA:1098,0
DA:1099,0
DA:1101,0
DA:1102,0
DA:1107,0
DA:1112,0
DA:1113,0
DA:1118,0
DA:1128,0
DA:1135,0
DA:1137,0
DA:1139,0
DA:1141,0
DA:1143,0
DA:1145,0
DA:1146,0
DA:1148,0
DA:1149,0
DA:1150,0
DA:1159,0
DA:1164,0
DA:1170,0
DA:1173,0
DA:1178,0
DA:1180,0
DA:1187,0
DA:1188,0
DA:1191,0
DA:1193,0
DA:1196,0
DA:1197,0
DA:1202,0
DA:1204,0
DA:1208,0
DA:1212,0
DA:1217,0
DA:1219,0
DA:1226,0
DA:1231,0
DA:1235,0
DA:1237,0
DA:1238,0
DA:1243,0
DA:1244,0
DA:1250,0
DA:1251,0
DA:1254,0
DA:1261,0
DA:1262,0
DA:1263,0
DA:1264,0
DA:1265,0
DA:1268,0
DA:1289,0
DA:1290,0
DA:1294,0
DA:1298,0
DA:1304,0
DA:1308,0
DA:1314,0
DA:1316,0
DA:1318,0
DA:1320,0
DA:1327,0
DA:1334,0
DA:1336,0
DA:1348,0
DA:1349,0
DA:1353,0
DA:1357,0
DA:1364,0
DA:1365,0
DA:1369,0
DA:1375,0
DA:1385,0
DA:1387,0
DA:1395,0
DA:1399,0
DA:1415,0
DA:1416,0
DA:1423,0
DA:1424,0
DA:1435,0
DA:1444,0
DA:1447,0
DA:1451,0
DA:1456,0
DA:1458,0
DA:1462,0
DA:1465,0
DA:1469,0
DA:1475,0
DA:1479,0
DA:1483,0
DA:1489,0
DA:1509,0
DA:1524,0
DA:1530,0
DA:1536,0
DA:1542,0
DA:1544,0
LF:325
LH:0
BRDA:59,0,0,0
BRDA:59,0,1,0
BRDA:50,1,0,0
BRDA:50,1,1,0
BRDA:194,2,0,0
BRDA:194,2,1,0
BRDA:84,3,0,0
BRDA:84,3,1,0
BRDA:85,4,0,0
BRDA:85,4,1,0
BRDA:92,5,0,0
BRDA:92,5,1,0
BRDA:94,6,0,0
BRDA:94,6,1,0
BRDA:94,7,0,0
BRDA:94,7,1,0
BRDA:94,7,2,0
BRDA:96,8,0,0
BRDA:96,8,1,0
BRDA:102,9,0,0
BRDA:102,9,1,0
BRDA:110,10,0,0
BRDA:110,10,1,0
BRDA:125,11,0,0
BRDA:125,11,1,0
BRDA:126,12,0,0
BRDA:126,12,1,0
BRDA:140,13,0,0
BRDA:140,13,1,0
BRDA:151,14,0,0
BRDA:151,14,1,0
BRDA:151,15,0,0
BRDA:151,15,1,0
BRDA:155,16,0,0
BRDA:155,16,1,0
BRDA:157,17,0,0
BRDA:157,17,1,0
BRDA:187,18,0,0
BRDA:187,18,1,0
BRDA:227,19,0,0
BRDA:227,19,1,0
BRDA:227,19,2,0
BRDA:227,19,3,0
BRDA:231,20,0,0
BRDA:231,20,1,0
BRDA:231,20,2,0
BRDA:231,20,3,0
BRDA:240,21,0,0
BRDA:240,21,1,0
BRDA:240,21,2,0
BRDA:240,21,3,0
BRDA:276,22,0,0
BRDA:276,22,1,0
BRDA:280,23,0,0
BRDA:280,23,1,0
BRDA:280,23,2,0
BRDA:286,24,0,0
BRDA:286,24,1,0
BRDA:296,25,0,0
BRDA:296,25,1,0
BRDA:302,26,0,0
BRDA:302,26,1,0
BRDA:301,27,0,0
BRDA:301,27,1,0
BRDA:309,28,0,0
BRDA:309,28,1,0
BRDA:305,29,0,0
BRDA:305,29,1,0
BRDA:313,30,0,0
BRDA:313,30,1,0
BRDA:317,31,0,0
BRDA:317,31,1,0
BRDA:331,32,0,0
BRDA:331,32,1,0
BRDA:335,33,0,0
BRDA:335,33,1,0
BRDA:339,34,0,0
BRDA:339,34,1,0
BRDA:343,35,0,0
BRDA:343,35,1,0
BRDA:351,36,0,0
BRDA:351,36,1,0
BRDA:359,37,0,0
BRDA:359,37,1,0
BRDA:361,38,0,0
BRDA:361,38,1,0
BRDA:372,39,0,0
BRDA:372,39,1,0
BRDA:376,40,0,0
BRDA:376,40,1,0
BRDA:378,41,0,0
BRDA:378,41,1,0
BRDA:387,42,0,0
BRDA:387,42,1,0
BRDA:406,43,0,0
BRDA:406,43,1,0
BRDA:431,44,0,0
BRDA:431,44,1,0
BRDA:430,45,0,0
BRDA:430,45,1,0
BRDA:430,45,2,0
BRDA:431,46,0,0
BRDA:431,46,1,0
BRDA:431,46,2,0
BRDA:434,47,0,0
BRDA:434,47,1,0
BRDA:434,47,2,0
BRDA:437,48,0,0
BRDA:437,48,1,0
BRDA:452,49,0,0
BRDA:452,49,1,0
BRDA:452,49,2,0
BRDA:467,50,0,0
BRDA:467,50,1,0
BRDA:475,51,0,0
BRDA:475,51,1,0
BRDA:476,52,0,0
BRDA:476,52,1,0
BRDA:490,53,0,0
BRDA:490,53,1,0
BRDA:505,54,0,0
BRDA:505,54,1,0
BRDA:520,55,0,0
BRDA:520,55,1,0
BRDA:520,56,0,0
BRDA:520,56,1,0
BRDA:516,57,0,0
BRDA:516,57,1,0
BRDA:520,58,0,0
BRDA:520,58,1,0
BRDA:525,59,0,0
BRDA:525,59,1,0
BRDA:526,60,0,0
BRDA:526,60,1,0
BRDA:530,61,0,0
BRDA:530,61,1,0
BRDA:547,62,0,0
BRDA:547,62,1,0
BRDA:547,63,0,0
BRDA:547,63,1,0
BRDA:548,64,0,0
BRDA:548,64,1,0
BRDA:548,65,0,0
BRDA:548,65,1,0
BRDA:548,65,2,0
BRDA:551,66,0,0
BRDA:551,66,1,0
BRDA:551,66,2,0
BRDA:555,67,0,0
BRDA:555,67,1,0
BRDA:557,68,0,0
BRDA:557,68,1,0
BRDA:559,69,0,0
BRDA:559,69,1,0
BRDA:560,70,0,0
BRDA:560,70,1,0
BRDA:564,71,0,0
BRDA:564,71,1,0
BRDA:573,72,0,0
BRDA:573,72,1,0
BRDA:578,73,0,0
BRDA:578,73,1,0
BRDA:586,74,0,0
BRDA:586,74,1,0
BRDA:587,75,0,0
BRDA:587,75,1,0
BRDA:594,76,0,0
BRDA:594,76,1,0
BRDA:597,77,0,0
BRDA:597,77,1,0
BRDA:595,78,0,0
BRDA:595,78,1,0
BRDA:595,78,2,0
BRDA:597,79,0,0
BRDA:597,79,1,0
BRDA:606,80,0,0
BRDA:606,80,1,0
BRDA:610,81,0,0
BRDA:610,81,1,0
BRDA:610,81,2,0
BRDA:615,82,0,0
BRDA:615,82,1,0
BRDA:618,83,0,0
BRDA:618,83,1,0
BRDA:626,84,0,0
BRDA:626,84,1,0
BRDA:654,85,0,0
BRDA:654,85,1,0
BRDA:656,86,0,0
BRDA:656,86,1,0
BRDA:664,87,0,0
BRDA:664,87,1,0
BRDA:668,88,0,0
BRDA:668,88,1,0
BRDA:763,89,0,0
BRDA:763,89,1,0
BRDA:765,90,0,0
BRDA:765,90,1,0
BRDA:766,91,0,0
BRDA:766,91,1,0
BRDA:770,92,0,0
BRDA:770,92,1,0
BRDA:766,93,0,0
BRDA:766,93,1,0
BRDA:772,94,0,0
BRDA:772,94,1,0
BRDA:793,95,0,0
BRDA:793,95,1,0
BRDA:794,96,0,0
BRDA:794,96,1,0
BRDA:805,97,0,0
BRDA:805,97,1,0
BRDA:706,98,0,0
BRDA:706,98,1,0
BRDA:710,99,0,0
BRDA:710,99,1,0
BRDA:732,100,0,0
BRDA:732,100,1,0
BRDA:741,101,0,0
BRDA:741,101,1,0
BRDA:745,102,0,0
BRDA:745,102,1,0
BRDA:746,103,0,0
BRDA:746,103,1,0
BRDA:747,104,0,0
BRDA:747,104,1,0
BRDA:822,105,0,0
BRDA:822,105,1,0
BRDA:826,106,0,0
BRDA:826,106,1,0
BRDA:831,107,0,0
BRDA:831,107,1,0
BRDA:831,107,2,0
BRDA:836,108,0,0
BRDA:836,108,1,0
BRDA:851,109,0,0
BRDA:851,109,1,0
BRDA:852,110,0,0
BRDA:852,110,1,0
BRDA:852,110,2,0
BRDA:865,111,0,0
BRDA:865,111,1,0
BRDA:867,112,0,0
BRDA:867,112,1,0
BRDA:867,112,2,0
BRDA:873,113,0,0
BRDA:873,113,1,0
BRDA:875,114,0,0
BRDA:875,114,1,0
BRDA:877,115,0,0
BRDA:877,115,1,0
BRDA:877,116,0,0
BRDA:877,116,1,0
BRDA:901,117,0,0
BRDA:901,117,1,0
BRDA:911,118,0,0
BRDA:911,118,1,0
BRDA:920,119,0,0
BRDA:920,119,1,0
BRDA:919,120,0,0
BRDA:919,120,1,0
BRDA:921,121,0,0
BRDA:921,121,1,0
BRDA:925,122,0,0
BRDA:925,122,1,0
BRDA:925,122,2,0
BRDA:943,123,0,0
BRDA:943,123,1,0
BRDA:964,124,0,0
BRDA:964,124,1,0
BRDA:976,125,0,0
BRDA:976,125,1,0
BRDA:988,126,0,0
BRDA:988,126,1,0
BRDA:988,126,2,0
BRDA:1002,127,0,0
BRDA:1002,127,1,0
BRDA:1007,128,0,0
BRDA:1007,128,1,0
BRDA:1024,129,0,0
BRDA:1024,129,1,0
BRDA:1025,130,0,0
BRDA:1025,130,1,0
BRDA:1026,131,0,0
BRDA:1026,131,1,0
BRDA:1040,132,0,0
BRDA:1040,132,1,0
BRDA:1044,133,0,0
BRDA:1044,133,1,0
BRDA:1044,133,2,0
BRDA:1048,134,0,0
BRDA:1048,134,1,0
BRDA:1048,134,2,0
BRDA:1052,135,0,0
BRDA:1052,135,1,0
BRDA:1057,136,0,0
BRDA:1057,136,1,0
BRDA:1057,136,2,0
BRDA:1061,137,0,0
BRDA:1061,137,1,0
BRDA:1066,138,0,0
BRDA:1066,138,1,0
BRDA:1066,138,2,0
BRDA:1070,139,0,0
BRDA:1070,139,1,0
BRDA:1070,139,2,0
BRDA:1139,140,0,0
BRDA:1139,140,1,0
BRDA:1145,141,0,0
BRDA:1145,141,1,0
BRDA:1143,142,0,0
BRDA:1143,142,1,0
BRDA:1150,143,0,0
BRDA:1150,143,1,0
BRDA:1159,144,0,0
BRDA:1159,144,1,0
BRDA:1130,145,0,0
BRDA:1130,145,1,0
BRDA:1178,146,0,0
BRDA:1178,146,1,0
BRDA:1244,147,0,0
BRDA:1244,147,1,0
BRDA:1250,148,0,0
BRDA:1250,148,1,0
BRDA:1204,149,0,0
BRDA:1204,149,1,0
BRDA:1208,150,0,0
BRDA:1208,150,1,0
BRDA:1212,151,0,0
BRDA:1212,151,1,0
BRDA:1220,152,0,0
BRDA:1220,152,1,0
BRDA:1269,153,0,0
BRDA:1269,153,1,0
BRDA:1270,154,0,0
BRDA:1270,154,1,0
BRDA:1271,155,0,0
BRDA:1271,155,1,0
BRDA:1277,156,0,0
BRDA:1277,156,1,0
BRDA:1279,157,0,0
BRDA:1279,157,1,0
BRDA:1283,158,0,0
BRDA:1283,158,1,0
BRDA:1327,159,0,0
BRDA:1327,159,1,0
BRDA:1340,160,0,0
BRDA:1340,160,1,0
BRDA:1343,161,0,0
BRDA:1343,161,1,0
BRDA:1357,162,0,0
BRDA:1357,162,1,0
BRDA:1369,163,0,0
BRDA:1369,163,1,0
BRDA:1371,164,0,0
BRDA:1371,164,1,0
BRDA:1375,165,0,0
BRDA:1375,165,1,0
BRDA:1379,166,0,0
BRDA:1379,166,1,0
BRDA:1387,167,0,0
BRDA:1387,167,1,0
BRDA:1391,168,0,0
BRDA:1391,168,1,0
BRDA:1435,169,0,0
BRDA:1435,169,1,0
BRDA:1447,170,0,0
BRDA:1447,170,1,0
BRDA:1460,171,0,0
BRDA:1460,171,1,0
BRDA:1460,171,2,0
BRDA:1460,171,3,0
BRDA:1470,172,0,0
BRDA:1470,172,1,0
BRDA:1509,173,0,0
BRDA:1509,173,1,0
BRDA:1416,174,0,0
BRDA:1416,174,1,0
BRDA:1424,175,0,0
BRDA:1424,175,1,0
BRDA:1551,176,0,0
BRDA:1551,176,1,0
BRDA:1551,176,2,0
BRF:383
BRH:0
end_of_record
TN:
SF:/Users/tobinnelson/turing/projects-mod-4/nasa-vue/dist/js/webpack:/node_modules/vue-router/dist/vue-router.esm.js
FN:14,r
FN:20,o
FN:24,i
FN:40,(anonymous_788)
FN:87,(anonymous_789)
FN:100,(anonymous_790)
FN:123,s
FN:147,(anonymous_792)
FN:153,(anonymous_793)
FN:159,d
FN:180,h
FN:189,(anonymous_796)
FN:208,v
FN:209,(anonymous_798)
FN:222,(anonymous_799)
FN:236,(anonymous_800)
FN:244,m
FN:273,g
FN:292,_
FN:301,w
FN:313,x
FN:336,C
FN:347,(anonymous_807)
FN:358,O
FN:368,A
FN:404,(anonymous_810)
FN:439,(anonymous_811)
FN:451,(anonymous_812)
FN:483,T
FN:502,S
FN:519,P
FN:525,(anonymous_816)
FN:527,(anonymous_817)
FN:535,(anonymous_818)
FN:546,(anonymous_819)
FN:552,(anonymous_820)
FN:556,(anonymous_821)
FN:573,I
FN:615,L
FN:638,M
FN:642,(anonymous_825)
FN:680,V
FN:753,z
FN:763,W
FN:764,(anonymous_829)
FN:775,X
FN:776,(anonymous_831)
FN:784,K
FN:795,(anonymous_833)
FN:871,J
FN:881,G
FN:892,Q
FN:903,Y
FN:914,Z
FN:944,tt
FN:964,et
FN:976,nt
FN:1052,rt
FN:1080,it
FN:1100,at
FN:1113,(anonymous_845)
FN:1133,st
FN:1197,(anonymous_847)
FN:1210,(anonymous_848)
FN:1244,ct
FN:1256,ut
FN:1265,ft
FN:1323,lt
FN:1332,a
FN:1336,s
FN:1351,(anonymous_855)
FN:1352,(anonymous_856)
FN:1384,c
FN:1449,u
FN:1468,f
FN:1488,pt
FN:1513,dt
FN:1521,vt
FN:1525,(anonymous_863)
FN:1533,yt
FN:1553,(anonymous_865)
FN:1562,(anonymous_866)
FN:1564,(anonymous_867)
FN:1575,mt
FN:1585,gt
FN:1592,bt
FN:1602,_t
FN:1606,wt
FN:1613,xt
FN:1620,Ct
FN:1624,Ot
FN:1646,(anonymous_876)
FN:1668,jt
FN:1672,Et
FN:1676,Tt
FN:1680,St
FN:1697,Pt
FN:1703,Rt
FN:1704,(anonymous_883)
FN:1709,(anonymous_884)
FN:1722,It
FN:1723,(anonymous_886)
FN:1728,(anonymous_887)
FN:1738,(anonymous_888)
FN:1753,(anonymous_889)
FN:1788,Lt
FN:1792,(anonymous_891)
FN:1793,(anonymous_892)
FN:1801,Mt
FN:1809,Nt
FN:1817,Ut
FN:1819,(anonymous_896)
FN:1831,(anonymous_897)
FN:1995,Bt
FN:2015,Ht
FN:2033,qt
FN:2039,(anonymous_901)
FN:2043,(anonymous_902)
FN:2050,Vt
FN:2061,zt
FN:2065,Wt
FN:2069,Xt
FN:2071,(anonymous_907)
FN:2077,Kt
FN:2082,(anonymous_909)
FN:2087,Jt
FN:2094,(anonymous_911)
FN:2095,(anonymous_912)
FN:2098,(anonymous_913)
FN:2111,Gt
FN:2123,(anonymous_915)
FN:1843,(anonymous_916)
FN:1847,(anonymous_917)
FN:1858,(anonymous_918)
FN:1862,(anonymous_919)
FN:1866,(anonymous_920)
FN:1874,(anonymous_921)
FN:1876,(anonymous_922)
FN:1882,(anonymous_923)
FN:1887,(anonymous_924)
FN:1891,(anonymous_925)
FN:1894,(anonymous_926)
FN:1924,(anonymous_927)
FN:1930,(anonymous_928)
FN:1935,(anonymous_929)
FN:1964,(anonymous_930)
FN:1966,(anonymous_931)
FN:1971,(anonymous_932)
FN:1978,(anonymous_933)
FN:1979,(anonymous_934)
FN:1986,(anonymous_935)
FN:1990,(anonymous_936)
FN:2131,(anonymous_937)
FN:2132,e
FN:2145,(anonymous_939)
FN:2155,(anonymous_940)
FN:2167,(anonymous_941)
FN:2171,(anonymous_942)
FN:2176,(anonymous_943)
FN:2183,(anonymous_944)
FN:2188,(anonymous_945)
FN:2195,(anonymous_946)
FN:2202,(anonymous_947)
FN:2209,Yt
FN:2219,(anonymous_949)
FN:2220,e
FN:2235,(anonymous_951)
FN:2246,(anonymous_952)
FN:2251,(anonymous_953)
FN:2262,(anonymous_954)
FN:2267,(anonymous_955)
FN:2274,(anonymous_956)
FN:2279,(anonymous_957)
FN:2286,(anonymous_958)
FN:2290,(anonymous_959)
FN:2297,(anonymous_960)
FN:2304,te
FN:2314,ee
FN:2323,ne
FN:2331,re
FN:2338,oe
FN:2346,ie
FN:2356,(anonymous_967)
FN:2357,e
FN:2367,(anonymous_969)
FN:2370,(anonymous_970)
FN:2377,(anonymous_971)
FN:2380,(anonymous_972)
FN:2386,(anonymous_973)
FN:2394,(anonymous_974)
FN:2400,(anonymous_975)
FN:2405,(anonymous_976)
FN:2416,(anonymous_977)
FN:2598,ue
FN:2600,(anonymous_979)
FN:2606,fe
FN:2456,(anonymous_981)
FN:2464,(anonymous_982)
FN:2468,(anonymous_983)
FN:2491,(anonymous_984)
FN:2501,(anonymous_985)
FN:2502,(anonymous_986)
FN:2508,(anonymous_987)
FN:2512,(anonymous_988)
FN:2516,(anonymous_989)
FN:2520,(anonymous_990)
FN:2524,(anonymous_991)
FN:2528,(anonymous_992)
FN:2532,(anonymous_993)
FN:2536,(anonymous_994)
FN:2540,(anonymous_995)
FN:2544,(anonymous_996)
FN:2548,(anonymous_997)
FN:2557,(anonymous_998)
FN:2558,(anonymous_999)
FN:2564,(anonymous_1000)
FN:2589,(anonymous_1001)
FNF:217
FNH:0
FNDA:0,r
FNDA:0,o
FNDA:0,i
FNDA:0,(anonymous_788)
FNDA:0,(anonymous_789)
FNDA:0,(anonymous_790)
FNDA:0,s
FNDA:0,(anonymous_792)
FNDA:0,(anonymous_793)
FNDA:0,d
FNDA:0,h
FNDA:0,(anonymous_796)
FNDA:0,v
FNDA:0,(anonymous_798)
FNDA:0,(anonymous_799)
FNDA:0,(anonymous_800)
FNDA:0,m
FNDA:0,g
FNDA:0,_
FNDA:0,w
FNDA:0,x
FNDA:0,C
FNDA:0,(anonymous_807)
FNDA:0,O
FNDA:0,A
FNDA:0,(anonymous_810)
FNDA:0,(anonymous_811)
FNDA:0,(anonymous_812)
FNDA:0,T
FNDA:0,S
FNDA:0,P
FNDA:0,(anonymous_816)
FNDA:0,(anonymous_817)
FNDA:0,(anonymous_818)
FNDA:0,(anonymous_819)
FNDA:0,(anonymous_820)
FNDA:0,(anonymous_821)
FNDA:0,I
FNDA:0,L
FNDA:0,M
FNDA:0,(anonymous_825)
FNDA:0,V
FNDA:0,z
FNDA:0,W
FNDA:0,(anonymous_829)
FNDA:0,X
FNDA:0,(anonymous_831)
FNDA:0,K
FNDA:0,(anonymous_833)
FNDA:0,J
FNDA:0,G
FNDA:0,Q
FNDA:0,Y
FNDA:0,Z
FNDA:0,tt
FNDA:0,et
FNDA:0,nt
FNDA:0,rt
FNDA:0,it
FNDA:0,at
FNDA:0,(anonymous_845)
FNDA:0,st
FNDA:0,(anonymous_847)
FNDA:0,(anonymous_848)
FNDA:0,ct
FNDA:0,ut
FNDA:0,ft
FNDA:0,lt
FNDA:0,a
FNDA:0,s
FNDA:0,(anonymous_855)
FNDA:0,(anonymous_856)
FNDA:0,c
FNDA:0,u
FNDA:0,f
FNDA:0,pt
FNDA:0,dt
FNDA:0,vt
FNDA:0,(anonymous_863)
FNDA:0,yt
FNDA:0,(anonymous_865)
FNDA:0,(anonymous_866)
FNDA:0,(anonymous_867)
FNDA:0,mt
FNDA:0,gt
FNDA:0,bt
FNDA:0,_t
FNDA:0,wt
FNDA:0,xt
FNDA:0,Ct
FNDA:0,Ot
FNDA:0,(anonymous_876)
FNDA:0,jt
FNDA:0,Et
FNDA:0,Tt
FNDA:0,St
FNDA:0,Pt
FNDA:0,Rt
FNDA:0,(anonymous_883)
FNDA:0,(anonymous_884)
FNDA:0,It
FNDA:0,(anonymous_886)
FNDA:0,(anonymous_887)
FNDA:0,(anonymous_888)
FNDA:0,(anonymous_889)
FNDA:0,Lt
FNDA:0,(anonymous_891)
FNDA:0,(anonymous_892)
FNDA:0,Mt
FNDA:0,Nt
FNDA:0,Ut
FNDA:0,(anonymous_896)
FNDA:0,(anonymous_897)
FNDA:0,Bt
FNDA:0,Ht
FNDA:0,qt
FNDA:0,(anonymous_901)
FNDA:0,(anonymous_902)
FNDA:0,Vt
FNDA:0,zt
FNDA:0,Wt
FNDA:0,Xt
FNDA:0,(anonymous_907)
FNDA:0,Kt
FNDA:0,(anonymous_909)
FNDA:0,Jt
FNDA:0,(anonymous_911)
FNDA:0,(anonymous_912)
FNDA:0,(anonymous_913)
FNDA:0,Gt
FNDA:0,(anonymous_915)
FNDA:0,(anonymous_916)
FNDA:0,(anonymous_917)
FNDA:0,(anonymous_918)
FNDA:0,(anonymous_919)
FNDA:0,(anonymous_920)
FNDA:0,(anonymous_921)
FNDA:0,(anonymous_922)
FNDA:0,(anonymous_923)
FNDA:0,(anonymous_924)
FNDA:0,(anonymous_925)
FNDA:0,(anonymous_926)
FNDA:0,(anonymous_927)
FNDA:0,(anonymous_928)
FNDA:0,(anonymous_929)
FNDA:0,(anonymous_930)
FNDA:0,(anonymous_931)
FNDA:0,(anonymous_932)
FNDA:0,(anonymous_933)
FNDA:0,(anonymous_934)
FNDA:0,(anonymous_935)
FNDA:0,(anonymous_936)
FNDA:0,(anonymous_937)
FNDA:0,e
FNDA:0,(anonymous_939)
FNDA:0,(anonymous_940)
FNDA:0,(anonymous_941)
FNDA:0,(anonymous_942)
FNDA:0,(anonymous_943)
FNDA:0,(anonymous_944)
FNDA:0,(anonymous_945)
FNDA:0,(anonymous_946)
FNDA:0,(anonymous_947)
FNDA:0,Yt
FNDA:0,(anonymous_949)
FNDA:0,e
FNDA:0,(anonymous_951)
FNDA:0,(anonymous_952)
FNDA:0,(anonymous_953)
FNDA:0,(anonymous_954)
FNDA:0,(anonymous_955)
FNDA:0,(anonymous_956)
FNDA:0,(anonymous_957)
FNDA:0,(anonymous_958)
FNDA:0,(anonymous_959)
FNDA:0,(anonymous_960)
FNDA:0,te
FNDA:0,ee
FNDA:0,ne
FNDA:0,re
FNDA:0,oe
FNDA:0,ie
FNDA:0,(anonymous_967)
FNDA:0,e
FNDA:0,(anonymous_969)
FNDA:0,(anonymous_970)
FNDA:0,(anonymous_971)
FNDA:0,(anonymous_972)
FNDA:0,(anonymous_973)
FNDA:0,(anonymous_974)
FNDA:0,(anonymous_975)
FNDA:0,(anonymous_976)
FNDA:0,(anonymous_977)
FNDA:0,ue
FNDA:0,(anonymous_979)
FNDA:0,fe
FNDA:0,(anonymous_981)
FNDA:0,(anonymous_982)
FNDA:0,(anonymous_983)
FNDA:0,(anonymous_984)
FNDA:0,(anonymous_985)
FNDA:0,(anonymous_986)
FNDA:0,(anonymous_987)
FNDA:0,(anonymous_988)
FNDA:0,(anonymous_989)
FNDA:0,(anonymous_990)
FNDA:0,(anonymous_991)
FNDA:0,(anonymous_992)
FNDA:0,(anonymous_993)
FNDA:0,(anonymous_994)
FNDA:0,(anonymous_995)
FNDA:0,(anonymous_996)
FNDA:0,(anonymous_997)
FNDA:0,(anonymous_998)
FNDA:0,(anonymous_999)
FNDA:0,(anonymous_1000)
FNDA:0,(anonymous_1001)
DA:15,0
DA:21,0
DA:25,0
DA:26,0
DA:28,0
DA:31,0
DA:41,0
DA:42,0
DA:43,0
DA:44,0
DA:47,0
DA:51,0
DA:52,0
DA:53,0
DA:54,0
DA:58,0
DA:59,0
DA:60,0
DA:61,0
DA:72,0
DA:73,0
DA:76,0
DA:78,0
DA:80,0
DA:83,0
DA:87,0
DA:89,0
DA:101,0
DA:105,0
DA:106,0
DA:108,0
DA:110,0
DA:111,0
DA:112,0
DA:119,0
DA:124,0
DA:126,0
DA:128,0
DA:130,0
DA:132,0
DA:134,0
DA:146,0
DA:147,0
DA:148,0
DA:153,0
DA:157,0
DA:162,0
DA:166,0
DA:168,0
DA:169,0
DA:172,0
DA:174,0
DA:175,0
DA:177,0
DA:181,0
DA:185,0
DA:190,0
DA:191,0
DA:192,0
DA:194,0
DA:209,0
DA:210,0
DA:212,0
DA:213,0
DA:216,0
DA:217,0
DA:220,0
DA:221,0
DA:222,0
DA:232,0
DA:235,0
DA:236,0
DA:237,0
DA:242,0
DA:250,0
DA:252,0
DA:253,0
DA:254,0
DA:257,0
DA:270,0
DA:274,0
DA:275,0
DA:276,0
DA:277,0
DA:278,0
DA:279,0
DA:281,0
DA:283,0
DA:288,0
DA:293,0
DA:294,0
DA:295,0
DA:298,0
DA:305,0
DA:306,0
DA:307,0
DA:309,0
DA:310,0
DA:314,0
DA:341,0
DA:342,0
DA:343,0
DA:344,0
DA:348,0
DA:349,0
DA:351,0
DA:359,0
DA:369,0
DA:370,0
DA:371,0
DA:374,0
DA:380,0
DA:381,0
DA:383,0
DA:405,0
DA:407,0
DA:408,0
DA:409,0
DA:410,0
DA:411,0
DA:412,0
DA:414,0
DA:415,0
DA:416,0
DA:418,0
DA:421,0
DA:424,0
DA:427,0
DA:430,0
DA:434,0
DA:439,0
DA:440,0
DA:449,0
DA:450,0
DA:451,0
DA:456,0
DA:460,0
DA:461,0
DA:465,0
DA:466,0
DA:468,0
DA:469,0
DA:470,0
DA:471,0
DA:472,0
DA:475,0
DA:479,0
DA:485,0
DA:491,0
DA:492,0
DA:493,0
DA:499,0
DA:503,0
DA:505,0
DA:507,0
DA:508,0
DA:510,0
DA:511,0
DA:520,0
DA:521,0
DA:525,0
DA:527,0
DA:528,0
DA:529,0
DA:534,0
DA:536,0
DA:547,0
DA:552,0
DA:556,0
DA:562,0
DA:564,0
DA:569,0
DA:578,0
DA:579,0
DA:580,0
DA:583,0
DA:584,0
DA:587,0
DA:592,0
DA:598,0
DA:599,0
DA:600,0
DA:612,0
DA:616,0
DA:617,0
DA:619,0
DA:620,0
DA:625,0
DA:631,0
DA:639,0
DA:642,0
DA:643,0
DA:649,0
DA:650,0
DA:651,0
DA:652,0
DA:653,0
DA:660,0
DA:681,0
DA:682,0
DA:683,0
DA:684,0
DA:685,0
DA:688,0
DA:689,0
DA:690,0
DA:691,0
DA:696,0
DA:697,0
DA:701,0
DA:702,0
DA:703,0
DA:704,0
DA:705,0
DA:706,0
DA:707,0
DA:710,0
DA:715,0
DA:716,0
DA:717,0
DA:718,0
DA:719,0
DA:721,0
DA:743,0
DA:754,0
DA:764,0
DA:765,0
DA:776,0
DA:777,0
DA:789,0
DA:790,0
DA:795,0
DA:801,0
DA:802,0
DA:804,0
DA:805,0
DA:810,0
DA:813,0
DA:814,0
DA:816,0
DA:820,0
DA:822,0
DA:826,0
DA:827,0
DA:828,0
DA:831,0
DA:832,0
DA:833,0
DA:835,0
DA:839,0
DA:842,0
DA:843,0
DA:846,0
DA:854,0
DA:855,0
DA:858,0
DA:861,0
DA:872,0
DA:882,0
DA:894,0
DA:904,0
DA:916,0
DA:918,0
DA:919,0
DA:920,0
DA:933,0
DA:947,0
DA:948,0
DA:951,0
DA:953,0
DA:965,0
DA:977,0
DA:989,0
DA:990,0
DA:992,0
DA:993,0
DA:995,0
DA:996,0
DA:998,0
DA:1018,0
DA:1019,0
DA:1037,0
DA:1060,0
DA:1070,0
DA:1078,0
DA:1085,0
DA:1087,0
DA:1089,0
DA:1094,0
DA:1107,0
DA:1109,0
DA:1111,0
DA:1113,0
DA:1114,0
DA:1118,0
DA:1119,0
DA:1126,0
DA:1141,0
DA:1142,0
DA:1152,0
DA:1153,0
DA:1159,0
DA:1163,0
DA:1198,0
DA:1201,0
DA:1205,0
DA:1206,0
DA:1210,0
DA:1211,0
DA:1215,0
DA:1226,0
DA:1245,0
DA:1253,0
DA:1258,0
DA:1271,0
DA:1273,0
DA:1274,0
DA:1278,0
DA:1279,0
DA:1281,0
DA:1282,0
DA:1283,0
DA:1285,0
DA:1286,0
DA:1287,0
DA:1288,0
DA:1291,0
DA:1294,0
DA:1295,0
DA:1296,0
DA:1300,0
DA:1306,0
DA:1311,0
DA:1327,0
DA:1328,0
DA:1329,0
DA:1330,0
DA:1333,0
DA:1341,0
DA:1342,0
DA:1344,0
DA:1345,0
DA:1349,0
DA:1350,0
DA:1351,0
DA:1352,0
DA:1358,0
DA:1359,0
DA:1366,0
DA:1368,0
DA:1370,0
DA:1371,0
DA:1372,0
DA:1373,0
DA:1374,0
DA:1375,0
DA:1376,0
DA:1381,0
DA:1388,0
DA:1389,0
DA:1397,0
DA:1403,0
DA:1406,0
DA:1407,0
DA:1408,0
DA:1409,0
DA:1410,0
DA:1411,0
DA:1416,0
DA:1418,0
DA:1422,0
DA:1429,0
DA:1431,0
DA:1433,0
DA:1435,0
DA:1445,0
DA:1454,0
DA:1455,0
DA:1459,0
DA:1460,0
DA:1461,0
DA:1463,0
DA:1465,0
DA:1473,0
DA:1482,0
DA:1493,0
DA:1495,0
DA:1496,0
DA:1497,0
DA:1498,0
DA:1501,0
DA:1502,0
DA:1503,0
DA:1504,0
DA:1510,0
DA:1514,0
DA:1519,0
DA:1524,0
DA:1526,0
DA:1539,0
DA:1543,0
DA:1544,0
DA:1554,0
DA:1555,0
DA:1557,0
DA:1563,0
DA:1565,0
DA:1576,0
DA:1577,0
DA:1586,0
DA:1587,0
DA:1588,0
DA:1593,0
DA:1594,0
DA:1595,0
DA:1596,0
DA:1603,0
DA:1607,0
DA:1614,0
DA:1621,0
DA:1625,0
DA:1626,0
DA:1627,0
DA:1628,0
DA:1629,0
DA:1630,0
DA:1632,0
DA:1635,0
DA:1639,0
DA:1646,0
DA:1647,0
DA:1649,0
DA:1662,0
DA:1666,0
DA:1669,0
DA:1673,0
DA:1677,0
DA:1681,0
DA:1684,0
DA:1685,0
DA:1686,0
DA:1693,0
DA:1698,0
DA:1704,0
DA:1705,0
DA:1710,0
DA:1717,0
DA:1723,0
DA:1724,0
DA:1725,0
DA:1726,0
DA:1728,0
DA:1734,0
DA:1735,0
DA:1738,0
DA:1739,0
DA:1753,0
DA:1754,0
DA:1756,0
DA:1765,0
DA:1766,0
DA:1768,0
DA:1770,0
DA:1771,0
DA:1772,0
DA:1775,0
DA:1776,0
DA:1792,0
DA:1793,0
DA:1802,0
DA:1806,0
DA:1810,0
DA:1818,0
DA:1819,0
DA:1820,0
DA:1821,0
DA:1823,0
DA:1825,0
DA:1831,0
DA:1832,0
DA:1843,0
DA:1844,0
DA:1848,0
DA:1859,0
DA:1863,0
DA:1865,0
DA:1866,0
DA:1867,0
DA:1874,0
DA:1877,0
DA:1882,0
DA:1888,0
DA:1890,0
DA:1891,0
DA:1892,0
DA:1894,0
DA:1902,0
DA:1908,0
DA:1911,0
DA:1912,0
DA:1913,0
DA:1914,0
DA:1916,0
DA:1924,0
DA:1929,0
DA:1930,0
DA:1931,0
DA:1932,0
DA:1934,0
DA:1935,0
DA:1960,0
DA:1964,0
DA:1965,0
DA:1966,0
DA:1969,0
DA:1970,0
DA:1971,0
DA:1972,0
DA:1973,0
DA:1975,0
DA:1979,0
DA:1987,0
DA:1988,0
DA:1991,0
DA:1996,0
DA:1997,0
DA:1999,0
DA:2000,0
DA:2004,0
DA:2012,0
DA:2020,0
DA:2021,0
DA:2022,0
DA:2023,0
DA:2026,0
DA:2039,0
DA:2040,0
DA:2041,0
DA:2042,0
DA:2043,0
DA:2047,0
DA:2058,0
DA:2062,0
DA:2066,0
DA:2070,0
DA:2071,0
DA:2072,0
DA:2082,0
DA:2083,0
DA:2094,0
DA:2095,0
DA:2096,0
DA:2104,0
DA:2118,0
DA:2124,0
DA:2131,0
DA:2133,0
DA:2135,0
DA:2137,0
DA:2138,0
DA:2140,0
DA:2144,0
DA:2145,0
DA:2146,0
DA:2150,0
DA:2151,0
DA:2156,0
DA:2168,0
DA:2172,0
DA:2174,0
DA:2175,0
DA:2176,0
DA:2177,0
DA:2184,0
DA:2186,0
DA:2187,0
DA:2188,0
DA:2189,0
DA:2196,0
DA:2197,0
DA:2198,0
DA:2203,0
DA:2206,0
DA:2210,0
DA:2214,0
DA:2219,0
DA:2221,0
DA:2236,0
DA:2238,0
DA:2239,0
DA:2240,0
DA:2242,0
DA:2247,0
DA:2248,0
DA:2252,0
DA:2263,0
DA:2265,0
DA:2266,0
DA:2267,0
DA:2268,0
DA:2275,0
DA:2277,0
DA:2278,0
DA:2279,0
DA:2280,0
DA:2287,0
DA:2291,0
DA:2292,0
DA:2298,0
DA:2301,0
DA:2305,0
DA:2306,0
DA:2310,0
DA:2315,0
DA:2316,0
DA:2326,0
DA:2327,0
DA:2328,0
DA:2332,0
DA:2333,0
DA:2334,0
DA:2335,0
DA:2339,0
DA:2347,0
DA:2356,0
DA:2358,0
DA:2368,0
DA:2370,0
DA:2371,0
DA:2378,0
DA:2380,0
DA:2381,0
DA:2387,0
DA:2389,0
DA:2390,0
DA:2393,0
DA:2394,0
DA:2395,0
DA:2401,0
DA:2402,0
DA:2409,0
DA:2416,0
DA:2427,0
DA:2437,0
DA:2439,0
DA:2440,0
DA:2442,0
DA:2443,0
DA:2445,0
DA:2446,0
DA:2448,0
DA:2454,0
DA:2456,0
DA:2461,0
DA:2465,0
DA:2469,0
DA:2480,0
DA:2484,0
DA:2486,0
DA:2488,0
DA:2489,0
DA:2490,0
DA:2491,0
DA:2492,0
DA:2494,0
DA:2501,0
DA:2502,0
DA:2503,0
DA:2509,0
DA:2513,0
DA:2517,0
DA:2521,0
DA:2525,0
DA:2529,0
DA:2533,0
DA:2537,0
DA:2541,0
DA:2545,0
DA:2549,0
DA:2554,0
DA:2558,0
DA:2559,0
DA:2569,0
DA:2575,0
DA:2576,0
DA:2577,0
DA:2578,0
DA:2579,0
DA:2590,0
DA:2600,0
DA:2601,0
DA:2602,0
DA:2607,0
DA:2608,0
LF:694
LH:0
BRDA:54,0,0,0
BRDA:54,0,1,0
BRDA:60,1,0,0
BRDA:60,1,1,0
BRDA:61,2,0,0
BRDA:61,2,1,0
BRDA:61,2,2,0
BRDA:64,3,0,0
BRDA:64,3,1,0
BRDA:72,4,0,0
BRDA:72,4,1,0
BRDA:78,5,0,0
BRDA:78,5,1,0
BRDA:91,6,0,0
BRDA:91,6,1,0
BRDA:91,6,2,0
BRDA:91,6,3,0
BRDA:91,6,4,0
BRDA:100,7,0,0
BRDA:100,7,1,0
BRDA:105,8,0,0
BRDA:105,8,1,0
BRDA:106,9,0,0
BRDA:106,9,1,0
BRDA:110,10,0,0
BRDA:110,10,1,0
BRDA:112,11,0,0
BRDA:112,11,1,0
BRDA:112,11,2,0
BRDA:125,12,0,0
BRDA:125,12,1,0
BRDA:125,12,2,0
BRDA:125,12,3,0
BRDA:125,12,4,0
BRDA:132,13,0,0
BRDA:132,13,1,0
BRDA:162,14,0,0
BRDA:162,14,1,0
BRDA:166,15,0,0
BRDA:166,15,1,0
BRDA:169,16,0,0
BRDA:169,16,1,0
BRDA:189,17,0,0
BRDA:189,17,1,0
BRDA:193,18,0,0
BRDA:193,18,1,0
BRDA:197,19,0,0
BRDA:197,19,1,0
BRDA:199,20,0,0
BRDA:199,20,1,0
BRDA:209,21,0,0
BRDA:209,21,1,0
BRDA:212,22,0,0
BRDA:212,22,1,0
BRDA:216,23,0,0
BRDA:216,23,1,0
BRDA:220,24,0,0
BRDA:220,24,1,0
BRDA:222,25,0,0
BRDA:222,25,1,0
BRDA:227,26,0,0
BRDA:227,26,1,0
BRDA:237,27,0,0
BRDA:237,27,1,0
BRDA:250,28,0,0
BRDA:250,28,1,0
BRDA:252,29,0,0
BRDA:252,29,1,0
BRDA:258,30,0,0
BRDA:258,30,1,0
BRDA:258,30,2,0
BRDA:259,31,0,0
BRDA:259,31,1,0
BRDA:259,31,2,0
BRDA:260,32,0,0
BRDA:260,32,1,0
BRDA:261,33,0,0
BRDA:261,33,1,0
BRDA:263,34,0,0
BRDA:263,34,1,0
BRDA:265,35,0,0
BRDA:265,35,1,0
BRDA:267,36,0,0
BRDA:267,36,1,0
BRDA:274,37,0,0
BRDA:274,37,1,0
BRDA:276,38,0,0
BRDA:276,38,1,0
BRDA:276,39,0,0
BRDA:276,39,1,0
BRDA:306,40,0,0
BRDA:306,40,1,0
BRDA:307,41,0,0
BRDA:307,41,1,0
BRDA:309,42,0,0
BRDA:309,42,1,0
BRDA:310,43,0,0
BRDA:310,43,1,0
BRDA:315,44,0,0
BRDA:315,44,1,0
BRDA:315,45,0,0
BRDA:315,45,1,0
BRDA:320,46,0,0
BRDA:320,46,1,0
BRDA:318,47,0,0
BRDA:318,47,1,0
BRDA:320,48,0,0
BRDA:320,48,1,0
BRDA:320,48,2,0
BRDA:322,49,0,0
BRDA:322,49,1,0
BRDA:322,49,2,0
BRDA:322,49,3,0
BRDA:322,49,4,0
BRDA:322,50,0,0
BRDA:322,50,1,0
BRDA:341,51,0,0
BRDA:341,51,1,0
BRDA:341,52,0,0
BRDA:341,52,1,0
BRDA:337,53,0,0
BRDA:337,53,1,0
BRDA:338,54,0,0
BRDA:338,54,1,0
BRDA:344,55,0,0
BRDA:344,55,1,0
BRDA:352,56,0,0
BRDA:352,56,1,0
BRDA:351,57,0,0
BRDA:351,57,1,0
BRDA:362,58,0,0
BRDA:362,58,1,0
BRDA:362,58,2,0
BRDA:362,58,3,0
BRDA:370,59,0,0
BRDA:370,59,1,0
BRDA:419,60,0,0
BRDA:419,60,1,0
BRDA:422,61,0,0
BRDA:422,61,1,0
BRDA:425,62,0,0
BRDA:425,62,1,0
BRDA:428,63,0,0
BRDA:428,63,1,0
BRDA:431,64,0,0
BRDA:431,64,1,0
BRDA:436,65,0,0
BRDA:436,65,1,0
BRDA:440,66,0,0
BRDA:440,66,1,0
BRDA:442,67,0,0
BRDA:442,67,1,0
BRDA:451,68,0,0
BRDA:451,68,1,0
BRDA:460,69,0,0
BRDA:460,69,1,0
BRDA:466,70,0,0
BRDA:466,70,1,0
BRDA:485,71,0,0
BRDA:485,71,1,0
BRDA:485,72,0,0
BRDA:485,72,1,0
BRDA:485,72,2,0
BRDA:485,72,3,0
BRDA:485,73,0,0
BRDA:485,73,1,0
BRDA:485,73,2,0
BRDA:485,73,3,0
BRDA:491,74,0,0
BRDA:491,74,1,0
BRDA:491,75,0,0
BRDA:491,75,1,0
BRDA:493,76,0,0
BRDA:493,76,1,0
BRDA:496,77,0,0
BRDA:496,77,1,0
BRDA:503,78,0,0
BRDA:503,78,1,0
BRDA:507,79,0,0
BRDA:507,79,1,0
BRDA:510,80,0,0
BRDA:510,80,1,0
BRDA:510,81,0,0
BRDA:510,81,1,0
BRDA:520,82,0,0
BRDA:520,82,1,0
BRDA:520,83,0,0
BRDA:520,83,1,0
BRDA:529,84,0,0
BRDA:529,84,1,0
BRDA:529,84,2,0
BRDA:529,84,3,0
BRDA:537,85,0,0
BRDA:537,85,1,0
BRDA:542,86,0,0
BRDA:542,86,1,0
BRDA:542,86,2,0
BRDA:579,87,0,0
BRDA:579,87,1,0
BRDA:583,88,0,0
BRDA:583,88,1,0
BRDA:583,89,0,0
BRDA:583,89,1,0
BRDA:592,90,0,0
BRDA:592,90,1,0
BRDA:592,90,2,0
BRDA:601,91,0,0
BRDA:601,91,1,0
BRDA:602,92,0,0
BRDA:602,92,1,0
BRDA:608,93,0,0
BRDA:608,93,1,0
BRDA:620,94,0,0
BRDA:620,94,1,0
BRDA:626,95,0,0
BRDA:626,95,1,0
BRDA:642,96,0,0
BRDA:642,96,1,0
BRDA:685,97,0,0
BRDA:685,97,1,0
BRDA:685,97,2,0
BRDA:696,98,0,0
BRDA:696,98,1,0
BRDA:710,99,0,0
BRDA:710,99,1,0
BRDA:715,100,0,0
BRDA:715,100,1,0
BRDA:715,100,2,0
BRDA:716,101,0,0
BRDA:716,101,1,0
BRDA:717,102,0,0
BRDA:717,102,1,0
BRDA:718,103,0,0
BRDA:718,103,1,0
BRDA:719,104,0,0
BRDA:719,104,1,0
BRDA:722,105,0,0
BRDA:722,105,1,0
BRDA:723,106,0,0
BRDA:723,106,1,0
BRDA:729,107,0,0
BRDA:729,107,1,0
BRDA:734,108,0,0
BRDA:734,108,1,0
BRDA:739,109,0,0
BRDA:739,109,1,0
BRDA:790,110,0,0
BRDA:790,110,1,0
BRDA:804,111,0,0
BRDA:804,111,1,0
BRDA:813,112,0,0
BRDA:813,112,1,0
BRDA:814,113,0,0
BRDA:814,113,1,0
BRDA:816,114,0,0
BRDA:816,114,1,0
BRDA:826,115,0,0
BRDA:826,115,1,0
BRDA:827,116,0,0
BRDA:827,116,1,0
BRDA:831,117,0,0
BRDA:831,117,1,0
BRDA:832,118,0,0
BRDA:832,118,1,0
BRDA:842,119,0,0
BRDA:842,119,1,0
BRDA:846,120,0,0
BRDA:846,120,1,0
BRDA:854,121,0,0
BRDA:854,121,1,0
BRDA:852,122,0,0
BRDA:852,122,1,0
BRDA:904,123,0,0
BRDA:904,123,1,0
BRDA:918,124,0,0
BRDA:918,124,1,0
BRDA:977,125,0,0
BRDA:977,125,1,0
BRDA:978,126,0,0
BRDA:978,126,1,0
BRDA:982,127,0,0
BRDA:982,127,1,0
BRDA:992,128,0,0
BRDA:992,128,1,0
BRDA:1000,129,0,0
BRDA:1000,129,1,0
BRDA:1005,130,0,0
BRDA:1005,130,1,0
BRDA:1008,131,0,0
BRDA:1008,131,1,0
BRDA:1018,132,0,0
BRDA:1018,132,1,0
BRDA:1025,133,0,0
BRDA:1025,133,1,0
BRDA:1026,134,0,0
BRDA:1026,134,1,0
BRDA:1030,135,0,0
BRDA:1030,135,1,0
BRDA:1034,136,0,0
BRDA:1034,136,1,0
BRDA:1034,137,0,0
BRDA:1034,137,1,0
BRDA:1053,138,0,0
BRDA:1053,138,1,0
BRDA:1054,139,0,0
BRDA:1054,139,1,0
BRDA:1058,140,0,0
BRDA:1058,140,1,0
BRDA:1061,141,0,0
BRDA:1061,141,1,0
BRDA:1065,142,0,0
BRDA:1065,142,1,0
BRDA:1087,143,0,0
BRDA:1087,143,1,0
BRDA:1089,144,0,0
BRDA:1089,144,1,0
BRDA:1107,145,0,0
BRDA:1107,145,1,0
BRDA:1109,146,0,0
BRDA:1109,146,1,0
BRDA:1111,147,0,0
BRDA:1111,147,1,0
BRDA:1119,148,0,0
BRDA:1119,148,1,0
BRDA:1152,149,0,0
BRDA:1152,149,1,0
BRDA:1159,150,0,0
BRDA:1159,150,1,0
BRDA:1166,151,0,0
BRDA:1166,151,1,0
BRDA:1173,152,0,0
BRDA:1173,152,1,0
BRDA:1175,153,0,0
BRDA:1175,153,1,0
BRDA:1177,154,0,0
BRDA:1177,154,1,0
BRDA:1205,155,0,0
BRDA:1205,155,1,0
BRDA:1181,156,0,0
BRDA:1181,156,1,0
BRDA:1199,157,0,0
BRDA:1199,157,1,0
BRDA:1207,158,0,0
BRDA:1207,158,1,0
BRDA:1221,159,0,0
BRDA:1221,159,1,0
BRDA:1226,160,0,0
BRDA:1226,160,1,0
BRDA:1231,161,0,0
BRDA:1231,161,1,0
BRDA:1231,161,2,0
BRDA:1257,162,0,0
BRDA:1257,162,1,0
BRDA:1258,163,0,0
BRDA:1258,163,1,0
BRDA:1259,164,0,0
BRDA:1259,164,1,0
BRDA:1271,165,0,0
BRDA:1271,165,1,0
BRDA:1273,166,0,0
BRDA:1273,166,1,0
BRDA:1273,167,0,0
BRDA:1273,167,1,0
BRDA:1278,168,0,0
BRDA:1278,168,1,0
BRDA:1278,169,0,0
BRDA:1278,169,1,0
BRDA:1278,169,2,0
BRDA:1282,170,0,0
BRDA:1282,170,1,0
BRDA:1285,171,0,0
BRDA:1285,171,1,0
BRDA:1294,172,0,0
BRDA:1294,172,1,0
BRDA:1295,173,0,0
BRDA:1295,173,1,0
BRDA:1295,173,2,0
BRDA:1297,174,0,0
BRDA:1297,174,1,0
BRDA:1297,175,0,0
BRDA:1297,175,1,0
BRDA:1303,176,0,0
BRDA:1303,176,1,0
BRDA:1306,177,0,0
BRDA:1306,177,1,0
BRDA:1307,178,0,0
BRDA:1307,178,1,0
BRDA:1307,178,2,0
BRDA:1344,179,0,0
BRDA:1344,179,1,0
BRDA:1349,180,0,0
BRDA:1349,180,1,0
BRDA:1358,181,0,0
BRDA:1358,181,1,0
BRDA:1354,182,0,0
BRDA:1354,182,1,0
BRDA:1358,183,0,0
BRDA:1358,183,1,0
BRDA:1359,184,0,0
BRDA:1359,184,1,0
BRDA:1359,184,2,0
BRDA:1366,185,0,0
BRDA:1366,185,1,0
BRDA:1370,186,0,0
BRDA:1370,186,1,0
BRDA:1375,187,0,0
BRDA:1375,187,1,0
BRDA:1390,188,0,0
BRDA:1390,188,1,0
BRDA:1397,189,0,0
BRDA:1397,189,1,0
BRDA:1393,190,0,0
BRDA:1393,190,1,0
BRDA:1394,191,0,0
BRDA:1394,191,1,0
BRDA:1416,192,0,0
BRDA:1416,192,1,0
BRDA:1412,193,0,0
BRDA:1412,193,1,0
BRDA:1413,194,0,0
BRDA:1413,194,1,0
BRDA:1414,195,0,0
BRDA:1414,195,1,0
BRDA:1429,196,0,0
BRDA:1429,196,1,0
BRDA:1459,197,0,0
BRDA:1459,197,1,0
BRDA:1474,198,0,0
BRDA:1474,198,1,0
BRDA:1473,199,0,0
BRDA:1473,199,1,0
BRDA:1474,200,0,0
BRDA:1474,200,1,0
BRDA:1477,201,0,0
BRDA:1477,201,1,0
BRDA:1476,202,0,0
BRDA:1476,202,1,0
BRDA:1495,203,0,0
BRDA:1495,203,1,0
BRDA:1497,204,0,0
BRDA:1497,204,1,0
BRDA:1503,205,0,0
BRDA:1503,205,1,0
BRDA:1504,206,0,0
BRDA:1504,206,1,0
BRDA:1506,207,0,0
BRDA:1506,207,1,0
BRDA:1514,208,0,0
BRDA:1514,208,1,0
BRDA:1527,209,0,0
BRDA:1527,209,1,0
BRDA:1527,209,2,0
BRDA:1539,210,0,0
BRDA:1539,210,1,0
BRDA:1544,211,0,0
BRDA:1544,211,1,0
BRDA:1555,212,0,0
BRDA:1555,212,1,0
BRDA:1557,213,0,0
BRDA:1557,213,1,0
BRDA:1562,214,0,0
BRDA:1562,214,1,0
BRDA:1577,215,0,0
BRDA:1577,215,1,0
BRDA:1587,216,0,0
BRDA:1587,216,1,0
BRDA:1603,217,0,0
BRDA:1603,217,1,0
BRDA:1608,218,0,0
BRDA:1608,218,1,0
BRDA:1609,219,0,0
BRDA:1609,219,1,0
BRDA:1615,220,0,0
BRDA:1615,220,1,0
BRDA:1616,221,0,0
BRDA:1616,221,1,0
BRDA:1626,222,0,0
BRDA:1626,222,1,0
BRDA:1626,223,0,0
BRDA:1626,223,1,0
BRDA:1628,224,0,0
BRDA:1628,224,1,0
BRDA:1629,225,0,0
BRDA:1629,225,1,0
BRDA:1632,226,0,0
BRDA:1632,226,1,0
BRDA:1635,227,0,0
BRDA:1635,227,1,0
BRDA:1635,227,2,0
BRDA:1639,228,0,0
BRDA:1639,228,1,0
BRDA:1646,229,0,0
BRDA:1646,229,1,0
BRDA:1649,230,0,0
BRDA:1649,230,1,0
BRDA:1649,230,2,0
BRDA:1649,230,3,0
BRDA:1649,230,4,0
BRDA:1649,230,5,0
BRDA:1649,230,6,0
BRDA:1663,231,0,0
BRDA:1663,231,1,0
BRDA:1662,232,0,0
BRDA:1662,232,1,0
BRDA:1662,232,2,0
BRDA:1687,233,0,0
BRDA:1687,233,1,0
BRDA:1693,234,0,0
BRDA:1693,234,1,0
BRDA:1706,235,0,0
BRDA:1706,235,1,0
BRDA:1709,236,0,0
BRDA:1709,236,1,0
BRDA:1734,237,0,0
BRDA:1734,237,1,0
BRDA:1734,238,0,0
BRDA:1734,238,1,0
BRDA:1739,239,0,0
BRDA:1739,239,1,0
BRDA:1744,240,0,0
BRDA:1744,240,1,0
BRDA:1748,241,0,0
BRDA:1748,241,1,0
BRDA:1756,242,0,0
BRDA:1756,242,1,0
BRDA:1758,243,0,0
BRDA:1758,243,1,0
BRDA:1770,244,0,0
BRDA:1770,244,1,0
BRDA:1771,245,0,0
BRDA:1771,245,1,0
BRDA:1776,246,0,0
BRDA:1776,246,1,0
BRDA:1776,246,2,0
BRDA:1784,247,0,0
BRDA:1784,247,1,0
BRDA:1806,248,0,0
BRDA:1806,248,1,0
BRDA:1810,249,0,0
BRDA:1810,249,1,0
BRDA:1810,249,2,0
BRDA:1823,250,0,0
BRDA:1823,250,1,0
BRDA:1996,251,0,0
BRDA:1996,251,1,0
BRDA:1997,252,0,0
BRDA:1997,252,1,0
BRDA:2000,253,0,0
BRDA:2000,253,1,0
BRDA:2000,253,2,0
BRDA:2008,254,0,0
BRDA:2008,254,1,0
BRDA:2022,255,0,0
BRDA:2022,255,1,0
BRDA:2041,256,0,0
BRDA:2041,256,1,0
BRDA:2043,257,0,0
BRDA:2043,257,1,0
BRDA:2047,258,0,0
BRDA:2047,258,1,0
BRDA:2054,259,0,0
BRDA:2054,259,1,0
BRDA:2070,260,0,0
BRDA:2070,260,1,0
BRDA:2097,261,0,0
BRDA:2097,261,1,0
BRDA:2121,262,0,0
BRDA:2121,262,1,0
BRDA:2118,263,0,0
BRDA:2118,263,1,0
BRDA:2122,264,0,0
BRDA:2122,264,1,0
BRDA:1849,265,0,0
BRDA:1849,265,1,0
BRDA:1852,266,0,0
BRDA:1852,266,1,0
BRDA:1868,267,0,0
BRDA:1868,267,1,0
BRDA:1872,268,0,0
BRDA:1872,268,1,0
BRDA:1877,269,0,0
BRDA:1877,269,1,0
BRDA:1880,270,0,0
BRDA:1880,270,1,0
BRDA:1880,270,2,0
BRDA:1892,271,0,0
BRDA:1892,271,1,0
BRDA:1894,272,0,0
BRDA:1894,272,1,0
BRDA:1900,273,0,0
BRDA:1900,273,1,0
BRDA:1902,274,0,0
BRDA:1902,274,1,0
BRDA:1903,275,0,0
BRDA:1903,275,1,0
BRDA:1931,276,0,0
BRDA:1931,276,1,0
BRDA:1938,277,0,0
BRDA:1938,277,1,0
BRDA:1935,278,0,0
BRDA:1935,278,1,0
BRDA:1948,279,0,0
BRDA:1948,279,1,0
BRDA:1941,280,0,0
BRDA:1941,280,1,0
BRDA:1941,280,2,0
BRDA:1941,280,3,0
BRDA:1950,281,0,0
BRDA:1950,281,1,0
BRDA:1949,282,0,0
BRDA:1949,282,1,0
BRDA:1972,283,0,0
BRDA:1972,283,1,0
BRDA:1977,284,0,0
BRDA:1977,284,1,0
BRDA:1989,285,0,0
BRDA:1989,285,1,0
BRDA:1991,286,0,0
BRDA:1991,286,1,0
BRDA:2138,287,0,0
BRDA:2138,287,1,0
BRDA:2140,288,0,0
BRDA:2140,288,1,0
BRDA:2151,289,0,0
BRDA:2151,289,1,0
BRDA:2151,289,2,0
BRDA:2156,290,0,0
BRDA:2156,290,1,0
BRDA:2163,291,0,0
BRDA:2163,291,1,0
BRDA:2164,292,0,0
BRDA:2164,292,1,0
BRDA:2179,293,0,0
BRDA:2179,293,1,0
BRDA:2191,294,0,0
BRDA:2191,294,1,0
BRDA:2196,295,0,0
BRDA:2196,295,1,0
BRDA:2198,296,0,0
BRDA:2198,296,1,0
BRDA:2211,297,0,0
BRDA:2211,297,1,0
BRDA:2211,297,2,0
BRDA:2214,298,0,0
BRDA:2214,298,1,0
BRDA:2223,299,0,0
BRDA:2223,299,1,0
BRDA:2223,299,2,0
BRDA:2229,300,0,0
BRDA:2229,300,1,0
BRDA:2230,301,0,0
BRDA:2230,301,1,0
BRDA:2240,302,0,0
BRDA:2240,302,1,0
BRDA:2242,303,0,0
BRDA:2242,303,1,0
BRDA:2246,304,0,0
BRDA:2246,304,1,0
BRDA:2248,305,0,0
BRDA:2248,305,1,0
BRDA:2252,306,0,0
BRDA:2252,306,1,0
BRDA:2255,307,0,0
BRDA:2255,307,1,0
BRDA:2270,308,0,0
BRDA:2270,308,1,0
BRDA:2282,309,0,0
BRDA:2282,309,1,0
BRDA:2292,310,0,0
BRDA:2292,310,1,0
BRDA:2293,311,0,0
BRDA:2293,311,1,0
BRDA:2306,312,0,0
BRDA:2306,312,1,0
BRDA:2316,313,0,0
BRDA:2316,313,1,0
BRDA:2328,314,0,0
BRDA:2328,314,1,0
BRDA:2334,315,0,0
BRDA:2334,315,1,0
BRDA:2340,316,0,0
BRDA:2340,316,1,0
BRDA:2348,317,0,0
BRDA:2348,317,1,0
BRDA:2363,318,0,0
BRDA:2363,318,1,0
BRDA:2364,319,0,0
BRDA:2364,319,1,0
BRDA:2373,320,0,0
BRDA:2373,320,1,0
BRDA:2382,321,0,0
BRDA:2382,321,1,0
BRDA:2390,322,0,0
BRDA:2390,322,1,0
BRDA:2390,323,0,0
BRDA:2390,323,1,0
BRDA:2402,324,0,0
BRDA:2402,324,1,0
BRDA:2416,325,0,0
BRDA:2416,325,1,0
BRDA:2425,326,0,0
BRDA:2425,326,1,0
BRDA:2427,327,0,0
BRDA:2427,327,1,0
BRDA:2438,328,0,0
BRDA:2438,328,1,0
BRDA:2438,328,2,0
BRDA:2438,328,3,0
BRDA:2428,329,0,0
BRDA:2428,329,1,0
BRDA:2428,329,2,0
BRDA:2429,330,0,0
BRDA:2429,330,1,0
BRDA:2432,331,0,0
BRDA:2432,331,1,0
BRDA:2602,332,0,0
BRDA:2602,332,1,0
BRDA:2607,333,0,0
BRDA:2607,333,1,0
BRDA:2608,334,0,0
BRDA:2608,334,1,0
BRDA:2465,335,0,0
BRDA:2465,335,1,0
BRDA:2480,336,0,0
BRDA:2480,336,1,0
BRDA:2488,337,0,0
BRDA:2488,337,1,0
BRDA:2490,338,0,0
BRDA:2490,338,1,0
BRDA:2550,339,0,0
BRDA:2550,339,1,0
BRDA:2551,340,0,0
BRDA:2551,340,1,0
BRDA:2557,341,0,0
BRDA:2557,341,1,0
BRDA:2571,342,0,0
BRDA:2571,342,1,0
BRDA:2576,343,0,0
BRDA:2576,343,1,0
BRDA:2591,344,0,0
BRDA:2591,344,1,0
BRDA:2614,345,0,0
BRDA:2614,345,1,0
BRDA:2614,345,2,0
BRF:744
BRH:0
end_of_record
TN:
SF:/Users/tobinnelson/turing/projects-mod-4/nasa-vue/dist/js/webpack:/node_modules/vue/dist/vue.runtime.esm.js
FN:12,r
FN:16,o
FN:20,i
FN:24,a
FN:31,s
FN:46,c
FN:63,f
FN:67,l
FN:74,p
FN:82,d
FN:94,h
FN:103,v
FN:113,(anonymous_244)
FN:114,(anonymous_245)
FN:130,m
FN:143,b
FN:150,_
FN:152,(anonymous_249)
FN:162,(anonymous_250)
FN:163,(anonymous_251)
FN:169,(anonymous_252)
FN:177,(anonymous_253)
FN:190,k
FN:191,n
FN:204,$
FN:215,E
FN:228,T
FN:238,S
FN:255,P
FN:260,(anonymous_261)
FN:267,(anonymous_262)
FN:273,L
FN:282,(anonymous_264)
FN:290,(anonymous_265)
FN:313,M
FN:323,D
FN:325,(anonymous_268)
FN:458,H
FN:466,q
FN:479,z
FN:484,(anonymous_272)
FN:518,(anonymous_273)
FN:530,(anonymous_274)
FN:548,st
FN:563,(anonymous_276)
FN:564,t
FN:567,(anonymous_278)
FN:570,(anonymous_279)
FN:573,(anonymous_280)
[...]
BRDA:6157,691,0,0
BRDA:6157,691,1,0
BRDA:6157,691,2,0
BRDA:6165,692,0,0
BRDA:6165,692,1,0
BRDA:6183,693,0,0
BRDA:6183,693,1,0
BRDA:6191,694,0,0
BRDA:6191,694,1,0
BRDA:6197,695,0,0
BRDA:6197,695,1,0
BRDA:6197,696,0,0
BRDA:6197,696,1,0
BRDA:6201,697,0,0
BRDA:6201,697,1,0
BRDA:6209,698,0,0
BRDA:6209,698,1,0
BRDA:6205,699,0,0
BRDA:6205,699,1,0
BRDA:6205,699,2,0
BRDA:6209,700,0,0
BRDA:6209,700,1,0
BRDA:6244,701,0,0
BRDA:6244,701,1,0
BRDA:6239,702,0,0
BRDA:6239,702,1,0
BRDA:6252,703,0,0
BRDA:6252,703,1,0
BRDA:6260,704,0,0
BRDA:6260,704,1,0
BRDA:6275,705,0,0
BRDA:6275,705,1,0
BRDA:6276,706,0,0
BRDA:6276,706,1,0
BRDA:6184,707,0,0
BRDA:6184,707,1,0
BRDA:6298,708,0,0
BRDA:6298,708,1,0
BRDA:6298,708,2,0
BRDA:6324,709,0,0
BRDA:6324,709,1,0
BRDA:6326,710,0,0
BRDA:6326,710,1,0
BRDA:6326,710,2,0
BRDA:6319,711,0,0
BRDA:6319,711,1,0
BRDA:6319,711,2,0
BRDA:6332,712,0,0
BRDA:6332,712,1,0
BRDA:6339,713,0,0
BRDA:6339,713,1,0
BRDA:6353,714,0,0
BRDA:6353,714,1,0
BRDA:6345,715,0,0
BRDA:6345,715,1,0
BRDA:6355,716,0,0
BRDA:6355,716,1,0
BRDA:6370,717,0,0
BRDA:6370,717,1,0
BRDA:6377,718,0,0
BRDA:6377,718,1,0
BRDA:6389,719,0,0
BRDA:6389,719,1,0
BRDA:6393,720,0,0
BRDA:6393,720,1,0
BRDA:6394,721,0,0
BRDA:6394,721,1,0
BRDA:6412,722,0,0
BRDA:6412,722,1,0
BRDA:6412,723,0,0
BRDA:6412,723,1,0
BRDA:6412,723,2,0
BRDA:6412,723,3,0
BRDA:6420,724,0,0
BRDA:6420,724,1,0
BRDA:6421,725,0,0
BRDA:6421,725,1,0
BRDA:6423,726,0,0
BRDA:6423,726,1,0
BRDA:6430,727,0,0
BRDA:6430,727,1,0
BRDA:6437,728,0,0
BRDA:6437,728,1,0
BRDA:6437,728,2,0
BRDA:6437,728,3,0
BRDA:6441,729,0,0
BRDA:6441,729,1,0
BRDA:6443,730,0,0
BRDA:6443,730,1,0
BRDA:6444,731,0,0
BRDA:6444,731,1,0
BRDA:6453,732,0,0
BRDA:6453,732,1,0
BRDA:6457,733,0,0
BRDA:6457,733,1,0
BRDA:6458,734,0,0
BRDA:6458,734,1,0
BRDA:6463,735,0,0
BRDA:6463,735,1,0
BRDA:6462,736,0,0
BRDA:6462,736,1,0
BRDA:6468,737,0,0
BRDA:6468,737,1,0
BRDA:6468,738,0,0
BRDA:6468,738,1,0
BRDA:6470,739,0,0
BRDA:6470,739,1,0
BRDA:6471,740,0,0
BRDA:6471,740,1,0
BRDA:6481,741,0,0
BRDA:6481,741,1,0
BRDA:6488,742,0,0
BRDA:6488,742,1,0
BRDA:6489,743,0,0
BRDA:6489,743,1,0
BRDA:6489,743,2,0
BRDA:6489,743,3,0
BRDA:6489,743,4,0
BRDA:6489,743,5,0
BRDA:6516,744,0,0
BRDA:6516,744,1,0
BRDA:6517,745,0,0
BRDA:6517,745,1,0
BRDA:6517,745,2,0
BRDA:6517,745,3,0
BRDA:6517,745,4,0
BRDA:6532,746,0,0
BRDA:6532,746,1,0
BRDA:6537,747,0,0
BRDA:6537,747,1,0
BRDA:6569,748,0,0
BRDA:6569,748,1,0
BRDA:6571,749,0,0
BRDA:6571,749,1,0
BRDA:6572,750,0,0
BRDA:6572,750,1,0
BRDA:6578,751,0,0
BRDA:6578,751,1,0
BRDA:6579,752,0,0
BRDA:6579,752,1,0
BRDA:6590,753,0,0
BRDA:6590,753,1,0
BRDA:6607,754,0,0
BRDA:6607,754,1,0
BRDA:6618,755,0,0
BRDA:6618,755,1,0
BRDA:6620,756,0,0
BRDA:6620,756,1,0
BRDA:6626,757,0,0
BRDA:6626,757,1,0
BRDA:6626,758,0,0
BRDA:6626,758,1,0
BRDA:6629,759,0,0
BRDA:6629,759,1,0
BRDA:6630,760,0,0
BRDA:6630,760,1,0
BRDA:6645,761,0,0
BRDA:6645,761,1,0
BRDA:6645,762,0,0
BRDA:6645,762,1,0
BRDA:6650,763,0,0
BRDA:6650,763,1,0
BRDA:6651,764,0,0
BRDA:6651,764,1,0
BRDA:6653,765,0,0
BRDA:6653,765,1,0
BRDA:6658,766,0,0
BRDA:6658,766,1,0
BRDA:6667,767,0,0
BRDA:6667,767,1,0
BRDA:6667,768,0,0
BRDA:6667,768,1,0
BRDA:6669,769,0,0
BRDA:6669,769,1,0
BRDA:6668,770,0,0
BRDA:6668,770,1,0
BRDA:6672,771,0,0
BRDA:6672,771,1,0
BRDA:6677,772,0,0
BRDA:6677,772,1,0
BRDA:6682,773,0,0
BRDA:6682,773,1,0
BRDA:6683,774,0,0
BRDA:6683,774,1,0
BRDA:6696,775,0,0
BRDA:6696,775,1,0
BRDA:6696,775,2,0
BRDA:6696,775,3,0
BRDA:6710,776,0,0
BRDA:6710,776,1,0
BRDA:6716,777,0,0
BRDA:6716,777,1,0
BRDA:6717,778,0,0
BRDA:6717,778,1,0
BRDA:6721,779,0,0
BRDA:6721,779,1,0
BRDA:6724,780,0,0
BRDA:6724,780,1,0
BRDA:6743,781,0,0
BRDA:6743,781,1,0
BRDA:6745,782,0,0
BRDA:6745,782,1,0
BRDA:6757,783,0,0
BRDA:6757,783,1,0
BRDA:6764,784,0,0
BRDA:6764,784,1,0
BRDA:6767,785,0,0
BRDA:6767,785,1,0
BRDA:6780,786,0,0
BRDA:6780,786,1,0
BRDA:6785,787,0,0
BRDA:6785,787,1,0
BRDA:6785,787,2,0
BRDA:6785,787,3,0
BRDA:6793,788,0,0
BRDA:6793,788,1,0
BRDA:6799,789,0,0
BRDA:6799,789,1,0
BRDA:6799,789,2,0
BRDA:6812,790,0,0
BRDA:6812,790,1,0
BRDA:6814,791,0,0
BRDA:6814,791,1,0
BRDA:6818,792,0,0
BRDA:6818,792,1,0
BRDA:6837,793,0,0
BRDA:6837,793,1,0
BRDA:6835,794,0,0
BRDA:6835,794,1,0
BRDA:6837,795,0,0
BRDA:6837,795,1,0
BRDA:6843,796,0,0
BRDA:6843,796,1,0
BRDA:6853,797,0,0
BRDA:6853,797,1,0
BRDA:6853,798,0,0
BRDA:6853,798,1,0
BRDA:6853,798,2,0
BRDA:6853,798,3,0
BRDA:6862,799,0,0
BRDA:6862,799,1,0
BRDA:6862,799,2,0
BRDA:6865,800,0,0
BRDA:6865,800,1,0
BRDA:6867,801,0,0
BRDA:6867,801,1,0
BRDA:6873,802,0,0
BRDA:6873,802,1,0
BRDA:6879,803,0,0
BRDA:6879,803,1,0
BRDA:6885,804,0,0
BRDA:6885,804,1,0
BRDA:6887,805,0,0
BRDA:6887,805,1,0
BRDA:6907,806,0,0
BRDA:6907,806,1,0
BRDA:6907,807,0,0
BRDA:6907,807,1,0
BRDA:6912,808,0,0
BRDA:6912,808,1,0
BRDA:6914,809,0,0
BRDA:6914,809,1,0
BRDA:6919,810,0,0
BRDA:6919,810,1,0
BRDA:6920,811,0,0
BRDA:6920,811,1,0
BRDA:6932,812,0,0
BRDA:6932,812,1,0
BRDA:6932,813,0,0
BRDA:6932,813,1,0
BRDA:6937,814,0,0
BRDA:6937,814,1,0
BRDA:6939,815,0,0
BRDA:6939,815,1,0
BRDA:6943,816,0,0
BRDA:6943,816,1,0
BRDA:6947,817,0,0
BRDA:6947,817,1,0
BRDA:6954,818,0,0
BRDA:6954,818,1,0
BRDA:6964,819,0,0
BRDA:6964,819,1,0
BRDA:6968,820,0,0
BRDA:6968,820,1,0
BRDA:6974,821,0,0
BRDA:6974,821,1,0
BRDA:6971,822,0,0
BRDA:6971,822,1,0
BRDA:6976,823,0,0
BRDA:6976,823,1,0
BRDA:6991,824,0,0
BRDA:6991,824,1,0
BRDA:7000,825,0,0
BRDA:7000,825,1,0
BRDA:7000,826,0,0
BRDA:7000,826,1,0
BRDA:7000,826,2,0
BRDA:7006,827,0,0
BRDA:7006,827,1,0
BRDA:7006,827,2,0
BRDA:7018,828,0,0
BRDA:7018,828,1,0
BRDA:7019,829,0,0
BRDA:7019,829,1,0
BRDA:7030,830,0,0
BRDA:7030,830,1,0
BRDA:7031,831,0,0
BRDA:7031,831,1,0
BRDA:7038,832,0,0
BRDA:7038,832,1,0
BRDA:7053,833,0,0
BRDA:7053,833,1,0
BRDA:7054,834,0,0
BRDA:7054,834,1,0
BRDA:7061,835,0,0
BRDA:7061,835,1,0
BRDA:7061,835,2,0
BRDA:7068,836,0,0
BRDA:7068,836,1,0
BRDA:7080,837,0,0
BRDA:7080,837,1,0
BRDA:7081,838,0,0
BRDA:7081,838,1,0
BRDA:7083,839,0,0
BRDA:7083,839,1,0
BRDA:7084,840,0,0
BRDA:7084,840,1,0
BRDA:7092,841,0,0
BRDA:7092,841,1,0
BRDA:7092,842,0,0
BRDA:7092,842,1,0
BRDA:7098,843,0,0
BRDA:7098,843,1,0
BRDA:7098,844,0,0
BRDA:7098,844,1,0
BRDA:7106,845,0,0
BRDA:7106,845,1,0
BRDA:7107,846,0,0
BRDA:7107,846,1,0
BRDA:7111,847,0,0
BRDA:7111,847,1,0
BRDA:7112,848,0,0
BRDA:7112,848,1,0
BRDA:7117,849,0,0
BRDA:7117,849,1,0
BRDA:7152,850,0,0
BRDA:7152,850,1,0
BRDA:7158,851,0,0
BRDA:7158,851,1,0
BRDA:7158,852,0,0
BRDA:7158,852,1,0
BRDA:7158,852,2,0
BRDA:7191,853,0,0
BRDA:7191,853,1,0
BRDA:7196,854,0,0
BRDA:7196,854,1,0
BRDA:7198,855,0,0
BRDA:7198,855,1,0
BRDA:7198,856,0,0
BRDA:7198,856,1,0
BRDA:7198,856,2,0
BRDA:7203,857,0,0
BRDA:7203,857,1,0
BRDA:7202,858,0,0
BRDA:7202,858,1,0
BRDA:7206,859,0,0
BRDA:7206,859,1,0
BRDA:7205,860,0,0
BRDA:7205,860,1,0
BRDA:7209,861,0,0
BRDA:7209,861,1,0
BRDA:7208,862,0,0
BRDA:7208,862,1,0
BRDA:7212,863,0,0
BRDA:7212,863,1,0
BRDA:7212,863,2,0
BRDA:7216,864,0,0
BRDA:7216,864,1,0
BRDA:7215,865,0,0
BRDA:7215,865,1,0
BRDA:7218,866,0,0
BRDA:7218,866,1,0
BRDA:7218,866,2,0
BRDA:7221,867,0,0
BRDA:7221,867,1,0
BRDA:7221,867,2,0
BRDA:7227,868,0,0
BRDA:7227,868,1,0
BRDA:7235,869,0,0
BRDA:7235,869,1,0
BRDA:7239,870,0,0
BRDA:7239,870,1,0
BRDA:7244,871,0,0
BRDA:7244,871,1,0
BRDA:7244,872,0,0
BRDA:7244,872,1,0
BRDA:7247,873,0,0
BRDA:7247,873,1,0
BRDA:7249,874,0,0
BRDA:7249,874,1,0
BRDA:7254,875,0,0
BRDA:7254,875,1,0
BRDA:7258,876,0,0
BRDA:7258,876,1,0
BRDA:7258,876,2,0
BRDA:7259,877,0,0
BRDA:7259,877,1,0
BRDA:7259,877,2,0
BRDA:7259,877,3,0
BRDA:7265,878,0,0
BRDA:7265,878,1,0
BRDA:7270,879,0,0
BRDA:7270,879,1,0
BRDA:7271,880,0,0
BRDA:7271,880,1,0
BRDA:7276,881,0,0
BRDA:7276,881,1,0
BRDA:7278,882,0,0
BRDA:7278,882,1,0
BRDA:7280,883,0,0
BRDA:7280,883,1,0
BRDA:7289,884,0,0
BRDA:7289,884,1,0
BRDA:7290,885,0,0
BRDA:7290,885,1,0
BRDA:7291,886,0,0
BRDA:7291,886,1,0
BRDA:7294,887,0,0
BRDA:7294,887,1,0
BRDA:7294,887,2,0
BRDA:7303,888,0,0
BRDA:7303,888,1,0
BRDA:7309,889,0,0
BRDA:7309,889,1,0
BRDA:7309,890,0,0
BRDA:7309,890,1,0
BRDA:7314,891,0,0
BRDA:7314,891,1,0
BRDA:7330,892,0,0
BRDA:7330,892,1,0
BRDA:7335,893,0,0
BRDA:7335,893,1,0
BRDA:7344,894,0,0
BRDA:7344,894,1,0
BRDA:7344,894,2,0
BRDA:7347,895,0,0
BRDA:7347,895,1,0
BRDA:7352,896,0,0
BRDA:7352,896,1,0
BRDA:7352,897,0,0
BRDA:7352,897,1,0
BRDA:7355,898,0,0
BRDA:7355,898,1,0
BRDA:7358,899,0,0
BRDA:7358,899,1,0
BRDA:7364,900,0,0
BRDA:7364,900,1,0
BRDA:7371,901,0,0
BRDA:7371,901,1,0
BRDA:7371,902,0,0
BRDA:7371,902,1,0
BRDA:7371,902,2,0
BRDA:7376,903,0,0
BRDA:7376,903,1,0
BRDA:7378,904,0,0
BRDA:7378,904,1,0
BRDA:7379,905,0,0
BRDA:7379,905,1,0
BRDA:7384,906,0,0
BRDA:7384,906,1,0
BRDA:7386,907,0,0
BRDA:7386,907,1,0
BRDA:7388,908,0,0
BRDA:7388,908,1,0
BRDA:7396,909,0,0
BRDA:7396,909,1,0
BRDA:7397,910,0,0
BRDA:7397,910,1,0
BRDA:7397,910,2,0
BRDA:7421,911,0,0
BRDA:7421,911,1,0
BRDA:7431,912,0,0
BRDA:7431,912,1,0
BRDA:7437,913,0,0
BRDA:7437,913,1,0
BRDA:7439,914,0,0
BRDA:7439,914,1,0
BRDA:7443,915,0,0
BRDA:7443,915,1,0
BRDA:7447,916,0,0
BRDA:7447,916,1,0
BRDA:7453,917,0,0
BRDA:7453,917,1,0
BRDA:7459,918,0,0
BRDA:7459,918,1,0
BRDA:7489,919,0,0
BRDA:7489,919,1,0
BRDA:7493,920,0,0
BRDA:7493,920,1,0
BRDA:7493,920,2,0
BRDA:7503,921,0,0
BRDA:7503,921,1,0
BRDA:7504,922,0,0
BRDA:7504,922,1,0
BRDA:7503,923,0,0
BRDA:7503,923,1,0
BRDA:7511,924,0,0
BRDA:7511,924,1,0
BRDA:7511,924,2,0
BRDA:7513,925,0,0
BRDA:7513,925,1,0
BRDA:7522,926,0,0
BRDA:7522,926,1,0
BRDA:7530,927,0,0
BRDA:7530,927,1,0
BRDA:7538,928,0,0
BRDA:7538,928,1,0
BRDA:7542,929,0,0
BRDA:7542,929,1,0
BRDA:7543,930,0,0
BRDA:7543,930,1,0
BRDA:7544,931,0,0
BRDA:7544,931,1,0
BRDA:7555,932,0,0
BRDA:7555,932,1,0
BRDA:7555,932,2,0
BRDA:7565,933,0,0
BRDA:7565,933,1,0
BRDA:7565,934,0,0
BRDA:7565,934,1,0
BRDA:7576,935,0,0
BRDA:7576,935,1,0
BRDA:7578,936,0,0
BRDA:7578,936,1,0
BRDA:7582,937,0,0
BRDA:7582,937,1,0
BRDA:7583,938,0,0
BRDA:7583,938,1,0
BRDA:7590,939,0,0
BRDA:7590,939,1,0
BRDA:7601,940,0,0
BRDA:7601,940,1,0
BRDA:7611,941,0,0
BRDA:7611,941,1,0
BRDA:7628,942,0,0
BRDA:7628,942,1,0
BRDA:7626,943,0,0
BRDA:7626,943,1,0
BRDA:7626,943,2,0
BRDA:7636,944,0,0
BRDA:7636,944,1,0
BRDA:7638,945,0,0
BRDA:7638,945,1,0
BRDA:7640,946,0,0
BRDA:7640,946,1,0
BRDA:7639,947,0,0
BRDA:7639,947,1,0
BRDA:7645,948,0,0
BRDA:7645,948,1,0
BRDA:7654,949,0,0
BRDA:7654,949,1,0
BRDA:7656,950,0,0
BRDA:7656,950,1,0
BRDA:7658,951,0,0
BRDA:7658,951,1,0
BRDA:7660,952,0,0
BRDA:7660,952,1,0
BRDA:7669,953,0,0
BRDA:7669,953,1,0
BRDA:7680,954,0,0
BRDA:7680,954,1,0
BRDA:7714,955,0,0
BRDA:7714,955,1,0
BRDA:7716,956,0,0
BRDA:7716,956,1,0
BRDA:7715,957,0,0
BRDA:7715,957,1,0
BRDA:7739,958,0,0
BRDA:7739,958,1,0
BRDA:7748,959,0,0
BRDA:7748,959,1,0
BRDA:7755,960,0,0
BRDA:7755,960,1,0
BRDA:7758,961,0,0
BRDA:7758,961,1,0
BRDA:7771,962,0,0
BRDA:7771,962,1,0
BRDA:7771,963,0,0
BRDA:7771,963,1,0
BRDA:7807,964,0,0
BRDA:7807,964,1,0
BRDA:7815,965,0,0
BRDA:7815,965,1,0
BRDA:7819,966,0,0
BRDA:7819,966,1,0
BRDA:7828,967,0,0
BRDA:7828,967,1,0
BRDA:7829,968,0,0
BRDA:7829,968,1,0
BRDA:7832,969,0,0
BRDA:7832,969,1,0
BRDA:7832,970,0,0
BRDA:7832,970,1,0
BRDA:7835,971,0,0
BRDA:7835,971,1,0
BRDA:7845,972,0,0
BRDA:7845,972,1,0
BRDA:7841,973,0,0
BRDA:7841,973,1,0
BRDA:7841,973,2,0
BRDA:7846,974,0,0
BRDA:7846,974,1,0
BRDA:7846,974,2,0
BRDA:7846,974,3,0
BRDA:7846,974,4,0
BRDA:7846,974,5,0
BRDA:7857,975,0,0
BRDA:7857,975,1,0
BRDA:7865,976,0,0
BRDA:7865,976,1,0
BRDA:7866,977,0,0
BRDA:7866,977,1,0
BRDA:7922,978,0,0
BRDA:7922,978,1,0
BRDA:7923,979,0,0
BRDA:7923,979,1,0
BRDA:7923,980,0,0
BRDA:7923,980,1,0
BRDA:7926,981,0,0
BRDA:7926,981,1,0
BRDA:7935,982,0,0
BRDA:7935,982,1,0
BRDA:7943,983,0,0
BRDA:7943,983,1,0
BRDA:7957,984,0,0
BRDA:7957,984,1,0
BRDA:7957,985,0,0
BRDA:7957,985,1,0
BRDA:7958,986,0,0
BRDA:7958,986,1,0
BRDA:7958,986,2,0
BRDA:7974,987,0,0
BRDA:7974,987,1,0
BRDA:7980,988,0,0
BRDA:7980,988,1,0
BRDA:7980,988,2,0
BRDA:7980,988,3,0
BRDA:7980,988,4,0
BRDA:7996,989,0,0
BRDA:7996,989,1,0
BRDA:8000,990,0,0
BRDA:8000,990,1,0
BRDA:8009,991,0,0
BRDA:8009,991,1,0
BRDA:8024,992,0,0
BRDA:8024,992,1,0
BRDA:8028,993,0,0
BRDA:8028,993,1,0
BRDA:8042,994,0,0
BRDA:8042,994,1,0
BRDA:8042,995,0,0
BRDA:8042,995,1,0
BRDA:8069,996,0,0
BRDA:8069,996,1,0
BRDA:8076,997,0,0
BRDA:8076,997,1,0
BRDA:8082,998,0,0
BRDA:8082,998,1,0
BRDA:8084,999,0,0
BRDA:8084,999,1,0
BRDA:8084,999,2,0
BRF:2197
BRH:0
end_of_record
TN:
SF:/Users/tobinnelson/turing/projects-mod-4/nasa-vue/dist/js/webpack:/src/App.vue
FNF:0
FNH:0
DA:18,0
DA:19,0
LF:2
LH:0
BRF:0
BRH:0
end_of_record
TN:
SF:/Users/tobinnelson/turing/projects-mod-4/nasa-vue/dist/js/webpack:/src/App.vue?18e3
FNF:0
FNH:0
DA:1,0
LF:1
LH:0
BRDA:1,0,0,0
BRDA:1,0,1,0
BRF:2
BRH:0
end_of_record
TN:
SF:/Users/tobinnelson/turing/projects-mod-4/nasa-vue/dist/js/webpack:/src/main.js
FN:11,(anonymous_28)
FNF:1
FNH:0
FNDA:0,(anonymous_28)
DA:6,0
DA:11,0
LF:2
LH:0
BRF:0
BRH:0
end_of_record
TN:
SF:/Users/tobinnelson/turing/projects-mod-4/nasa-vue/dist/js/webpack:/src/router.js
FN:20,(anonymous_26)
FN:27,(anonymous_27)
FNF:2
FNH:0
FNDA:0,(anonymous_26)
FNDA:0,(anonymous_27)
DA:5,0
DA:7,0
DA:20,0
DA:27,0
DA:28,0
LF:5
LH:0
BRF:0
BRH:0
end_of_record
TN:
SF:/Users/tobinnelson/turing/projects-mod-4/nasa-vue/dist/js/webpack:/src/assets/data.js
FNF:0
FNH:0
DA:1,0
DA:126,0
LF:2
LH:0
BRF:0
BRH:0
end_of_record
TN:
SF:/Users/tobinnelson/turing/projects-mod-4/nasa-vue/dist/js/webpack:/src/assets/home-icon.png
FNF:0
FNH:0
DA:1,0
LF:1
LH:0
BRF:0
BRH:0
end_of_record
TN:
SF:/Users/tobinnelson/turing/projects-mod-4/nasa-vue/dist/js/webpack:/src/views/DailyPic.vue
FN:23,(anonymous_4)
FN:30,(anonymous_5)
FN:52,(anonymous_6)
FNF:3
FNH:0
FNDA:0,(anonymous_4)
FNDA:0,(anonymous_5)
FNDA:0,(anonymous_6)
DA:25,0
DA:31,0
DA:32,0
DA:33,0
DA:34,0
DA:48,0
DA:50,0
DA:53,0
DA:54,0
DA:55,0
DA:56,0
DA:61,0
LF:12
LH:0
BRDA:58,0,0,0
BRDA:58,0,1,0
BRDA:59,1,0,0
BRDA:59,1,1,0
BRF:4
BRH:0
end_of_record
TN:
SF:/Users/tobinnelson/turing/projects-mod-4/nasa-vue/dist/js/webpack:/src/views/DailyPic.vue?0b56
FNF:0
FNH:0
DA:1,0
LF:1
LH:0
BRF:0
BRH:0
end_of_record
TN:
SF:/Users/tobinnelson/turing/projects-mod-4/nasa-vue/dist/js/webpack:/src/views/DailyPic.vue?78f4
FN:1,(anonymous_3)
FNF:1
FNH:0
FNDA:0,(anonymous_3)
DA:1,0
DA:2,0
LF:2
LH:0
BRDA:1,0,0,0
BRDA:1,0,1,0
BRF:2
BRH:0
end_of_record
TN:
SF:/Users/tobinnelson/turing/projects-mod-4/nasa-vue/dist/js/webpack:/src/views/DailyPic.vue?875c
FNF:0
FNH:0
DA:20,0
DA:21,0
LF:2
LH:0
BRF:0
BRH:0
end_of_record
TN:
SF:/Users/tobinnelson/turing/projects-mod-4/nasa-vue/dist/js/webpack:/src/views/DailyPic.vue?8955
FNF:0
FNH:0
DA:1,0
LF:1
LH:0
BRF:0
BRH:0
end_of_record
TN:
SF:/Users/tobinnelson/turing/projects-mod-4/nasa-vue/dist/js/webpack:/src/views/Home.vue?12fa
FNF:0
FNH:0
DA:1,0
LF:1
LH:0
BRDA:1,0,0,0
BRDA:1,0,1,0
BRF:2
BRH:0
end_of_record
TN:
SF:/Users/tobinnelson/turing/projects-mod-4/nasa-vue/dist/js/webpack:/src/views/Home.vue?56d4
FN:1,(anonymous_30)
FNF:1
FNH:0
FNDA:0,(anonymous_30)
DA:1,0
LF:1
LH:0
BRF:0
BRH:0
end_of_record
TN:
SF:/Users/tobinnelson/turing/projects-mod-4/nasa-vue/dist/js/webpack:/src/views/Home.vue?c853
FNF:0
FNH:0
DA:9,0
DA:20,0
DA:21,0
LF:3
LH:0
BRF:0
BRH:0
end_of_record
TN:
SF:/Users/tobinnelson/turing/projects-mod-4/nasa-vue/dist/js/webpack:/src/views/MonthlyPics.vue
FN:22,(anonymous_11)
FN:30,(anonymous_12)
FNF:2
FNH:0
FNDA:0,(anonymous_11)
FNDA:0,(anonymous_12)
DA:24,0
DA:31,0
DA:32,0
DA:33,0
DA:47,0
DA:50,0
LF:6
LH:0
BRF:0
BRH:0
end_of_record
TN:
SF:/Users/tobinnelson/turing/projects-mod-4/nasa-vue/dist/js/webpack:/src/views/MonthlyPics.vue?4797
FNF:0
FNH:0
DA:20,0
DA:21,0
LF:2
LH:0
BRF:0
BRH:0
end_of_record
TN:
SF:/Users/tobinnelson/turing/projects-mod-4/nasa-vue/dist/js/webpack:/src/views/MonthlyPics.vue?5993
FNF:0
FNH:0
DA:1,0
LF:1
LH:0
BRF:0
BRH:0
end_of_record
TN:
SF:/Users/tobinnelson/turing/projects-mod-4/nasa-vue/dist/js/webpack:/src/views/MonthlyPics.vue?7593
FNF:0
FNH:0
DA:1,0
LF:1
LH:0
BRF:0
BRH:0
end_of_record
TN:
SF:/Users/tobinnelson/turing/projects-mod-4/nasa-vue/dist/js/webpack:/src/views/MonthlyPics.vue?d55d
FN:1,(anonymous_9)
FN:1,(anonymous_10)
FNF:2
FNH:0
FNDA:0,(anonymous_9)
FNDA:0,(anonymous_10)
DA:1,0
DA:2,0
LF:2
LH:0
BRDA:1,0,0,0
BRDA:1,0,1,0
BRF:2
BRH:0
end_of_record
TN:
SF:/Users/tobinnelson/turing/projects-mod-4/nasa-vue/dist/js/webpack:/webpack/bootstrap
FN:2,t
FN:34,n
FN:69,i
FN:74,c
FN:99,(anonymous_5)
FN:107,(anonymous_6)
FN:126,(anonymous_7)
FN:138,(anonymous_8)
FN:153,(anonymous_9)
FN:169,(anonymous_10)
FN:186,(anonymous_11)
FN:203,(anonymous_12)
FN:210,(anonymous_13)
FN:222,(anonymous_14)
FN:229,(anonymous_15)
FN:234,(anonymous_16)
FN:236,(anonymous_17)
FN:237,(anonymous_18)
FN:243,(anonymous_19)
FN:249,(anonymous_20)
FN:262,(anonymous_21)
FNF:21
FNH:0
FNDA:0,t
FNDA:0,n
FNDA:0,i
FNDA:0,c
FNDA:0,(anonymous_5)
FNDA:0,(anonymous_6)
FNDA:0,(anonymous_7)
FNDA:0,(anonymous_8)
FNDA:0,(anonymous_9)
FNDA:0,(anonymous_10)
FNDA:0,(anonymous_11)
FNDA:0,(anonymous_12)
FNDA:0,(anonymous_13)
FNDA:0,(anonymous_14)
FNDA:0,(anonymous_15)
FNDA:0,(anonymous_16)
FNDA:0,(anonymous_17)
FNDA:0,(anonymous_18)
FNDA:0,(anonymous_19)
FNDA:0,(anonymous_20)
FNDA:0,(anonymous_21)
DA:10,0
DA:11,0
DA:17,0
DA:18,0
DA:22,0
DA:24,0
DA:25,0
DA:32,0
DA:36,0
DA:39,0
DA:40,0
DA:41,0
DA:43,0
DA:48,0
DA:52,0
DA:55,0
DA:62,0
DA:66,0
DA:70,0
DA:77,0
DA:78,0
DA:81,0
DA:94,0
DA:99,0
DA:100,0
DA:104,0
DA:105,0
DA:111,0
DA:112,0
DA:113,0
DA:114,0
DA:116,0
DA:117,0
DA:118,0
DA:120,0
DA:122,0
DA:123,0
DA:127,0
DA:128,0
DA:129,0
DA:136,0
DA:137,0
DA:139,0
DA:145,0
DA:146,0
DA:149,0
DA:150,0
DA:153,0
DA:154,0
DA:156,0
DA:159,0
DA:162,0
DA:171,0
DA:173,0
DA:174,0
DA:175,0
DA:176,0
DA:177,0
DA:178,0
DA:179,0
DA:183,0
DA:186,0
DA:187,0
DA:189,0
DA:193,0
DA:204,0
DA:211,0
DA:224,0
DA:225,0
DA:226,0
DA:229,0
DA:230,0
DA:235,0
DA:236,0
DA:237,0
DA:239,0
DA:243,0
DA:249,0
DA:251,0
DA:252,0
DA:253,0
DA:255,0
DA:256,0
DA:260,0
DA:262,0
LF:85
LH:0
BRDA:12,0,0,0
BRDA:12,0,1,0
BRDA:18,1,0,0
BRDA:18,1,1,0
BRDA:22,2,0,0
BRDA:22,2,1,0
BRDA:29,3,0,0
BRDA:29,3,1,0
BRDA:41,4,0,0
BRDA:41,4,1,0
BRDA:43,5,0,0
BRDA:43,5,1,0
BRDA:70,6,0,0
BRDA:70,6,1,0
BRDA:77,7,0,0
BRDA:77,7,1,0
BRDA:105,8,0,0
BRDA:105,8,1,0
BRDA:106,9,0,0
BRDA:106,9,1,0
BRDA:106,9,2,0
BRDA:113,10,0,0
BRDA:113,10,1,0
BRDA:114,11,0,0
BRDA:114,11,1,0
BRDA:114,12,0,0
BRDA:114,12,1,0
BRDA:114,12,2,0
BRDA:120,13,0,0
BRDA:120,13,1,0
BRDA:120,14,0,0
BRDA:120,14,1,0
BRDA:127,15,0,0
BRDA:127,15,1,0
BRDA:127,15,2,0
BRDA:127,15,3,0
BRDA:146,16,0,0
BRDA:146,16,1,0
BRDA:149,17,0,0
BRDA:149,17,1,0
BRDA:164,18,0,0
BRDA:164,18,1,0
BRDA:174,19,0,0
BRDA:174,19,1,0
BRDA:175,20,0,0
BRDA:175,20,1,0
BRDA:176,21,0,0
BRDA:176,21,1,0
BRDA:177,22,0,0
BRDA:177,22,1,0
BRDA:177,22,2,0
BRDA:204,23,0,0
BRDA:204,23,1,0
BRDA:211,24,0,0
BRDA:211,24,1,0
BRDA:211,24,2,0
BRDA:224,25,0,0
BRDA:224,25,1,0
BRDA:223,26,0,0
BRDA:223,26,1,0
BRDA:225,27,0,0
BRDA:225,27,1,0
BRDA:225,28,0,0
BRDA:225,28,1,0
BRDA:225,28,2,0
BRDA:225,28,3,0
BRDA:229,29,0,0
BRDA:229,29,1,0
BRDA:229,30,0,0
BRDA:229,30,1,0
BRDA:236,31,0,0
BRDA:236,31,1,0
BRDA:235,32,0,0
BRDA:235,32,1,0
BRDA:251,33,0,0
BRDA:251,33,1,0
BRF:76
BRH:0
end_of_record
TN:
SF:/Users/tobinnelson/turing/projects-mod-4/nasa-vue/src/main.js
FN:11,(anonymous_0)
FNF:1
FNH:0
FNDA:0,(anonymous_0)
DA:1,0
DA:2,0
DA:3,0
DA:4,0
DA:6,0
DA:7,0
DA:9,0
DA:11,0
LF:8
LH:0
BRF:0
BRH:0
end_of_record
TN:
SF:/Users/tobinnelson/turing/projects-mod-4/nasa-vue/src/router.js
FN:20,(anonymous_0)
FN:27,(anonymous_2)
FNF:2
FNH:0
FNDA:0,(anonymous_0)
FNDA:0,(anonymous_2)
DA:1,0
DA:2,0
DA:3,0
DA:5,0
DA:20,0
DA:27,0
LF:6
LH:0
BRF:0
BRH:0
end_of_record
TN:
SF:/Users/tobinnelson/turing/projects-mod-4/nasa-vue/src/assets/data.js
FNF:0
FNH:0
DA:1,0
LF:1
LH:0
BRF:0
BRH:0
end_of_record
TN:
SF:/Users/tobinnelson/turing/projects-mod-4/nasa-vue/src/views/DailyPic.vue
FN:30,(anonymous_1)
FN:52,(anonymous_2)
FNF:2
FNH:0
FNDA:0,(anonymous_1)
FNDA:0,(anonymous_2)
DA:21,0
DA:25,0
DA:31,0
DA:32,0
DA:33,0
DA:34,0
DA:48,0
DA:50,0
DA:53,0
DA:54,0
DA:55,0
DA:56,0
DA:58,0
DA:59,0
DA:61,0
LF:15
LH:0
BRDA:58,0,0,0
BRDA:58,0,1,0
BRDA:59,1,0,0
BRDA:59,1,1,0
BRF:4
BRH:0
end_of_record
TN:
SF:/Users/tobinnelson/turing/projects-mod-4/nasa-vue/src/views/MonthlyPics.vue
FN:30,(anonymous_1)
FNF:1
FNH:0
FNDA:0,(anonymous_1)
DA:20,0
DA:24,0
DA:31,0
DA:32,0
DA:33,0
DA:47,0
DA:48,0
DA:50,0
LF:8
LH:0
BRF:0
BRH:0
end_of_record
